<html>
<head>
<title>TestNG:  Test</title>
<link href="../testng.css" rel="stylesheet" type="text/css" />
<link href="../my-testng.css" rel="stylesheet" type="text/css" />

<style type="text/css">
.log { display: none;} 
.stack-trace { display: none;} 
</style>
<script type="text/javascript">
<!--
function flip(e) {
  current = e.style.display;
  if (current == 'block') {
    e.style.display = 'none';
    return 0;
  }
  else {
    e.style.display = 'block';
    return 1;
  }
}

function toggleBox(szDivId, elem, msg1, msg2)
{
  var res = -1;  if (document.getElementById) {
    res = flip(document.getElementById(szDivId));
  }
  else if (document.all) {
    // this is the way old msie versions work
    res = flip(document.all[szDivId]);
  }
  if(elem) {
    if(res == 0) elem.innerHTML = msg1; else elem.innerHTML = msg2;
  }

}

function toggleAllBoxes() {
  if (document.getElementsByTagName) {
    d = document.getElementsByTagName('div');
    for (i = 0; i < d.length; i++) {
      if (d[i].className == 'log') {
        flip(d[i]);
      }
    }
  }
}

// -->
</script>

</head>
<body>
<h2 align='center'>Test</h2><table border='1' align="center">
<tr>
<td>Tests passed/Failed/Skipped:</td><td>58/14/0</td>
</tr><tr>
<td>Started on:</td><td>Tue Sep 23 13:29:25 IST 2025</td>
</tr>
<tr><td>Total time:</td><td>10679 seconds (10679335 ms)</td>
</tr><tr>
<td>Included groups:</td><td></td>
</tr><tr>
<td>Excluded groups:</td><td></td>
</tr>
</table><p/>
<small><i>(Hover the method name to see the test class name)</i></small><p/>
<table width='100%' border='1' class='invocation-failed'>
<tr><td colspan='4' align='center'><b>FAILED TESTS</b></td></tr>
<tr><td><b>Test method</b></td>
<td><b>Attribute(s)</b></td>
<td width="30%"><b>Exception</b></td>
<td width="10%"><b>Time (seconds)</b></td>
<td><b>Instance</b></td>
</tr>
<tr>
<td title='com.Capium.RunnerFiles.CapitalAllowances_CalculatorRunner.runScenario()'><b>runScenario</b><br>Test class: com.Capium.RunnerFiles.CapitalAllowances_CalculatorRunner<br>Test method: Runs Cucumber Scenarios<br>Parameters: "Verify Main pool asset with WDV b/fwd amount by using cancel changes", "Login into Capium Application"</td>
<td><div><pre>org.openqa.selenium.TimeoutException: Expected condition failed: waiting for visibility of element located by By.xpath: //input[@placeholder=&apos;Search here...&apos;] (tried for 15 second(s) with 500 milliseconds interval)
Build info: version: &apos;4.23.0&apos;, revision: &apos;4df0a231af&apos;
System info: os.name: &apos;Windows 11&apos;, os.arch: &apos;amd64&apos;, os.version: &apos;10.0&apos;, java.version: &apos;17.0.12&apos;
Driver info: org.openqa.selenium.chrome.ChromeDriver
Capabilities {acceptInsecureCerts: false, browserName: chrome, browserVersion: 140.0.7339.128, chrome: {chromedriverVersion: 140.0.7339.185 (eeea00e459e..., userDataDir: C:\Users\user\AppData\Local...}, fedcm:accounts: true, goog:chromeOptions: {debuggerAddress: localhost:52337}, networkConnectionEnabled: false, pageLoadStrategy: normal, platformName: windows, proxy: Proxy(), se:cdp: ws://localhost:52337/devtoo..., se:cdpVersion: 140.0.7339.128, setWindowRect: true, strictFileInteractability: false, timeouts: {implicit: 0, pageLoad: 300000, script: 30000}, unhandledPromptBehavior: dismiss and notify, webauthn:extension:credBlob: true, webauthn:extension:largeBlob: true, webauthn:extension:minPinLength: true, webauthn:extension:prf: true, webauthn:virtualAuthenticators: true}
Session ID: 69cdc17689b4d11b65d4efd072be34cd
	at org.openqa.selenium.support.ui.WebDriverWait.timeoutException(WebDriverWait.java:84)
	at org.openqa.selenium.support.ui.FluentWait.until(FluentWait.java:228)
	at com.Capium.Actions.CapitalAllowancesActions.SearchTextfield(CapitalAllowancesActions.java:74)
	at com.Capium.StepDefination.Capital_AllowancesStepDefination.search_a_client_and_verify(Capital_AllowancesStepDefination.java:23)
	at ✽.Search a client and verify(file:///D:/CT%205.0/CorporationTax_5.0/src/test/resources/FeatureFiles/Capital_allowance.feature:58)
</pre></div><a href='#' onClick='toggleBox("stack-trace796756604", this, "Click to show all stack frames", "Click to hide stack frames")'>Click to show all stack frames</a>
<div class='stack-trace' id='stack-trace796756604'><pre>org.openqa.selenium.TimeoutException: Expected condition failed: waiting for visibility of element located by By.xpath: //input[@placeholder=&apos;Search here...&apos;] (tried for 15 second(s) with 500 milliseconds interval)
Build info: version: &apos;4.23.0&apos;, revision: &apos;4df0a231af&apos;
System info: os.name: &apos;Windows 11&apos;, os.arch: &apos;amd64&apos;, os.version: &apos;10.0&apos;, java.version: &apos;17.0.12&apos;
Driver info: org.openqa.selenium.chrome.ChromeDriver
Capabilities {acceptInsecureCerts: false, browserName: chrome, browserVersion: 140.0.7339.128, chrome: {chromedriverVersion: 140.0.7339.185 (eeea00e459e..., userDataDir: C:\Users\user\AppData\Local...}, fedcm:accounts: true, goog:chromeOptions: {debuggerAddress: localhost:52337}, networkConnectionEnabled: false, pageLoadStrategy: normal, platformName: windows, proxy: Proxy(), se:cdp: ws://localhost:52337/devtoo..., se:cdpVersion: 140.0.7339.128, setWindowRect: true, strictFileInteractability: false, timeouts: {implicit: 0, pageLoad: 300000, script: 30000}, unhandledPromptBehavior: dismiss and notify, webauthn:extension:credBlob: true, webauthn:extension:largeBlob: true, webauthn:extension:minPinLength: true, webauthn:extension:prf: true, webauthn:virtualAuthenticators: true}
Session ID: 69cdc17689b4d11b65d4efd072be34cd
	at org.openqa.selenium.support.ui.WebDriverWait.timeoutException(WebDriverWait.java:84)
	at org.openqa.selenium.support.ui.FluentWait.until(FluentWait.java:228)
	at com.Capium.Actions.CapitalAllowancesActions.SearchTextfield(CapitalAllowancesActions.java:74)
	at com.Capium.StepDefination.Capital_AllowancesStepDefination.search_a_client_and_verify(Capital_AllowancesStepDefination.java:23)
	at ✽.Search a client and verify(file:///D:/CT%205.0/CorporationTax_5.0/src/test/resources/FeatureFiles/Capital_allowance.feature:58)
</pre></div></td>
<td>276</td>
<td>com.Capium.RunnerFiles.CapitalAllowances_CalculatorRunner@ba54932</td></tr>
<tr>
<td title='com.Capium.RunnerFiles.CapitalAllowances_CalculatorRunner.runScenario()'><b>runScenario</b><br>Test class: com.Capium.RunnerFiles.CapitalAllowances_CalculatorRunner<br>Test method: Runs Cucumber Scenarios<br>Parameters: "Verify Main pool asset with WDV b/fwd amount by using save", "Login into Capium Application"</td>
<td><div><pre>org.openqa.selenium.TimeoutException: Expected condition failed: waiting for visibility of element located by By.xpath: //input[@placeholder=&apos;Search here...&apos;] (tried for 15 second(s) with 500 milliseconds interval)
Build info: version: &apos;4.23.0&apos;, revision: &apos;4df0a231af&apos;
System info: os.name: &apos;Windows 11&apos;, os.arch: &apos;amd64&apos;, os.version: &apos;10.0&apos;, java.version: &apos;17.0.12&apos;
Driver info: org.openqa.selenium.chrome.ChromeDriver
Capabilities {acceptInsecureCerts: false, browserName: chrome, browserVersion: 140.0.7339.128, chrome: {chromedriverVersion: 140.0.7339.185 (eeea00e459e..., userDataDir: C:\Users\user\AppData\Local...}, fedcm:accounts: true, goog:chromeOptions: {debuggerAddress: localhost:62292}, networkConnectionEnabled: false, pageLoadStrategy: normal, platformName: windows, proxy: Proxy(), se:cdp: ws://localhost:62292/devtoo..., se:cdpVersion: 140.0.7339.128, setWindowRect: true, strictFileInteractability: false, timeouts: {implicit: 0, pageLoad: 300000, script: 30000}, unhandledPromptBehavior: dismiss and notify, webauthn:extension:credBlob: true, webauthn:extension:largeBlob: true, webauthn:extension:minPinLength: true, webauthn:extension:prf: true, webauthn:virtualAuthenticators: true}
Session ID: c726fb28e28efae597def8f32ba7c4be
	at org.openqa.selenium.support.ui.WebDriverWait.timeoutException(WebDriverWait.java:84)
	at org.openqa.selenium.support.ui.FluentWait.until(FluentWait.java:228)
	at com.Capium.Actions.CapitalAllowancesActions.SearchTextfield(CapitalAllowancesActions.java:74)
	at com.Capium.StepDefination.Capital_AllowancesStepDefination.search_a_client_and_verify(Capital_AllowancesStepDefination.java:23)
	at ✽.Search a client and verify(file:///D:/CT%205.0/CorporationTax_5.0/src/test/resources/FeatureFiles/Capital_allowance.feature:1523)
</pre></div><a href='#' onClick='toggleBox("stack-trace431569563", this, "Click to show all stack frames", "Click to hide stack frames")'>Click to show all stack frames</a>
<div class='stack-trace' id='stack-trace431569563'><pre>org.openqa.selenium.TimeoutException: Expected condition failed: waiting for visibility of element located by By.xpath: //input[@placeholder=&apos;Search here...&apos;] (tried for 15 second(s) with 500 milliseconds interval)
Build info: version: &apos;4.23.0&apos;, revision: &apos;4df0a231af&apos;
System info: os.name: &apos;Windows 11&apos;, os.arch: &apos;amd64&apos;, os.version: &apos;10.0&apos;, java.version: &apos;17.0.12&apos;
Driver info: org.openqa.selenium.chrome.ChromeDriver
Capabilities {acceptInsecureCerts: false, browserName: chrome, browserVersion: 140.0.7339.128, chrome: {chromedriverVersion: 140.0.7339.185 (eeea00e459e..., userDataDir: C:\Users\user\AppData\Local...}, fedcm:accounts: true, goog:chromeOptions: {debuggerAddress: localhost:62292}, networkConnectionEnabled: false, pageLoadStrategy: normal, platformName: windows, proxy: Proxy(), se:cdp: ws://localhost:62292/devtoo..., se:cdpVersion: 140.0.7339.128, setWindowRect: true, strictFileInteractability: false, timeouts: {implicit: 0, pageLoad: 300000, script: 30000}, unhandledPromptBehavior: dismiss and notify, webauthn:extension:credBlob: true, webauthn:extension:largeBlob: true, webauthn:extension:minPinLength: true, webauthn:extension:prf: true, webauthn:virtualAuthenticators: true}
Session ID: c726fb28e28efae597def8f32ba7c4be
	at org.openqa.selenium.support.ui.WebDriverWait.timeoutException(WebDriverWait.java:84)
	at org.openqa.selenium.support.ui.FluentWait.until(FluentWait.java:228)
	at com.Capium.Actions.CapitalAllowancesActions.SearchTextfield(CapitalAllowancesActions.java:74)
	at com.Capium.StepDefination.Capital_AllowancesStepDefination.search_a_client_and_verify(Capital_AllowancesStepDefination.java:23)
	at ✽.Search a client and verify(file:///D:/CT%205.0/CorporationTax_5.0/src/test/resources/FeatureFiles/Capital_allowance.feature:1523)
</pre></div></td>
<td>131</td>
<td>com.Capium.RunnerFiles.CapitalAllowances_CalculatorRunner@ba54932</td></tr>
<tr>
<td title='com.Capium.RunnerFiles.CapitalAllowances_CalculatorRunner.runScenario()'><b>runScenario</b><br>Test class: com.Capium.RunnerFiles.CapitalAllowances_CalculatorRunner<br>Test method: Runs Cucumber Scenarios<br>Parameters: "Verify Special rate pool with WDV b/fwd amount and restriction amount", "Login into Capium Application"</td>
<td><div><pre>org.openqa.selenium.TimeoutException: Expected condition failed: waiting for visibility of element located by By.xpath: //input[normalize-space(@formcontrolname)=&apos;WDARate&apos;] (tried for 5 second(s) with 500 milliseconds interval)
Build info: version: &apos;4.23.0&apos;, revision: &apos;4df0a231af&apos;
System info: os.name: &apos;Windows 11&apos;, os.arch: &apos;amd64&apos;, os.version: &apos;10.0&apos;, java.version: &apos;17.0.12&apos;
Driver info: org.openqa.selenium.chrome.ChromeDriver
Capabilities {acceptInsecureCerts: false, browserName: chrome, browserVersion: 140.0.7339.128, chrome: {chromedriverVersion: 140.0.7339.185 (eeea00e459e..., userDataDir: C:\Users\user\AppData\Local...}, fedcm:accounts: true, goog:chromeOptions: {debuggerAddress: localhost:60854}, networkConnectionEnabled: false, pageLoadStrategy: normal, platformName: windows, proxy: Proxy(), se:cdp: ws://localhost:60854/devtoo..., se:cdpVersion: 140.0.7339.128, setWindowRect: true, strictFileInteractability: false, timeouts: {implicit: 0, pageLoad: 300000, script: 30000}, unhandledPromptBehavior: dismiss and notify, webauthn:extension:credBlob: true, webauthn:extension:largeBlob: true, webauthn:extension:minPinLength: true, webauthn:extension:prf: true, webauthn:virtualAuthenticators: true}
Session ID: b9553a3a499859ecdf88aeef66c4f8b1
	at org.openqa.selenium.support.ui.WebDriverWait.timeoutException(WebDriverWait.java:84)
	at org.openqa.selenium.support.ui.FluentWait.until(FluentWait.java:228)
	at com.Capium.Actions.CapitalAllowancesActions.CT600ComputationforrestrictionandWDVwithspecialratepool(CapitalAllowancesActions.java:1811)
	at com.Capium.StepDefination.Capital_AllowancesStepDefination.click_and_verify_ct600_computation_for_restriction_and_wdv_with_special_rate_pool(Capital_AllowancesStepDefination.java:724)
	at ✽.Click and Verify CT600 Computation for restriction and wdv with special rate pool(file:///D:/CT%205.0/CorporationTax_5.0/src/test/resources/FeatureFiles/Capital_allowance.feature:930)
</pre></div><a href='#' onClick='toggleBox("stack-trace1828167548", this, "Click to show all stack frames", "Click to hide stack frames")'>Click to show all stack frames</a>
<div class='stack-trace' id='stack-trace1828167548'><pre>org.openqa.selenium.TimeoutException: Expected condition failed: waiting for visibility of element located by By.xpath: //input[normalize-space(@formcontrolname)=&apos;WDARate&apos;] (tried for 5 second(s) with 500 milliseconds interval)
Build info: version: &apos;4.23.0&apos;, revision: &apos;4df0a231af&apos;
System info: os.name: &apos;Windows 11&apos;, os.arch: &apos;amd64&apos;, os.version: &apos;10.0&apos;, java.version: &apos;17.0.12&apos;
Driver info: org.openqa.selenium.chrome.ChromeDriver
Capabilities {acceptInsecureCerts: false, browserName: chrome, browserVersion: 140.0.7339.128, chrome: {chromedriverVersion: 140.0.7339.185 (eeea00e459e..., userDataDir: C:\Users\user\AppData\Local...}, fedcm:accounts: true, goog:chromeOptions: {debuggerAddress: localhost:60854}, networkConnectionEnabled: false, pageLoadStrategy: normal, platformName: windows, proxy: Proxy(), se:cdp: ws://localhost:60854/devtoo..., se:cdpVersion: 140.0.7339.128, setWindowRect: true, strictFileInteractability: false, timeouts: {implicit: 0, pageLoad: 300000, script: 30000}, unhandledPromptBehavior: dismiss and notify, webauthn:extension:credBlob: true, webauthn:extension:largeBlob: true, webauthn:extension:minPinLength: true, webauthn:extension:prf: true, webauthn:virtualAuthenticators: true}
Session ID: b9553a3a499859ecdf88aeef66c4f8b1
	at org.openqa.selenium.support.ui.WebDriverWait.timeoutException(WebDriverWait.java:84)
	at org.openqa.selenium.support.ui.FluentWait.until(FluentWait.java:228)
	at com.Capium.Actions.CapitalAllowancesActions.CT600ComputationforrestrictionandWDVwithspecialratepool(CapitalAllowancesActions.java:1811)
	at com.Capium.StepDefination.Capital_AllowancesStepDefination.click_and_verify_ct600_computation_for_restriction_and_wdv_with_special_rate_pool(Capital_AllowancesStepDefination.java:724)
	at ✽.Click and Verify CT600 Computation for restriction and wdv with special rate pool(file:///D:/CT%205.0/CorporationTax_5.0/src/test/resources/FeatureFiles/Capital_allowance.feature:930)
</pre></div></td>
<td>110</td>
<td>com.Capium.RunnerFiles.CapitalAllowances_CalculatorRunner@ba54932</td></tr>
<tr>
<td title='com.Capium.RunnerFiles.CapitalAllowances_CalculatorRunner.runScenario()'><b>runScenario</b><br>Test class: com.Capium.RunnerFiles.CapitalAllowances_CalculatorRunner<br>Test method: Runs Cucumber Scenarios<br>Parameters: "Verify Main pool asset with WDV b/fwd amount and  disposed amount", "Login into Capium Application"</td>
<td><div><pre>org.openqa.selenium.TimeoutException: Expected condition failed: waiting for visibility of element located by By.xpath: //input[@placeholder=&apos;Search here...&apos;] (tried for 15 second(s) with 500 milliseconds interval)
Build info: version: &apos;4.23.0&apos;, revision: &apos;4df0a231af&apos;
System info: os.name: &apos;Windows 11&apos;, os.arch: &apos;amd64&apos;, os.version: &apos;10.0&apos;, java.version: &apos;17.0.12&apos;
Driver info: org.openqa.selenium.chrome.ChromeDriver
Capabilities {acceptInsecureCerts: false, browserName: chrome, browserVersion: 140.0.7339.128, chrome: {chromedriverVersion: 140.0.7339.185 (eeea00e459e..., userDataDir: C:\Users\user\AppData\Local...}, fedcm:accounts: true, goog:chromeOptions: {debuggerAddress: localhost:52960}, networkConnectionEnabled: false, pageLoadStrategy: normal, platformName: windows, proxy: Proxy(), se:cdp: ws://localhost:52960/devtoo..., se:cdpVersion: 140.0.7339.128, setWindowRect: true, strictFileInteractability: false, timeouts: {implicit: 0, pageLoad: 300000, script: 30000}, unhandledPromptBehavior: dismiss and notify, webauthn:extension:credBlob: true, webauthn:extension:largeBlob: true, webauthn:extension:minPinLength: true, webauthn:extension:prf: true, webauthn:virtualAuthenticators: true}
Session ID: 67a6c544d76e83cb7238358e7cfa99b3
	at org.openqa.selenium.support.ui.WebDriverWait.timeoutException(WebDriverWait.java:84)
	at org.openqa.selenium.support.ui.FluentWait.until(FluentWait.java:228)
	at com.Capium.Actions.CapitalAllowancesActions.SearchTextfield(CapitalAllowancesActions.java:74)
	at com.Capium.StepDefination.Capital_AllowancesStepDefination.search_a_client_and_verify(Capital_AllowancesStepDefination.java:23)
	at ✽.Search a client and verify(file:///D:/CT%205.0/CorporationTax_5.0/src/test/resources/FeatureFiles/Capital_allowance.feature:190)
</pre></div><a href='#' onClick='toggleBox("stack-trace645805813", this, "Click to show all stack frames", "Click to hide stack frames")'>Click to show all stack frames</a>
<div class='stack-trace' id='stack-trace645805813'><pre>org.openqa.selenium.TimeoutException: Expected condition failed: waiting for visibility of element located by By.xpath: //input[@placeholder=&apos;Search here...&apos;] (tried for 15 second(s) with 500 milliseconds interval)
Build info: version: &apos;4.23.0&apos;, revision: &apos;4df0a231af&apos;
System info: os.name: &apos;Windows 11&apos;, os.arch: &apos;amd64&apos;, os.version: &apos;10.0&apos;, java.version: &apos;17.0.12&apos;
Driver info: org.openqa.selenium.chrome.ChromeDriver
Capabilities {acceptInsecureCerts: false, browserName: chrome, browserVersion: 140.0.7339.128, chrome: {chromedriverVersion: 140.0.7339.185 (eeea00e459e..., userDataDir: C:\Users\user\AppData\Local...}, fedcm:accounts: true, goog:chromeOptions: {debuggerAddress: localhost:52960}, networkConnectionEnabled: false, pageLoadStrategy: normal, platformName: windows, proxy: Proxy(), se:cdp: ws://localhost:52960/devtoo..., se:cdpVersion: 140.0.7339.128, setWindowRect: true, strictFileInteractability: false, timeouts: {implicit: 0, pageLoad: 300000, script: 30000}, unhandledPromptBehavior: dismiss and notify, webauthn:extension:credBlob: true, webauthn:extension:largeBlob: true, webauthn:extension:minPinLength: true, webauthn:extension:prf: true, webauthn:virtualAuthenticators: true}
Session ID: 67a6c544d76e83cb7238358e7cfa99b3
	at org.openqa.selenium.support.ui.WebDriverWait.timeoutException(WebDriverWait.java:84)
	at org.openqa.selenium.support.ui.FluentWait.until(FluentWait.java:228)
	at com.Capium.Actions.CapitalAllowancesActions.SearchTextfield(CapitalAllowancesActions.java:74)
	at com.Capium.StepDefination.Capital_AllowancesStepDefination.search_a_client_and_verify(Capital_AllowancesStepDefination.java:23)
	at ✽.Search a client and verify(file:///D:/CT%205.0/CorporationTax_5.0/src/test/resources/FeatureFiles/Capital_allowance.feature:190)
</pre></div></td>
<td>222</td>
<td>com.Capium.RunnerFiles.CapitalAllowances_CalculatorRunner@ba54932</td></tr>
<tr>
<td title='com.Capium.RunnerFiles.CapitalAllowances_CalculatorRunner.runScenario()'><b>runScenario</b><br>Test class: com.Capium.RunnerFiles.CapitalAllowances_CalculatorRunner<br>Test method: Runs Cucumber Scenarios<br>Parameters: "Verify Other charges and allowances with addition amount", "Login into Capium Application"</td>
<td><div><pre>org.openqa.selenium.ElementClickInterceptedException: element click intercepted: Element &lt;input type=&quot;checkbox&quot; class=&quot;mdc-checkbox__native-control&quot; id=&quot;mat-mdc-checkbox-38-input&quot; tabindex=&quot;-1&quot; disabled=&quot;&quot;&gt; is not clickable at point (987, 64). Other element would receive the click: &lt;div _ngcontent-cto-c119=&quot;&quot;&gt;...&lt;/div&gt;
  (Session info: chrome=140.0.7339.128)
Build info: version: &apos;4.23.0&apos;, revision: &apos;4df0a231af&apos;
System info: os.name: &apos;Windows 11&apos;, os.arch: &apos;amd64&apos;, os.version: &apos;10.0&apos;, java.version: &apos;17.0.12&apos;
Driver info: org.openqa.selenium.chrome.ChromeDriver
Command: [804609faa955bf10cbdc0025c774717c, clickElement {id=f.BA2C509652917758E14BC0837835FA57.d.176AE9F94AC66E2C47E0C5CD66E92969.e.277}]
Capabilities {acceptInsecureCerts: false, browserName: chrome, browserVersion: 140.0.7339.128, chrome: {chromedriverVersion: 140.0.7339.185 (eeea00e459e..., userDataDir: C:\Users\user\AppData\Local...}, fedcm:accounts: true, goog:chromeOptions: {debuggerAddress: localhost:61550}, networkConnectionEnabled: false, pageLoadStrategy: normal, platformName: windows, proxy: Proxy(), se:cdp: ws://localhost:61550/devtoo..., se:cdpVersion: 140.0.7339.128, setWindowRect: true, strictFileInteractability: false, timeouts: {implicit: 0, pageLoad: 300000, script: 30000}, unhandledPromptBehavior: dismiss and notify, webauthn:extension:credBlob: true, webauthn:extension:largeBlob: true, webauthn:extension:minPinLength: true, webauthn:extension:prf: true, webauthn:virtualAuthenticators: true}
Element: [[ChromeDriver: chrome on windows (804609faa955bf10cbdc0025c774717c)] -&gt; xpath: //mat-checkbox[.//span[contains(text(), &apos;First Year Allowance at 100%&apos;)]]//input]
Session ID: 804609faa955bf10cbdc0025c774717c
	at org.openqa.selenium.remote.ErrorCodec.decode(ErrorCodec.java:167)
	at org.openqa.selenium.remote.codec.w3c.W3CHttpResponseCodec.decode(W3CHttpResponseCodec.java:138)
	at org.openqa.selenium.remote.codec.w3c.W3CHttpResponseCodec.decode(W3CHttpResponseCodec.java:50)
	at org.openqa.selenium.remote.HttpCommandExecutor.execute(HttpCommandExecutor.java:190)
	at org.openqa.selenium.remote.service.DriverCommandExecutor.invokeExecute(DriverCommandExecutor.java:216)
	at org.openqa.selenium.remote.service.DriverCommandExecutor.execute(DriverCommandExecutor.java:174)
	at org.openqa.selenium.remote.RemoteWebDriver.execute(RemoteWebDriver.java:527)
	at org.openqa.selenium.remote.RemoteWebElement.execute(RemoteWebElement.java:223)
	at org.openqa.selenium.remote.RemoteWebElement.click(RemoteWebElement.java:76)
	at org.openqa.selenium.support.pagefactory.internal.LocatingElementHandler.invoke(LocatingElementHandler.java:51)
	at jdk.proxy2/jdk.proxy2.$Proxy34.click(Unknown Source)
	at com.Capium.Actions.CapitalAllowancesActions.firstYearAllowanceAtHundredPercent(CapitalAllowancesActions.java:518)
	at com.Capium.StepDefination.Capital_AllowancesStepDefination.click_on_first_year_allowance_at_percent(Capital_AllowancesStepDefination.java:489)
	at ✽.Click on first year allowance at 100 percent(file:///D:/CT%205.0/CorporationTax_5.0/src/test/resources/FeatureFiles/Capital_allowance.feature:1105)
... Removed 8 stack frames</pre></div><a href='#' onClick='toggleBox("stack-trace595506163", this, "Click to show all stack frames", "Click to hide stack frames")'>Click to show all stack frames</a>
<div class='stack-trace' id='stack-trace595506163'><pre>org.openqa.selenium.ElementClickInterceptedException: element click intercepted: Element &lt;input type=&quot;checkbox&quot; class=&quot;mdc-checkbox__native-control&quot; id=&quot;mat-mdc-checkbox-38-input&quot; tabindex=&quot;-1&quot; disabled=&quot;&quot;&gt; is not clickable at point (987, 64). Other element would receive the click: &lt;div _ngcontent-cto-c119=&quot;&quot;&gt;...&lt;/div&gt;
  (Session info: chrome=140.0.7339.128)
Build info: version: &apos;4.23.0&apos;, revision: &apos;4df0a231af&apos;
System info: os.name: &apos;Windows 11&apos;, os.arch: &apos;amd64&apos;, os.version: &apos;10.0&apos;, java.version: &apos;17.0.12&apos;
Driver info: org.openqa.selenium.chrome.ChromeDriver
Command: [804609faa955bf10cbdc0025c774717c, clickElement {id=f.BA2C509652917758E14BC0837835FA57.d.176AE9F94AC66E2C47E0C5CD66E92969.e.277}]
Capabilities {acceptInsecureCerts: false, browserName: chrome, browserVersion: 140.0.7339.128, chrome: {chromedriverVersion: 140.0.7339.185 (eeea00e459e..., userDataDir: C:\Users\user\AppData\Local...}, fedcm:accounts: true, goog:chromeOptions: {debuggerAddress: localhost:61550}, networkConnectionEnabled: false, pageLoadStrategy: normal, platformName: windows, proxy: Proxy(), se:cdp: ws://localhost:61550/devtoo..., se:cdpVersion: 140.0.7339.128, setWindowRect: true, strictFileInteractability: false, timeouts: {implicit: 0, pageLoad: 300000, script: 30000}, unhandledPromptBehavior: dismiss and notify, webauthn:extension:credBlob: true, webauthn:extension:largeBlob: true, webauthn:extension:minPinLength: true, webauthn:extension:prf: true, webauthn:virtualAuthenticators: true}
Element: [[ChromeDriver: chrome on windows (804609faa955bf10cbdc0025c774717c)] -&gt; xpath: //mat-checkbox[.//span[contains(text(), &apos;First Year Allowance at 100%&apos;)]]//input]
Session ID: 804609faa955bf10cbdc0025c774717c
	at java.base/jdk.internal.reflect.NativeConstructorAccessorImpl.newInstance0(Native Method)
	at java.base/jdk.internal.reflect.NativeConstructorAccessorImpl.newInstance(NativeConstructorAccessorImpl.java:77)
	at java.base/jdk.internal.reflect.DelegatingConstructorAccessorImpl.newInstance(DelegatingConstructorAccessorImpl.java:45)
	at java.base/java.lang.reflect.Constructor.newInstanceWithCaller(Constructor.java:499)
	at java.base/java.lang.reflect.Constructor.newInstance(Constructor.java:480)
	at org.openqa.selenium.remote.ErrorCodec.decode(ErrorCodec.java:167)
	at org.openqa.selenium.remote.codec.w3c.W3CHttpResponseCodec.decode(W3CHttpResponseCodec.java:138)
	at org.openqa.selenium.remote.codec.w3c.W3CHttpResponseCodec.decode(W3CHttpResponseCodec.java:50)
	at org.openqa.selenium.remote.HttpCommandExecutor.execute(HttpCommandExecutor.java:190)
	at org.openqa.selenium.remote.service.DriverCommandExecutor.invokeExecute(DriverCommandExecutor.java:216)
	at org.openqa.selenium.remote.service.DriverCommandExecutor.execute(DriverCommandExecutor.java:174)
	at org.openqa.selenium.remote.RemoteWebDriver.execute(RemoteWebDriver.java:527)
	at org.openqa.selenium.remote.RemoteWebElement.execute(RemoteWebElement.java:223)
	at org.openqa.selenium.remote.RemoteWebElement.click(RemoteWebElement.java:76)
	at jdk.internal.reflect.GeneratedMethodAccessor76.invoke(Unknown Source)
	at java.base/jdk.internal.reflect.DelegatingMethodAccessorImpl.invoke(DelegatingMethodAccessorImpl.java:43)
	at java.base/java.lang.reflect.Method.invoke(Method.java:568)
	at org.openqa.selenium.support.pagefactory.internal.LocatingElementHandler.invoke(LocatingElementHandler.java:51)
	at jdk.proxy2/jdk.proxy2.$Proxy34.click(Unknown Source)
	at com.Capium.Actions.CapitalAllowancesActions.firstYearAllowanceAtHundredPercent(CapitalAllowancesActions.java:518)
	at com.Capium.StepDefination.Capital_AllowancesStepDefination.click_on_first_year_allowance_at_percent(Capital_AllowancesStepDefination.java:489)
	at ✽.Click on first year allowance at 100 percent(file:///D:/CT%205.0/CorporationTax_5.0/src/test/resources/FeatureFiles/Capital_allowance.feature:1105)
</pre></div></td>
<td>97</td>
<td>com.Capium.RunnerFiles.CapitalAllowances_CalculatorRunner@ba54932</td></tr>
<tr>
<td title='com.Capium.RunnerFiles.CapitalAllowances_CalculatorRunner.runScenario()'><b>runScenario</b><br>Test class: com.Capium.RunnerFiles.CapitalAllowances_CalculatorRunner<br>Test method: Runs Cucumber Scenarios<br>Parameters: "Verify DESIGNATED ENHNACED ALLOWANCE with addition amount With NO CLAIM", "Login into Capium Application"</td>
<td><div><pre>org.openqa.selenium.TimeoutException: Expected condition failed: waiting for visibility of element located by By.xpath: //input[@placeholder=&apos;Search here...&apos;] (tried for 15 second(s) with 500 milliseconds interval)
Build info: version: &apos;4.23.0&apos;, revision: &apos;4df0a231af&apos;
System info: os.name: &apos;Windows 11&apos;, os.arch: &apos;amd64&apos;, os.version: &apos;10.0&apos;, java.version: &apos;17.0.12&apos;
Driver info: org.openqa.selenium.chrome.ChromeDriver
Capabilities {acceptInsecureCerts: false, browserName: chrome, browserVersion: 140.0.7339.128, chrome: {chromedriverVersion: 140.0.7339.185 (eeea00e459e..., userDataDir: C:\Users\user\AppData\Local...}, fedcm:accounts: true, goog:chromeOptions: {debuggerAddress: localhost:58694}, networkConnectionEnabled: false, pageLoadStrategy: normal, platformName: windows, proxy: Proxy(), se:cdp: ws://localhost:58694/devtoo..., se:cdpVersion: 140.0.7339.128, setWindowRect: true, strictFileInteractability: false, timeouts: {implicit: 0, pageLoad: 300000, script: 30000}, unhandledPromptBehavior: dismiss and notify, webauthn:extension:credBlob: true, webauthn:extension:largeBlob: true, webauthn:extension:minPinLength: true, webauthn:extension:prf: true, webauthn:virtualAuthenticators: true}
Session ID: 2f04a9ba8075279be7545fca4c9cad4e
	at org.openqa.selenium.support.ui.WebDriverWait.timeoutException(WebDriverWait.java:84)
	at org.openqa.selenium.support.ui.FluentWait.until(FluentWait.java:228)
	at com.Capium.Actions.CapitalAllowancesActions.SearchTextfield(CapitalAllowancesActions.java:74)
	at com.Capium.StepDefination.Capital_AllowancesStepDefination.search_a_client_and_verify(Capital_AllowancesStepDefination.java:23)
	at ✽.Search a client and verify(file:///D:/CT%205.0/CorporationTax_5.0/src/test/resources/FeatureFiles/Capital_allowance.feature:1471)
</pre></div><a href='#' onClick='toggleBox("stack-trace1107500812", this, "Click to show all stack frames", "Click to hide stack frames")'>Click to show all stack frames</a>
<div class='stack-trace' id='stack-trace1107500812'><pre>org.openqa.selenium.TimeoutException: Expected condition failed: waiting for visibility of element located by By.xpath: //input[@placeholder=&apos;Search here...&apos;] (tried for 15 second(s) with 500 milliseconds interval)
Build info: version: &apos;4.23.0&apos;, revision: &apos;4df0a231af&apos;
System info: os.name: &apos;Windows 11&apos;, os.arch: &apos;amd64&apos;, os.version: &apos;10.0&apos;, java.version: &apos;17.0.12&apos;
Driver info: org.openqa.selenium.chrome.ChromeDriver
Capabilities {acceptInsecureCerts: false, browserName: chrome, browserVersion: 140.0.7339.128, chrome: {chromedriverVersion: 140.0.7339.185 (eeea00e459e..., userDataDir: C:\Users\user\AppData\Local...}, fedcm:accounts: true, goog:chromeOptions: {debuggerAddress: localhost:58694}, networkConnectionEnabled: false, pageLoadStrategy: normal, platformName: windows, proxy: Proxy(), se:cdp: ws://localhost:58694/devtoo..., se:cdpVersion: 140.0.7339.128, setWindowRect: true, strictFileInteractability: false, timeouts: {implicit: 0, pageLoad: 300000, script: 30000}, unhandledPromptBehavior: dismiss and notify, webauthn:extension:credBlob: true, webauthn:extension:largeBlob: true, webauthn:extension:minPinLength: true, webauthn:extension:prf: true, webauthn:virtualAuthenticators: true}
Session ID: 2f04a9ba8075279be7545fca4c9cad4e
	at org.openqa.selenium.support.ui.WebDriverWait.timeoutException(WebDriverWait.java:84)
	at org.openqa.selenium.support.ui.FluentWait.until(FluentWait.java:228)
	at com.Capium.Actions.CapitalAllowancesActions.SearchTextfield(CapitalAllowancesActions.java:74)
	at com.Capium.StepDefination.Capital_AllowancesStepDefination.search_a_client_and_verify(Capital_AllowancesStepDefination.java:23)
	at ✽.Search a client and verify(file:///D:/CT%205.0/CorporationTax_5.0/src/test/resources/FeatureFiles/Capital_allowance.feature:1471)
</pre></div></td>
<td>251</td>
<td>com.Capium.RunnerFiles.CapitalAllowances_CalculatorRunner@ba54932</td></tr>
<tr>
<td title='com.Capium.RunnerFiles.CapitalAllowances_CalculatorRunner.runScenario()'><b>runScenario</b><br>Test class: com.Capium.RunnerFiles.CapitalAllowances_CalculatorRunner<br>Test method: Runs Cucumber Scenarios<br>Parameters: "Verify specialrate asset with WDV b/fwd amount and addition amount", "Login into Capium Application"</td>
<td><div><pre>org.openqa.selenium.TimeoutException: Expected condition failed: waiting for visibility of element located by By.xpath: //input[@placeholder=&apos;Search here...&apos;] (tried for 15 second(s) with 500 milliseconds interval)
Build info: version: &apos;4.23.0&apos;, revision: &apos;4df0a231af&apos;
System info: os.name: &apos;Windows 11&apos;, os.arch: &apos;amd64&apos;, os.version: &apos;10.0&apos;, java.version: &apos;17.0.12&apos;
Driver info: org.openqa.selenium.chrome.ChromeDriver
Capabilities {acceptInsecureCerts: false, browserName: chrome, browserVersion: 140.0.7339.128, chrome: {chromedriverVersion: 140.0.7339.185 (eeea00e459e..., userDataDir: C:\Users\user\AppData\Local...}, fedcm:accounts: true, goog:chromeOptions: {debuggerAddress: localhost:59263}, networkConnectionEnabled: false, pageLoadStrategy: normal, platformName: windows, proxy: Proxy(), se:cdp: ws://localhost:59263/devtoo..., se:cdpVersion: 140.0.7339.128, setWindowRect: true, strictFileInteractability: false, timeouts: {implicit: 0, pageLoad: 300000, script: 30000}, unhandledPromptBehavior: dismiss and notify, webauthn:extension:credBlob: true, webauthn:extension:largeBlob: true, webauthn:extension:minPinLength: true, webauthn:extension:prf: true, webauthn:virtualAuthenticators: true}
Session ID: c9853f1c1aa2b8755300626e2a2df4dc
	at org.openqa.selenium.support.ui.WebDriverWait.timeoutException(WebDriverWait.java:84)
	at org.openqa.selenium.support.ui.FluentWait.until(FluentWait.java:228)
	at com.Capium.Actions.CapitalAllowancesActions.SearchTextfield(CapitalAllowancesActions.java:74)
	at com.Capium.StepDefination.Capital_AllowancesStepDefination.search_a_client_and_verify(Capital_AllowancesStepDefination.java:23)
	at ✽.Search a client and verify(file:///D:/CT%205.0/CorporationTax_5.0/src/test/resources/FeatureFiles/Capital_allowance.feature:516)
</pre></div><a href='#' onClick='toggleBox("stack-trace1377509832", this, "Click to show all stack frames", "Click to hide stack frames")'>Click to show all stack frames</a>
<div class='stack-trace' id='stack-trace1377509832'><pre>org.openqa.selenium.TimeoutException: Expected condition failed: waiting for visibility of element located by By.xpath: //input[@placeholder=&apos;Search here...&apos;] (tried for 15 second(s) with 500 milliseconds interval)
Build info: version: &apos;4.23.0&apos;, revision: &apos;4df0a231af&apos;
System info: os.name: &apos;Windows 11&apos;, os.arch: &apos;amd64&apos;, os.version: &apos;10.0&apos;, java.version: &apos;17.0.12&apos;
Driver info: org.openqa.selenium.chrome.ChromeDriver
Capabilities {acceptInsecureCerts: false, browserName: chrome, browserVersion: 140.0.7339.128, chrome: {chromedriverVersion: 140.0.7339.185 (eeea00e459e..., userDataDir: C:\Users\user\AppData\Local...}, fedcm:accounts: true, goog:chromeOptions: {debuggerAddress: localhost:59263}, networkConnectionEnabled: false, pageLoadStrategy: normal, platformName: windows, proxy: Proxy(), se:cdp: ws://localhost:59263/devtoo..., se:cdpVersion: 140.0.7339.128, setWindowRect: true, strictFileInteractability: false, timeouts: {implicit: 0, pageLoad: 300000, script: 30000}, unhandledPromptBehavior: dismiss and notify, webauthn:extension:credBlob: true, webauthn:extension:largeBlob: true, webauthn:extension:minPinLength: true, webauthn:extension:prf: true, webauthn:virtualAuthenticators: true}
Session ID: c9853f1c1aa2b8755300626e2a2df4dc
	at org.openqa.selenium.support.ui.WebDriverWait.timeoutException(WebDriverWait.java:84)
	at org.openqa.selenium.support.ui.FluentWait.until(FluentWait.java:228)
	at com.Capium.Actions.CapitalAllowancesActions.SearchTextfield(CapitalAllowancesActions.java:74)
	at com.Capium.StepDefination.Capital_AllowancesStepDefination.search_a_client_and_verify(Capital_AllowancesStepDefination.java:23)
	at ✽.Search a client and verify(file:///D:/CT%205.0/CorporationTax_5.0/src/test/resources/FeatureFiles/Capital_allowance.feature:516)
</pre></div></td>
<td>121</td>
<td>com.Capium.RunnerFiles.CapitalAllowances_CalculatorRunner@ba54932</td></tr>
<tr>
<td title='com.Capium.RunnerFiles.CapitalAllowances_CalculatorRunner.runScenario()'><b>runScenario</b><br>Test class: com.Capium.RunnerFiles.CapitalAllowances_CalculatorRunner<br>Test method: Runs Cucumber Scenarios<br>Parameters: "Verify electric vehicle charge points with addition amount and disposed amount and business closed checkbox", "Login into Capium Application"</td>
<td><div><pre>org.openqa.selenium.TimeoutException: Expected condition failed: waiting for visibility of element located by By.xpath: //input[@placeholder=&apos;Search here...&apos;] (tried for 15 second(s) with 500 milliseconds interval)
Build info: version: &apos;4.23.0&apos;, revision: &apos;4df0a231af&apos;
System info: os.name: &apos;Windows 11&apos;, os.arch: &apos;amd64&apos;, os.version: &apos;10.0&apos;, java.version: &apos;17.0.12&apos;
Driver info: org.openqa.selenium.chrome.ChromeDriver
Capabilities {acceptInsecureCerts: false, browserName: chrome, browserVersion: 140.0.7339.128, chrome: {chromedriverVersion: 140.0.7339.185 (eeea00e459e..., userDataDir: C:\Users\user\AppData\Local...}, fedcm:accounts: true, goog:chromeOptions: {debuggerAddress: localhost:54221}, networkConnectionEnabled: false, pageLoadStrategy: normal, platformName: windows, proxy: Proxy(), se:cdp: ws://localhost:54221/devtoo..., se:cdpVersion: 140.0.7339.128, setWindowRect: true, strictFileInteractability: false, timeouts: {implicit: 0, pageLoad: 300000, script: 30000}, unhandledPromptBehavior: dismiss and notify, webauthn:extension:credBlob: true, webauthn:extension:largeBlob: true, webauthn:extension:minPinLength: true, webauthn:extension:prf: true, webauthn:virtualAuthenticators: true}
Session ID: 6469d44dcedd322794c56d8aef2e29cb
	at org.openqa.selenium.support.ui.WebDriverWait.timeoutException(WebDriverWait.java:84)
	at org.openqa.selenium.support.ui.FluentWait.until(FluentWait.java:228)
	at com.Capium.Actions.CapitalAllowancesActions.SearchTextfield(CapitalAllowancesActions.java:74)
	at com.Capium.StepDefination.Capital_AllowancesStepDefination.search_a_client_and_verify(Capital_AllowancesStepDefination.java:23)
	at ✽.Search a client and verify(file:///D:/CT%205.0/CorporationTax_5.0/src/test/resources/FeatureFiles/Capital_allowance.feature:1249)
</pre></div><a href='#' onClick='toggleBox("stack-trace694303862", this, "Click to show all stack frames", "Click to hide stack frames")'>Click to show all stack frames</a>
<div class='stack-trace' id='stack-trace694303862'><pre>org.openqa.selenium.TimeoutException: Expected condition failed: waiting for visibility of element located by By.xpath: //input[@placeholder=&apos;Search here...&apos;] (tried for 15 second(s) with 500 milliseconds interval)
Build info: version: &apos;4.23.0&apos;, revision: &apos;4df0a231af&apos;
System info: os.name: &apos;Windows 11&apos;, os.arch: &apos;amd64&apos;, os.version: &apos;10.0&apos;, java.version: &apos;17.0.12&apos;
Driver info: org.openqa.selenium.chrome.ChromeDriver
Capabilities {acceptInsecureCerts: false, browserName: chrome, browserVersion: 140.0.7339.128, chrome: {chromedriverVersion: 140.0.7339.185 (eeea00e459e..., userDataDir: C:\Users\user\AppData\Local...}, fedcm:accounts: true, goog:chromeOptions: {debuggerAddress: localhost:54221}, networkConnectionEnabled: false, pageLoadStrategy: normal, platformName: windows, proxy: Proxy(), se:cdp: ws://localhost:54221/devtoo..., se:cdpVersion: 140.0.7339.128, setWindowRect: true, strictFileInteractability: false, timeouts: {implicit: 0, pageLoad: 300000, script: 30000}, unhandledPromptBehavior: dismiss and notify, webauthn:extension:credBlob: true, webauthn:extension:largeBlob: true, webauthn:extension:minPinLength: true, webauthn:extension:prf: true, webauthn:virtualAuthenticators: true}
Session ID: 6469d44dcedd322794c56d8aef2e29cb
	at org.openqa.selenium.support.ui.WebDriverWait.timeoutException(WebDriverWait.java:84)
	at org.openqa.selenium.support.ui.FluentWait.until(FluentWait.java:228)
	at com.Capium.Actions.CapitalAllowancesActions.SearchTextfield(CapitalAllowancesActions.java:74)
	at com.Capium.StepDefination.Capital_AllowancesStepDefination.search_a_client_and_verify(Capital_AllowancesStepDefination.java:23)
	at ✽.Search a client and verify(file:///D:/CT%205.0/CorporationTax_5.0/src/test/resources/FeatureFiles/Capital_allowance.feature:1249)
</pre></div></td>
<td>181</td>
<td>com.Capium.RunnerFiles.CapitalAllowances_CalculatorRunner@ba54932</td></tr>
<tr>
<td title='com.Capium.RunnerFiles.CapitalAllowances_CalculatorRunner.runScenario()'><b>runScenario</b><br>Test class: com.Capium.RunnerFiles.CapitalAllowances_CalculatorRunner<br>Test method: Runs Cucumber Scenarios<br>Parameters: "Verify special rate asset with addition amount and restriction amount", "Login into Capium Application"</td>
<td><div><pre>org.openqa.selenium.TimeoutException: Expected condition failed: waiting for visibility of element located by By.xpath: //input[@placeholder=&apos;Search here...&apos;] (tried for 15 second(s) with 500 milliseconds interval)
Build info: version: &apos;4.23.0&apos;, revision: &apos;4df0a231af&apos;
System info: os.name: &apos;Windows 11&apos;, os.arch: &apos;amd64&apos;, os.version: &apos;10.0&apos;, java.version: &apos;17.0.12&apos;
Driver info: org.openqa.selenium.chrome.ChromeDriver
Capabilities {acceptInsecureCerts: false, browserName: chrome, browserVersion: 140.0.7339.128, chrome: {chromedriverVersion: 140.0.7339.185 (eeea00e459e..., userDataDir: C:\Users\user\AppData\Local...}, fedcm:accounts: true, goog:chromeOptions: {debuggerAddress: localhost:60792}, networkConnectionEnabled: false, pageLoadStrategy: normal, platformName: windows, proxy: Proxy(), se:cdp: ws://localhost:60792/devtoo..., se:cdpVersion: 140.0.7339.128, setWindowRect: true, strictFileInteractability: false, timeouts: {implicit: 0, pageLoad: 300000, script: 30000}, unhandledPromptBehavior: dismiss and notify, webauthn:extension:credBlob: true, webauthn:extension:largeBlob: true, webauthn:extension:minPinLength: true, webauthn:extension:prf: true, webauthn:virtualAuthenticators: true}
Session ID: 1b8ea4c98832b04211094c5e50129af4
	at org.openqa.selenium.support.ui.WebDriverWait.timeoutException(WebDriverWait.java:84)
	at org.openqa.selenium.support.ui.FluentWait.until(FluentWait.java:228)
	at com.Capium.Actions.CapitalAllowancesActions.SearchTextfield(CapitalAllowancesActions.java:74)
	at com.Capium.StepDefination.Capital_AllowancesStepDefination.search_a_client_and_verify(Capital_AllowancesStepDefination.java:23)
	at ✽.Search a client and verify(file:///D:/CT%205.0/CorporationTax_5.0/src/test/resources/FeatureFiles/Capital_allowance.feature:898)
</pre></div><a href='#' onClick='toggleBox("stack-trace1804725255", this, "Click to show all stack frames", "Click to hide stack frames")'>Click to show all stack frames</a>
<div class='stack-trace' id='stack-trace1804725255'><pre>org.openqa.selenium.TimeoutException: Expected condition failed: waiting for visibility of element located by By.xpath: //input[@placeholder=&apos;Search here...&apos;] (tried for 15 second(s) with 500 milliseconds interval)
Build info: version: &apos;4.23.0&apos;, revision: &apos;4df0a231af&apos;
System info: os.name: &apos;Windows 11&apos;, os.arch: &apos;amd64&apos;, os.version: &apos;10.0&apos;, java.version: &apos;17.0.12&apos;
Driver info: org.openqa.selenium.chrome.ChromeDriver
Capabilities {acceptInsecureCerts: false, browserName: chrome, browserVersion: 140.0.7339.128, chrome: {chromedriverVersion: 140.0.7339.185 (eeea00e459e..., userDataDir: C:\Users\user\AppData\Local...}, fedcm:accounts: true, goog:chromeOptions: {debuggerAddress: localhost:60792}, networkConnectionEnabled: false, pageLoadStrategy: normal, platformName: windows, proxy: Proxy(), se:cdp: ws://localhost:60792/devtoo..., se:cdpVersion: 140.0.7339.128, setWindowRect: true, strictFileInteractability: false, timeouts: {implicit: 0, pageLoad: 300000, script: 30000}, unhandledPromptBehavior: dismiss and notify, webauthn:extension:credBlob: true, webauthn:extension:largeBlob: true, webauthn:extension:minPinLength: true, webauthn:extension:prf: true, webauthn:virtualAuthenticators: true}
Session ID: 1b8ea4c98832b04211094c5e50129af4
	at org.openqa.selenium.support.ui.WebDriverWait.timeoutException(WebDriverWait.java:84)
	at org.openqa.selenium.support.ui.FluentWait.until(FluentWait.java:228)
	at com.Capium.Actions.CapitalAllowancesActions.SearchTextfield(CapitalAllowancesActions.java:74)
	at com.Capium.StepDefination.Capital_AllowancesStepDefination.search_a_client_and_verify(Capital_AllowancesStepDefination.java:23)
	at ✽.Search a client and verify(file:///D:/CT%205.0/CorporationTax_5.0/src/test/resources/FeatureFiles/Capital_allowance.feature:898)
</pre></div></td>
<td>275</td>
<td>com.Capium.RunnerFiles.CapitalAllowances_CalculatorRunner@ba54932</td></tr>
<tr>
<td title='com.Capium.RunnerFiles.CapitalAllowances_CalculatorRunner.runScenario()'><b>runScenario</b><br>Test class: com.Capium.RunnerFiles.CapitalAllowances_CalculatorRunner<br>Test method: Runs Cucumber Scenarios<br>Parameters: "Verify electric vehicle charge points with addition amount With NO CLAIM", "Login into Capium Application"</td>
<td><div><pre>org.openqa.selenium.TimeoutException: Expected condition failed: waiting for visibility of element located by By.xpath: //input[@placeholder=&apos;Search here...&apos;] (tried for 15 second(s) with 500 milliseconds interval)
Build info: version: &apos;4.23.0&apos;, revision: &apos;4df0a231af&apos;
System info: os.name: &apos;Windows 11&apos;, os.arch: &apos;amd64&apos;, os.version: &apos;10.0&apos;, java.version: &apos;17.0.12&apos;
Driver info: org.openqa.selenium.chrome.ChromeDriver
Capabilities {acceptInsecureCerts: false, browserName: chrome, browserVersion: 140.0.7339.128, chrome: {chromedriverVersion: 140.0.7339.185 (eeea00e459e..., userDataDir: C:\Users\user\AppData\Local...}, fedcm:accounts: true, goog:chromeOptions: {debuggerAddress: localhost:57815}, networkConnectionEnabled: false, pageLoadStrategy: normal, platformName: windows, proxy: Proxy(), se:cdp: ws://localhost:57815/devtoo..., se:cdpVersion: 140.0.7339.128, setWindowRect: true, strictFileInteractability: false, timeouts: {implicit: 0, pageLoad: 300000, script: 30000}, unhandledPromptBehavior: dismiss and notify, webauthn:extension:credBlob: true, webauthn:extension:largeBlob: true, webauthn:extension:minPinLength: true, webauthn:extension:prf: true, webauthn:virtualAuthenticators: true}
Session ID: 51185fe80cf22a32b48cae19a4573625
	at org.openqa.selenium.support.ui.WebDriverWait.timeoutException(WebDriverWait.java:84)
	at org.openqa.selenium.support.ui.FluentWait.until(FluentWait.java:228)
	at com.Capium.Actions.CapitalAllowancesActions.SearchTextfield(CapitalAllowancesActions.java:74)
	at com.Capium.StepDefination.Capital_AllowancesStepDefination.search_a_client_and_verify(Capital_AllowancesStepDefination.java:23)
	at ✽.Search a client and verify(file:///D:/CT%205.0/CorporationTax_5.0/src/test/resources/FeatureFiles/Capital_allowance.feature:1272)
</pre></div><a href='#' onClick='toggleBox("stack-trace1492584513", this, "Click to show all stack frames", "Click to hide stack frames")'>Click to show all stack frames</a>
<div class='stack-trace' id='stack-trace1492584513'><pre>org.openqa.selenium.TimeoutException: Expected condition failed: waiting for visibility of element located by By.xpath: //input[@placeholder=&apos;Search here...&apos;] (tried for 15 second(s) with 500 milliseconds interval)
Build info: version: &apos;4.23.0&apos;, revision: &apos;4df0a231af&apos;
System info: os.name: &apos;Windows 11&apos;, os.arch: &apos;amd64&apos;, os.version: &apos;10.0&apos;, java.version: &apos;17.0.12&apos;
Driver info: org.openqa.selenium.chrome.ChromeDriver
Capabilities {acceptInsecureCerts: false, browserName: chrome, browserVersion: 140.0.7339.128, chrome: {chromedriverVersion: 140.0.7339.185 (eeea00e459e..., userDataDir: C:\Users\user\AppData\Local...}, fedcm:accounts: true, goog:chromeOptions: {debuggerAddress: localhost:57815}, networkConnectionEnabled: false, pageLoadStrategy: normal, platformName: windows, proxy: Proxy(), se:cdp: ws://localhost:57815/devtoo..., se:cdpVersion: 140.0.7339.128, setWindowRect: true, strictFileInteractability: false, timeouts: {implicit: 0, pageLoad: 300000, script: 30000}, unhandledPromptBehavior: dismiss and notify, webauthn:extension:credBlob: true, webauthn:extension:largeBlob: true, webauthn:extension:minPinLength: true, webauthn:extension:prf: true, webauthn:virtualAuthenticators: true}
Session ID: 51185fe80cf22a32b48cae19a4573625
	at org.openqa.selenium.support.ui.WebDriverWait.timeoutException(WebDriverWait.java:84)
	at org.openqa.selenium.support.ui.FluentWait.until(FluentWait.java:228)
	at com.Capium.Actions.CapitalAllowancesActions.SearchTextfield(CapitalAllowancesActions.java:74)
	at com.Capium.StepDefination.Capital_AllowancesStepDefination.search_a_client_and_verify(Capital_AllowancesStepDefination.java:23)
	at ✽.Search a client and verify(file:///D:/CT%205.0/CorporationTax_5.0/src/test/resources/FeatureFiles/Capital_allowance.feature:1272)
</pre></div></td>
<td>173</td>
<td>com.Capium.RunnerFiles.CapitalAllowances_CalculatorRunner@ba54932</td></tr>
<tr>
<td title='com.Capium.RunnerFiles.CapitalAllowances_CalculatorRunner.runScenario()'><b>runScenario</b><br>Test class: com.Capium.RunnerFiles.CapitalAllowances_CalculatorRunner<br>Test method: Runs Cucumber Scenarios<br>Parameters: "Verify Main pool asset with WDV b/fwd amount by using save", "Login into Capium Application"</td>
<td><div><pre>org.openqa.selenium.TimeoutException: Expected condition failed: waiting for visibility of element located by By.xpath: //input[@placeholder=&apos;Search here...&apos;] (tried for 15 second(s) with 500 milliseconds interval)
Build info: version: &apos;4.23.0&apos;, revision: &apos;4df0a231af&apos;
System info: os.name: &apos;Windows 11&apos;, os.arch: &apos;amd64&apos;, os.version: &apos;10.0&apos;, java.version: &apos;17.0.12&apos;
Driver info: org.openqa.selenium.chrome.ChromeDriver
Capabilities {acceptInsecureCerts: false, browserName: chrome, browserVersion: 140.0.7339.128, chrome: {chromedriverVersion: 140.0.7339.185 (eeea00e459e..., userDataDir: C:\Users\user\AppData\Local...}, fedcm:accounts: true, goog:chromeOptions: {debuggerAddress: localhost:52243}, networkConnectionEnabled: false, pageLoadStrategy: normal, platformName: windows, proxy: Proxy(), se:cdp: ws://localhost:52243/devtoo..., se:cdpVersion: 140.0.7339.128, setWindowRect: true, strictFileInteractability: false, timeouts: {implicit: 0, pageLoad: 300000, script: 30000}, unhandledPromptBehavior: dismiss and notify, webauthn:extension:credBlob: true, webauthn:extension:largeBlob: true, webauthn:extension:minPinLength: true, webauthn:extension:prf: true, webauthn:virtualAuthenticators: true}
Session ID: 93ed2b13e617e4243735145c723d2519
	at org.openqa.selenium.support.ui.WebDriverWait.timeoutException(WebDriverWait.java:84)
	at org.openqa.selenium.support.ui.FluentWait.until(FluentWait.java:228)
	at com.Capium.Actions.CapitalAllowancesActions.SearchTextfield(CapitalAllowancesActions.java:74)
	at com.Capium.StepDefination.Capital_AllowancesStepDefination.search_a_client_and_verify(Capital_AllowancesStepDefination.java:23)
	at ✽.Search a client and verify(file:///D:/CT%205.0/CorporationTax_5.0/src/test/resources/FeatureFiles/Capital_allowance.feature:42)
</pre></div><a href='#' onClick='toggleBox("stack-trace13059135", this, "Click to show all stack frames", "Click to hide stack frames")'>Click to show all stack frames</a>
<div class='stack-trace' id='stack-trace13059135'><pre>org.openqa.selenium.TimeoutException: Expected condition failed: waiting for visibility of element located by By.xpath: //input[@placeholder=&apos;Search here...&apos;] (tried for 15 second(s) with 500 milliseconds interval)
Build info: version: &apos;4.23.0&apos;, revision: &apos;4df0a231af&apos;
System info: os.name: &apos;Windows 11&apos;, os.arch: &apos;amd64&apos;, os.version: &apos;10.0&apos;, java.version: &apos;17.0.12&apos;
Driver info: org.openqa.selenium.chrome.ChromeDriver
Capabilities {acceptInsecureCerts: false, browserName: chrome, browserVersion: 140.0.7339.128, chrome: {chromedriverVersion: 140.0.7339.185 (eeea00e459e..., userDataDir: C:\Users\user\AppData\Local...}, fedcm:accounts: true, goog:chromeOptions: {debuggerAddress: localhost:52243}, networkConnectionEnabled: false, pageLoadStrategy: normal, platformName: windows, proxy: Proxy(), se:cdp: ws://localhost:52243/devtoo..., se:cdpVersion: 140.0.7339.128, setWindowRect: true, strictFileInteractability: false, timeouts: {implicit: 0, pageLoad: 300000, script: 30000}, unhandledPromptBehavior: dismiss and notify, webauthn:extension:credBlob: true, webauthn:extension:largeBlob: true, webauthn:extension:minPinLength: true, webauthn:extension:prf: true, webauthn:virtualAuthenticators: true}
Session ID: 93ed2b13e617e4243735145c723d2519
	at org.openqa.selenium.support.ui.WebDriverWait.timeoutException(WebDriverWait.java:84)
	at org.openqa.selenium.support.ui.FluentWait.until(FluentWait.java:228)
	at com.Capium.Actions.CapitalAllowancesActions.SearchTextfield(CapitalAllowancesActions.java:74)
	at com.Capium.StepDefination.Capital_AllowancesStepDefination.search_a_client_and_verify(Capital_AllowancesStepDefination.java:23)
	at ✽.Search a client and verify(file:///D:/CT%205.0/CorporationTax_5.0/src/test/resources/FeatureFiles/Capital_allowance.feature:42)
</pre></div></td>
<td>122</td>
<td>com.Capium.RunnerFiles.CapitalAllowances_CalculatorRunner@ba54932</td></tr>
<tr>
<td title='com.Capium.RunnerFiles.CapitalAllowances_CalculatorRunner.runScenario()'><b>runScenario</b><br>Test class: com.Capium.RunnerFiles.CapitalAllowances_CalculatorRunner<br>Test method: Runs Cucumber Scenarios<br>Parameters: "Verify Main pool asset with WDV b/fwd amount and  disposed amount and restriction amount", "Login into Capium Application"</td>
<td><div><pre>org.openqa.selenium.TimeoutException: Expected condition failed: waiting for visibility of element located by By.xpath: //input[@placeholder=&apos;Search here...&apos;] (tried for 15 second(s) with 500 milliseconds interval)
Build info: version: &apos;4.23.0&apos;, revision: &apos;4df0a231af&apos;
System info: os.name: &apos;Windows 11&apos;, os.arch: &apos;amd64&apos;, os.version: &apos;10.0&apos;, java.version: &apos;17.0.12&apos;
Driver info: org.openqa.selenium.chrome.ChromeDriver
Capabilities {acceptInsecureCerts: false, browserName: chrome, browserVersion: 140.0.7339.128, chrome: {chromedriverVersion: 140.0.7339.185 (eeea00e459e..., userDataDir: C:\Users\user\AppData\Local...}, fedcm:accounts: true, goog:chromeOptions: {debuggerAddress: localhost:52898}, networkConnectionEnabled: false, pageLoadStrategy: normal, platformName: windows, proxy: Proxy(), se:cdp: ws://localhost:52898/devtoo..., se:cdpVersion: 140.0.7339.128, setWindowRect: true, strictFileInteractability: false, timeouts: {implicit: 0, pageLoad: 300000, script: 30000}, unhandledPromptBehavior: dismiss and notify, webauthn:extension:credBlob: true, webauthn:extension:largeBlob: true, webauthn:extension:minPinLength: true, webauthn:extension:prf: true, webauthn:virtualAuthenticators: true}
Session ID: ba0b0c1c0b460ae25e75986a973ac905
	at org.openqa.selenium.support.ui.WebDriverWait.timeoutException(WebDriverWait.java:84)
	at org.openqa.selenium.support.ui.FluentWait.until(FluentWait.java:228)
	at com.Capium.Actions.CapitalAllowancesActions.SearchTextfield(CapitalAllowancesActions.java:74)
	at com.Capium.StepDefination.Capital_AllowancesStepDefination.search_a_client_and_verify(Capital_AllowancesStepDefination.java:23)
	at ✽.Search a client and verify(file:///D:/CT%205.0/CorporationTax_5.0/src/test/resources/FeatureFiles/Capital_allowance.feature:163)
</pre></div><a href='#' onClick='toggleBox("stack-trace1381249101", this, "Click to show all stack frames", "Click to hide stack frames")'>Click to show all stack frames</a>
<div class='stack-trace' id='stack-trace1381249101'><pre>org.openqa.selenium.TimeoutException: Expected condition failed: waiting for visibility of element located by By.xpath: //input[@placeholder=&apos;Search here...&apos;] (tried for 15 second(s) with 500 milliseconds interval)
Build info: version: &apos;4.23.0&apos;, revision: &apos;4df0a231af&apos;
System info: os.name: &apos;Windows 11&apos;, os.arch: &apos;amd64&apos;, os.version: &apos;10.0&apos;, java.version: &apos;17.0.12&apos;
Driver info: org.openqa.selenium.chrome.ChromeDriver
Capabilities {acceptInsecureCerts: false, browserName: chrome, browserVersion: 140.0.7339.128, chrome: {chromedriverVersion: 140.0.7339.185 (eeea00e459e..., userDataDir: C:\Users\user\AppData\Local...}, fedcm:accounts: true, goog:chromeOptions: {debuggerAddress: localhost:52898}, networkConnectionEnabled: false, pageLoadStrategy: normal, platformName: windows, proxy: Proxy(), se:cdp: ws://localhost:52898/devtoo..., se:cdpVersion: 140.0.7339.128, setWindowRect: true, strictFileInteractability: false, timeouts: {implicit: 0, pageLoad: 300000, script: 30000}, unhandledPromptBehavior: dismiss and notify, webauthn:extension:credBlob: true, webauthn:extension:largeBlob: true, webauthn:extension:minPinLength: true, webauthn:extension:prf: true, webauthn:virtualAuthenticators: true}
Session ID: ba0b0c1c0b460ae25e75986a973ac905
	at org.openqa.selenium.support.ui.WebDriverWait.timeoutException(WebDriverWait.java:84)
	at org.openqa.selenium.support.ui.FluentWait.until(FluentWait.java:228)
	at com.Capium.Actions.CapitalAllowancesActions.SearchTextfield(CapitalAllowancesActions.java:74)
	at com.Capium.StepDefination.Capital_AllowancesStepDefination.search_a_client_and_verify(Capital_AllowancesStepDefination.java:23)
	at ✽.Search a client and verify(file:///D:/CT%205.0/CorporationTax_5.0/src/test/resources/FeatureFiles/Capital_allowance.feature:163)
</pre></div></td>
<td>280</td>
<td>com.Capium.RunnerFiles.CapitalAllowances_CalculatorRunner@ba54932</td></tr>
<tr>
<td title='com.Capium.RunnerFiles.CapitalAllowances_CalculatorRunner.runScenario()'><b>runScenario</b><br>Test class: com.Capium.RunnerFiles.CapitalAllowances_CalculatorRunner<br>Test method: Runs Cucumber Scenarios<br>Parameters: "Verify Structures and buildings asset with addition amount", "Login into Capium Application"</td>
<td><div><pre>io.cucumber.testng.UndefinedStepException: The step &apos;Click on Assert Summary Of structure and buildings&apos; and 2 other step(s) are undefined.
You can implement these steps using the snippet(s) below:

@Given(&quot;Click on Assert Summary Of structure and buildings&quot;)
public void click_on_assert_summary_of_structure_and_buildings() {
    // Write code here that turns the phrase above into concrete actions
    throw new io.cucumber.java.PendingException();
}
@Given(&quot;Click and Verify CT600 Computation of structure and buildings&quot;)
public void click_and_verify_ct600_computation_of_structure_and_buildings() {
    // Write code here that turns the phrase above into concrete actions
    throw new io.cucumber.java.PendingException();
}
@Given(&quot;Click on Enhanced Expenditure and Verify Machinery and plant Main pool value of strcutures and buildings&quot;)
public void click_on_enhanced_expenditure_and_verify_machinery_and_plant_main_pool_value_of_strcutures_and_buildings() {
    // Write code here that turns the phrase above into concrete actions
    throw new io.cucumber.java.PendingException();
}

	at io.cucumber.core.runtime.TestCaseResultObserver.assertTestCasePassed(TestCaseResultObserver.java:69)
	at io.cucumber.testng.TestCaseResultObserver.assertTestCasePassed(TestCaseResultObserver.java:23)
	at io.cucumber.testng.TestNGCucumberRunner.lambda$runScenario$1(TestNGCucumberRunner.java:133)
	at io.cucumber.core.runtime.CucumberExecutionContext.lambda$runTestCase$5(CucumberExecutionContext.java:136)
	at io.cucumber.core.runtime.RethrowingThrowableCollector.executeAndThrow(RethrowingThrowableCollector.java:23)
	at io.cucumber.core.runtime.CucumberExecutionContext.runTestCase(CucumberExecutionContext.java:136)
	at io.cucumber.testng.TestNGCucumberRunner.runScenario(TestNGCucumberRunner.java:129)
	at io.cucumber.testng.AbstractTestNGCucumberTests.runScenario(AbstractTestNGCucumberTests.java:35)
	at java.base/java.util.ArrayList.forEach(ArrayList.java:1511)
... Removed 26 stack frames</pre></div><a href='#' onClick='toggleBox("stack-trace1688988080", this, "Click to show all stack frames", "Click to hide stack frames")'>Click to show all stack frames</a>
<div class='stack-trace' id='stack-trace1688988080'><pre>io.cucumber.testng.UndefinedStepException: The step &apos;Click on Assert Summary Of structure and buildings&apos; and 2 other step(s) are undefined.
You can implement these steps using the snippet(s) below:

@Given(&quot;Click on Assert Summary Of structure and buildings&quot;)
public void click_on_assert_summary_of_structure_and_buildings() {
    // Write code here that turns the phrase above into concrete actions
    throw new io.cucumber.java.PendingException();
}
@Given(&quot;Click and Verify CT600 Computation of structure and buildings&quot;)
public void click_and_verify_ct600_computation_of_structure_and_buildings() {
    // Write code here that turns the phrase above into concrete actions
    throw new io.cucumber.java.PendingException();
}
@Given(&quot;Click on Enhanced Expenditure and Verify Machinery and plant Main pool value of strcutures and buildings&quot;)
public void click_on_enhanced_expenditure_and_verify_machinery_and_plant_main_pool_value_of_strcutures_and_buildings() {
    // Write code here that turns the phrase above into concrete actions
    throw new io.cucumber.java.PendingException();
}

	at io.cucumber.core.runtime.TestCaseResultObserver.assertTestCasePassed(TestCaseResultObserver.java:69)
	at io.cucumber.testng.TestCaseResultObserver.assertTestCasePassed(TestCaseResultObserver.java:23)
	at io.cucumber.testng.TestNGCucumberRunner.lambda$runScenario$1(TestNGCucumberRunner.java:133)
	at io.cucumber.core.runtime.CucumberExecutionContext.lambda$runTestCase$5(CucumberExecutionContext.java:136)
	at io.cucumber.core.runtime.RethrowingThrowableCollector.executeAndThrow(RethrowingThrowableCollector.java:23)
	at io.cucumber.core.runtime.CucumberExecutionContext.runTestCase(CucumberExecutionContext.java:136)
	at io.cucumber.testng.TestNGCucumberRunner.runScenario(TestNGCucumberRunner.java:129)
	at io.cucumber.testng.AbstractTestNGCucumberTests.runScenario(AbstractTestNGCucumberTests.java:35)
	at jdk.internal.reflect.GeneratedMethodAccessor82.invoke(Unknown Source)
	at java.base/jdk.internal.reflect.DelegatingMethodAccessorImpl.invoke(DelegatingMethodAccessorImpl.java:43)
	at java.base/java.lang.reflect.Method.invoke(Method.java:568)
	at org.testng.internal.invokers.MethodInvocationHelper.invokeMethod(MethodInvocationHelper.java:141)
	at org.testng.internal.invokers.TestInvoker.invokeMethod(TestInvoker.java:686)
	at org.testng.internal.invokers.TestInvoker.invokeTestMethod(TestInvoker.java:230)
	at org.testng.internal.invokers.MethodRunner.runInSequence(MethodRunner.java:63)
	at org.testng.internal.invokers.TestInvoker$MethodInvocationAgent.invoke(TestInvoker.java:992)
	at org.testng.internal.invokers.TestInvoker.invokeTestMethods(TestInvoker.java:203)
	at org.testng.internal.invokers.TestMethodWorker.invokeTestMethods(TestMethodWorker.java:154)
	at org.testng.internal.invokers.TestMethodWorker.run(TestMethodWorker.java:134)
	at java.base/java.util.ArrayList.forEach(ArrayList.java:1511)
	at org.testng.TestRunner.privateRun(TestRunner.java:739)
	at org.testng.TestRunner.run(TestRunner.java:614)
	at org.testng.SuiteRunner.runTest(SuiteRunner.java:421)
	at org.testng.SuiteRunner.runSequentially(SuiteRunner.java:413)
	at org.testng.SuiteRunner.privateRun(SuiteRunner.java:373)
	at org.testng.SuiteRunner.run(SuiteRunner.java:312)
	at org.testng.SuiteRunnerWorker.runSuite(SuiteRunnerWorker.java:52)
	at org.testng.SuiteRunnerWorker.run(SuiteRunnerWorker.java:95)
	at org.testng.TestNG.runSuitesSequentially(TestNG.java:1274)
	at org.testng.TestNG.runSuitesLocally(TestNG.java:1208)
	at org.testng.TestNG.runSuites(TestNG.java:1112)
	at org.testng.TestNG.run(TestNG.java:1079)
	at org.testng.remote.AbstractRemoteTestNG.run(AbstractRemoteTestNG.java:115)
	at org.testng.remote.RemoteTestNG.initAndRun(RemoteTestNG.java:293)
	at org.testng.remote.RemoteTestNG.main(RemoteTestNG.java:91)
</pre></div></td>
<td>98</td>
<td>com.Capium.RunnerFiles.CapitalAllowances_CalculatorRunner@ba54932</td></tr>
<tr>
<td title='com.Capium.RunnerFiles.CapitalAllowances_CalculatorRunner.runScenario()'><b>runScenario</b><br>Test class: com.Capium.RunnerFiles.CapitalAllowances_CalculatorRunner<br>Test method: Runs Cucumber Scenarios<br>Parameters: "Verify Main pool asset with addition amount and restriction amount", "Login into Capium Application"</td>
<td><div><pre>org.openqa.selenium.TimeoutException: Expected condition failed: waiting for visibility of element located by By.xpath: //input[@placeholder=&apos;Search here...&apos;] (tried for 15 second(s) with 500 milliseconds interval)
Build info: version: &apos;4.23.0&apos;, revision: &apos;4df0a231af&apos;
System info: os.name: &apos;Windows 11&apos;, os.arch: &apos;amd64&apos;, os.version: &apos;10.0&apos;, java.version: &apos;17.0.12&apos;
Driver info: org.openqa.selenium.chrome.ChromeDriver
Capabilities {acceptInsecureCerts: false, browserName: chrome, browserVersion: 140.0.7339.128, chrome: {chromedriverVersion: 140.0.7339.185 (eeea00e459e..., userDataDir: C:\Users\user\AppData\Local...}, fedcm:accounts: true, goog:chromeOptions: {debuggerAddress: localhost:52745}, networkConnectionEnabled: false, pageLoadStrategy: normal, platformName: windows, proxy: Proxy(), se:cdp: ws://localhost:52745/devtoo..., se:cdpVersion: 140.0.7339.128, setWindowRect: true, strictFileInteractability: false, timeouts: {implicit: 0, pageLoad: 300000, script: 30000}, unhandledPromptBehavior: dismiss and notify, webauthn:extension:credBlob: true, webauthn:extension:largeBlob: true, webauthn:extension:minPinLength: true, webauthn:extension:prf: true, webauthn:virtualAuthenticators: true}
Session ID: 4b52dd6efb39c70434d2efe644bdd7fa
	at org.openqa.selenium.support.ui.WebDriverWait.timeoutException(WebDriverWait.java:84)
	at org.openqa.selenium.support.ui.FluentWait.until(FluentWait.java:228)
	at com.Capium.Actions.CapitalAllowancesActions.SearchTextfield(CapitalAllowancesActions.java:74)
	at com.Capium.StepDefination.Capital_AllowancesStepDefination.search_a_client_and_verify(Capital_AllowancesStepDefination.java:23)
	at ✽.Search a client and verify(file:///D:/CT%205.0/CorporationTax_5.0/src/test/resources/FeatureFiles/Capital_allowance.feature:117)
</pre></div><a href='#' onClick='toggleBox("stack-trace79591009", this, "Click to show all stack frames", "Click to hide stack frames")'>Click to show all stack frames</a>
<div class='stack-trace' id='stack-trace79591009'><pre>org.openqa.selenium.TimeoutException: Expected condition failed: waiting for visibility of element located by By.xpath: //input[@placeholder=&apos;Search here...&apos;] (tried for 15 second(s) with 500 milliseconds interval)
Build info: version: &apos;4.23.0&apos;, revision: &apos;4df0a231af&apos;
System info: os.name: &apos;Windows 11&apos;, os.arch: &apos;amd64&apos;, os.version: &apos;10.0&apos;, java.version: &apos;17.0.12&apos;
Driver info: org.openqa.selenium.chrome.ChromeDriver
Capabilities {acceptInsecureCerts: false, browserName: chrome, browserVersion: 140.0.7339.128, chrome: {chromedriverVersion: 140.0.7339.185 (eeea00e459e..., userDataDir: C:\Users\user\AppData\Local...}, fedcm:accounts: true, goog:chromeOptions: {debuggerAddress: localhost:52745}, networkConnectionEnabled: false, pageLoadStrategy: normal, platformName: windows, proxy: Proxy(), se:cdp: ws://localhost:52745/devtoo..., se:cdpVersion: 140.0.7339.128, setWindowRect: true, strictFileInteractability: false, timeouts: {implicit: 0, pageLoad: 300000, script: 30000}, unhandledPromptBehavior: dismiss and notify, webauthn:extension:credBlob: true, webauthn:extension:largeBlob: true, webauthn:extension:minPinLength: true, webauthn:extension:prf: true, webauthn:virtualAuthenticators: true}
Session ID: 4b52dd6efb39c70434d2efe644bdd7fa
	at org.openqa.selenium.support.ui.WebDriverWait.timeoutException(WebDriverWait.java:84)
	at org.openqa.selenium.support.ui.FluentWait.until(FluentWait.java:228)
	at com.Capium.Actions.CapitalAllowancesActions.SearchTextfield(CapitalAllowancesActions.java:74)
	at com.Capium.StepDefination.Capital_AllowancesStepDefination.search_a_client_and_verify(Capital_AllowancesStepDefination.java:23)
	at ✽.Search a client and verify(file:///D:/CT%205.0/CorporationTax_5.0/src/test/resources/FeatureFiles/Capital_allowance.feature:117)
</pre></div></td>
<td>225</td>
<td>com.Capium.RunnerFiles.CapitalAllowances_CalculatorRunner@ba54932</td></tr>
</table><p>
<table width='100%' border='1' class='invocation-passed'>
<tr><td colspan='4' align='center'><b>PASSED TESTS</b></td></tr>
<tr><td><b>Test method</b></td>
<td><b>Attribute(s)</b></td>
<td width="30%"><b>Exception</b></td>
<td width="10%"><b>Time (seconds)</b></td>
<td><b>Instance</b></td>
</tr>
<tr>
<td title='com.Capium.RunnerFiles.CapitalAllowances_CalculatorRunner.runScenario()'><b>runScenario</b><br>Test class: com.Capium.RunnerFiles.CapitalAllowances_CalculatorRunner<br>Test method: Runs Cucumber Scenarios<br>Parameters: "Verify SpecialRate asset with WDV b/fwd amount", "Login into Capium Application"</td>
<td></td>
<td>133</td>
<td>com.Capium.RunnerFiles.CapitalAllowances_CalculatorRunner@ba54932</td></tr>
<tr>
<td title='com.Capium.RunnerFiles.CapitalAllowances_CalculatorRunner.runScenario()'><b>runScenario</b><br>Test class: com.Capium.RunnerFiles.CapitalAllowances_CalculatorRunner<br>Test method: Runs Cucumber Scenarios<br>Parameters: "Verify electric vehicle charge points with addition amount With NO CLAIM", "Login into Capium Application"</td>
<td></td>
<td>131</td>
<td>com.Capium.RunnerFiles.CapitalAllowances_CalculatorRunner@ba54932</td></tr>
<tr>
<td title='com.Capium.RunnerFiles.CapitalAllowances_CalculatorRunner.runScenario()'><b>runScenario</b><br>Test class: com.Capium.RunnerFiles.CapitalAllowances_CalculatorRunner<br>Test method: Runs Cucumber Scenarios<br>Parameters: "Verify Main pool asset with WDV b/fwd amount", "Login into Capium Application"</td>
<td></td>
<td>137</td>
<td>com.Capium.RunnerFiles.CapitalAllowances_CalculatorRunner@ba54932</td></tr>
<tr>
<td title='com.Capium.RunnerFiles.CapitalAllowances_CalculatorRunner.runScenario()'><b>runScenario</b><br>Test class: com.Capium.RunnerFiles.CapitalAllowances_CalculatorRunner<br>Test method: Runs Cucumber Scenarios<br>Parameters: "Verify Main pool asset with WDV b/fwd amount by using cancel changes", "Login into Capium Application"</td>
<td></td>
<td>102</td>
<td>com.Capium.RunnerFiles.CapitalAllowances_CalculatorRunner@ba54932</td></tr>
<tr>
<td title='com.Capium.RunnerFiles.CapitalAllowances_CalculatorRunner.runScenario()'><b>runScenario</b><br>Test class: com.Capium.RunnerFiles.CapitalAllowances_CalculatorRunner<br>Test method: Runs Cucumber Scenarios<br>Parameters: "Verify Main pool asset with addition amount with asset is car Between 75-130g/Km", "Login into Capium Application"</td>
<td></td>
<td>154</td>
<td>com.Capium.RunnerFiles.CapitalAllowances_CalculatorRunner@ba54932</td></tr>
<tr>
<td title='com.Capium.RunnerFiles.CapitalAllowances_CalculatorRunner.runScenario()'><b>runScenario</b><br>Test class: com.Capium.RunnerFiles.CapitalAllowances_CalculatorRunner<br>Test method: Runs Cucumber Scenarios<br>Parameters: "Verify Main pool asset with addition amount", "Login into Capium Application"</td>
<td></td>
<td>147</td>
<td>com.Capium.RunnerFiles.CapitalAllowances_CalculatorRunner@ba54932</td></tr>
<tr>
<td title='com.Capium.RunnerFiles.CapitalAllowances_CalculatorRunner.runScenario()'><b>runScenario</b><br>Test class: com.Capium.RunnerFiles.CapitalAllowances_CalculatorRunner<br>Test method: Runs Cucumber Scenarios<br>Parameters: "Verify kebab icon for capital allowance", "Login into Capium Application"</td>
<td></td>
<td>82</td>
<td>com.Capium.RunnerFiles.CapitalAllowances_CalculatorRunner@ba54932</td></tr>
<tr>
<td title='com.Capium.RunnerFiles.CapitalAllowances_CalculatorRunner.runScenario()'><b>runScenario</b><br>Test class: com.Capium.RunnerFiles.CapitalAllowances_CalculatorRunner<br>Test method: Runs Cucumber Scenarios<br>Parameters: "Verify shortlife asset with WDV b/fwd amount and  disposed amount", "Login into Capium Application"</td>
<td></td>
<td>138</td>
<td>com.Capium.RunnerFiles.CapitalAllowances_CalculatorRunner@ba54932</td></tr>
<tr>
<td title='com.Capium.RunnerFiles.CapitalAllowances_CalculatorRunner.runScenario()'><b>runScenario</b><br>Test class: com.Capium.RunnerFiles.CapitalAllowances_CalculatorRunner<br>Test method: Runs Cucumber Scenarios<br>Parameters: "Verify shortlife asset with addition amount With NO CLAIM", "Login into Capium Application"</td>
<td></td>
<td>132</td>
<td>com.Capium.RunnerFiles.CapitalAllowances_CalculatorRunner@ba54932</td></tr>
<tr>
<td title='com.Capium.RunnerFiles.CapitalAllowances_CalculatorRunner.runScenario()'><b>runScenario</b><br>Test class: com.Capium.RunnerFiles.CapitalAllowances_CalculatorRunner<br>Test method: Runs Cucumber Scenarios<br>Parameters: "Verify Main pool asset with addition amount and disposed amount", "Login into Capium Application"</td>
<td></td>
<td>145</td>
<td>com.Capium.RunnerFiles.CapitalAllowances_CalculatorRunner@ba54932</td></tr>
<tr>
<td title='com.Capium.RunnerFiles.CapitalAllowances_CalculatorRunner.runScenario()'><b>runScenario</b><br>Test class: com.Capium.RunnerFiles.CapitalAllowances_CalculatorRunner<br>Test method: Runs Cucumber Scenarios<br>Parameters: "Verify shortlife asset with WDV b/fwd amount and  larger disposed amount", "Login into Capium Application"</td>
<td></td>
<td>137</td>
<td>com.Capium.RunnerFiles.CapitalAllowances_CalculatorRunner@ba54932</td></tr>
<tr>
<td title='com.Capium.RunnerFiles.CapitalAllowances_CalculatorRunner.runScenario()'><b>runScenario</b><br>Test class: com.Capium.RunnerFiles.CapitalAllowances_CalculatorRunner<br>Test method: Runs Cucumber Scenarios<br>Parameters: "Verify Main specailrate asset with addition amount and  larger disposed amount", "Login into Capium Application"</td>
<td></td>
<td>152</td>
<td>com.Capium.RunnerFiles.CapitalAllowances_CalculatorRunner@ba54932</td></tr>
<tr>
<td title='com.Capium.RunnerFiles.CapitalAllowances_CalculatorRunner.runScenario()'><b>runScenario</b><br>Test class: com.Capium.RunnerFiles.CapitalAllowances_CalculatorRunner<br>Test method: Runs Cucumber Scenarios<br>Parameters: "Verify enterpise zone and allowances with addition amount", "Login into Capium Application"</td>
<td></td>
<td>134</td>
<td>com.Capium.RunnerFiles.CapitalAllowances_CalculatorRunner@ba54932</td></tr>
<tr>
<td title='com.Capium.RunnerFiles.CapitalAllowances_CalculatorRunner.runScenario()'><b>runScenario</b><br>Test class: com.Capium.RunnerFiles.CapitalAllowances_CalculatorRunner<br>Test method: Runs Cucumber Scenarios<br>Parameters: "Verify ZERO EMISSION CARS  with addition amount With NO CLAIM", "Login into Capium Application"</td>
<td></td>
<td>136</td>
<td>com.Capium.RunnerFiles.CapitalAllowances_CalculatorRunner@ba54932</td></tr>
<tr>
<td title='com.Capium.RunnerFiles.CapitalAllowances_CalculatorRunner.runScenario()'><b>runScenario</b><br>Test class: com.Capium.RunnerFiles.CapitalAllowances_CalculatorRunner<br>Test method: Runs Cucumber Scenarios<br>Parameters: "Verify Main pool asset with WDV amount and disposed amount and business closed checkbox", "Login into Capium Application"</td>
<td></td>
<td>177</td>
<td>com.Capium.RunnerFiles.CapitalAllowances_CalculatorRunner@ba54932</td></tr>
<tr>
<td title='com.Capium.RunnerFiles.CapitalAllowances_CalculatorRunner.runScenario()'><b>runScenario</b><br>Test class: com.Capium.RunnerFiles.CapitalAllowances_CalculatorRunner<br>Test method: Runs Cucumber Scenarios<br>Parameters: "Verify  with  zero emissions goods vehicle addition amount", "Login into Capium Application"</td>
<td></td>
<td>135</td>
<td>com.Capium.RunnerFiles.CapitalAllowances_CalculatorRunner@ba54932</td></tr>
<tr>
<td title='com.Capium.RunnerFiles.CapitalAllowances_CalculatorRunner.runScenario()'><b>runScenario</b><br>Test class: com.Capium.RunnerFiles.CapitalAllowances_CalculatorRunner<br>Test method: Runs Cucumber Scenarios<br>Parameters: "Verify Main pool asset with addition amount with asset is car Between 75g/kmorless", "Login into Capium Application"</td>
<td></td>
<td>155</td>
<td>com.Capium.RunnerFiles.CapitalAllowances_CalculatorRunner@ba54932</td></tr>
<tr>
<td title='com.Capium.RunnerFiles.CapitalAllowances_CalculatorRunner.runScenario()'><b>runScenario</b><br>Test class: com.Capium.RunnerFiles.CapitalAllowances_CalculatorRunner<br>Test method: Runs Cucumber Scenarios<br>Parameters: "Verify mainpool rate with addition amount  at first year allowance at 100 percent", "Login into Capium Application"</td>
<td></td>
<td>151</td>
<td>com.Capium.RunnerFiles.CapitalAllowances_CalculatorRunner@ba54932</td></tr>
<tr>
<td title='com.Capium.RunnerFiles.CapitalAllowances_CalculatorRunner.runScenario()'><b>runScenario</b><br>Test class: com.Capium.RunnerFiles.CapitalAllowances_CalculatorRunner<br>Test method: Runs Cucumber Scenarios<br>Parameters: "Verify structure and buildings asset with WDV b/fwd amount and restriction amount", "Login into Capium Application"</td>
<td></td>
<td>118</td>
<td>com.Capium.RunnerFiles.CapitalAllowances_CalculatorRunner@ba54932</td></tr>
<tr>
<td title='com.Capium.RunnerFiles.CapitalAllowances_CalculatorRunner.runScenario()'><b>runScenario</b><br>Test class: com.Capium.RunnerFiles.CapitalAllowances_CalculatorRunner<br>Test method: Runs Cucumber Scenarios<br>Parameters: "Verify Main pool asset with WDV b/fwd amount with no claim", "Login into Capium Application"</td>
<td></td>
<td>166</td>
<td>com.Capium.RunnerFiles.CapitalAllowances_CalculatorRunner@ba54932</td></tr>
<tr>
<td title='com.Capium.RunnerFiles.CapitalAllowances_CalculatorRunner.runScenario()'><b>runScenario</b><br>Test class: com.Capium.RunnerFiles.CapitalAllowances_CalculatorRunner<br>Test method: Runs Cucumber Scenarios<br>Parameters: "Verify Main pool asset with addition amount and superdeduction", "Login into Capium Application"</td>
<td></td>
<td>168</td>
<td>com.Capium.RunnerFiles.CapitalAllowances_CalculatorRunner@ba54932</td></tr>
<tr>
<td title='com.Capium.RunnerFiles.CapitalAllowances_CalculatorRunner.runScenario()'><b>runScenario</b><br>Test class: com.Capium.RunnerFiles.CapitalAllowances_CalculatorRunner<br>Test method: Runs Cucumber Scenarios<br>Parameters: "Verify kebab icon for capital allowance", "Login into Capium Application"</td>
<td></td>
<td>83</td>
<td>com.Capium.RunnerFiles.CapitalAllowances_CalculatorRunner@ba54932</td></tr>
<tr>
<td title='com.Capium.RunnerFiles.CapitalAllowances_CalculatorRunner.runScenario()'><b>runScenario</b><br>Test class: com.Capium.RunnerFiles.CapitalAllowances_CalculatorRunner<br>Test method: Runs Cucumber Scenarios<br>Parameters: "Verify Main pool asset with WDV b/fwd amount", "Login into Capium Application"</td>
<td></td>
<td>154</td>
<td>com.Capium.RunnerFiles.CapitalAllowances_CalculatorRunner@ba54932</td></tr>
<tr>
<td title='com.Capium.RunnerFiles.CapitalAllowances_CalculatorRunner.runScenario()'><b>runScenario</b><br>Test class: com.Capium.RunnerFiles.CapitalAllowances_CalculatorRunner<br>Test method: Runs Cucumber Scenarios<br>Parameters: "Verify shortlife asset with addition amount and disposed amount", "Login into Capium Application"</td>
<td></td>
<td>139</td>
<td>com.Capium.RunnerFiles.CapitalAllowances_CalculatorRunner@ba54932</td></tr>
<tr>
<td title='com.Capium.RunnerFiles.CapitalAllowances_CalculatorRunner.runScenario()'><b>runScenario</b><br>Test class: com.Capium.RunnerFiles.CapitalAllowances_CalculatorRunner<br>Test method: Runs Cucumber Scenarios<br>Parameters: "Verify structure and buildings with  WDV b/fwd amount and addition amount", "Login into Capium Application"</td>
<td></td>
<td>127</td>
<td>com.Capium.RunnerFiles.CapitalAllowances_CalculatorRunner@ba54932</td></tr>
<tr>
<td title='com.Capium.RunnerFiles.CapitalAllowances_CalculatorRunner.runScenario()'><b>runScenario</b><br>Test class: com.Capium.RunnerFiles.CapitalAllowances_CalculatorRunner<br>Test method: Runs Cucumber Scenarios<br>Parameters: "Click on the created CT600 Return and navigate to Capital Allowances Calculator excess amount screen.", "Login into Capium Application"</td>
<td></td>
<td>77</td>
<td>com.Capium.RunnerFiles.CapitalAllowances_CalculatorRunner@ba54932</td></tr>
<tr>
<td title='com.Capium.RunnerFiles.CapitalAllowances_CalculatorRunner.runScenario()'><b>runScenario</b><br>Test class: com.Capium.RunnerFiles.CapitalAllowances_CalculatorRunner<br>Test method: Runs Cucumber Scenarios<br>Parameters: "Verify structure and buildings with addition amount and business closed checkbox", "Login into Capium Application"</td>
<td></td>
<td>141</td>
<td>com.Capium.RunnerFiles.CapitalAllowances_CalculatorRunner@ba54932</td></tr>
<tr>
<td title='com.Capium.RunnerFiles.CapitalAllowances_CalculatorRunner.runScenario()'><b>runScenario</b><br>Test class: com.Capium.RunnerFiles.CapitalAllowances_CalculatorRunner<br>Test method: Runs Cucumber Scenarios<br>Parameters: "Verify Main pool asset with WDV amount and claim small pool allowance", "Login into Capium Application"</td>
<td></td>
<td>136</td>
<td>com.Capium.RunnerFiles.CapitalAllowances_CalculatorRunner@ba54932</td></tr>
<tr>
<td title='com.Capium.RunnerFiles.CapitalAllowances_CalculatorRunner.runScenario()'><b>runScenario</b><br>Test class: com.Capium.RunnerFiles.CapitalAllowances_CalculatorRunner<br>Test method: Runs Cucumber Scenarios<br>Parameters: "Verify structure and buildings asset with WDV b/fwd amount", "Login into Capium Application"</td>
<td></td>
<td>144</td>
<td>com.Capium.RunnerFiles.CapitalAllowances_CalculatorRunner@ba54932</td></tr>
<tr>
<td title='com.Capium.RunnerFiles.CapitalAllowances_CalculatorRunner.runScenario()'><b>runScenario</b><br>Test class: com.Capium.RunnerFiles.CapitalAllowances_CalculatorRunner<br>Test method: Runs Cucumber Scenarios<br>Parameters: "Verify shortlife asset with addition amount and disposed amount and business closed checkbox", "Login into Capium Application"</td>
<td></td>
<td>133</td>
<td>com.Capium.RunnerFiles.CapitalAllowances_CalculatorRunner@ba54932</td></tr>
<tr>
<td title='com.Capium.RunnerFiles.CapitalAllowances_CalculatorRunner.runScenario()'><b>runScenario</b><br>Test class: com.Capium.RunnerFiles.CapitalAllowances_CalculatorRunner<br>Test method: Runs Cucumber Scenarios<br>Parameters: "Verify structure and buildings with addition amount and restriction amount", "Login into Capium Application"</td>
<td></td>
<td>127</td>
<td>com.Capium.RunnerFiles.CapitalAllowances_CalculatorRunner@ba54932</td></tr>
<tr>
<td title='com.Capium.RunnerFiles.CapitalAllowances_CalculatorRunner.runScenario()'><b>runScenario</b><br>Test class: com.Capium.RunnerFiles.CapitalAllowances_CalculatorRunner<br>Test method: Runs Cucumber Scenarios<br>Parameters: "Verify Other charges and allowances with addition amount and disposed amount and business closed checkbox", "Login into Capium Application"</td>
<td></td>
<td>133</td>
<td>com.Capium.RunnerFiles.CapitalAllowances_CalculatorRunner@ba54932</td></tr>
<tr>
<td title='com.Capium.RunnerFiles.CapitalAllowances_CalculatorRunner.runScenario()'><b>runScenario</b><br>Test class: com.Capium.RunnerFiles.CapitalAllowances_CalculatorRunner<br>Test method: Runs Cucumber Scenarios<br>Parameters: "Verify Main pool asset with  WDV b/fwd amount and addition amount", "Login into Capium Application"</td>
<td></td>
<td>150</td>
<td>com.Capium.RunnerFiles.CapitalAllowances_CalculatorRunner@ba54932</td></tr>
<tr>
<td title='com.Capium.RunnerFiles.CapitalAllowances_CalculatorRunner.runScenario()'><b>runScenario</b><br>Test class: com.Capium.RunnerFiles.CapitalAllowances_CalculatorRunner<br>Test method: Runs Cucumber Scenarios<br>Parameters: "Verify special rate pool with addition amount and business closed checkbox", "Login into Capium Application"</td>
<td></td>
<td>137</td>
<td>com.Capium.RunnerFiles.CapitalAllowances_CalculatorRunner@ba54932</td></tr>
<tr>
<td title='com.Capium.RunnerFiles.CapitalAllowances_CalculatorRunner.runScenario()'><b>runScenario</b><br>Test class: com.Capium.RunnerFiles.CapitalAllowances_CalculatorRunner<br>Test method: Runs Cucumber Scenarios<br>Parameters: "Verify electric vehicle charge points with addition amount and disposed amount and business closed checkbox", "Login into Capium Application"</td>
<td></td>
<td>130</td>
<td>com.Capium.RunnerFiles.CapitalAllowances_CalculatorRunner@ba54932</td></tr>
<tr>
<td title='com.Capium.RunnerFiles.CapitalAllowances_CalculatorRunner.runScenario()'><b>runScenario</b><br>Test class: com.Capium.RunnerFiles.CapitalAllowances_CalculatorRunner<br>Test method: Runs Cucumber Scenarios<br>Parameters: "Verify DESIGNATED ENHNACED ALLOWANCE  with addition amount and disposed amount and business closed checkbox", "Login into Capium Application"</td>
<td></td>
<td>161</td>
<td>com.Capium.RunnerFiles.CapitalAllowances_CalculatorRunner@ba54932</td></tr>
<tr>
<td title='com.Capium.RunnerFiles.CapitalAllowances_CalculatorRunner.runScenario()'><b>runScenario</b><br>Test class: com.Capium.RunnerFiles.CapitalAllowances_CalculatorRunner<br>Test method: Runs Cucumber Scenarios<br>Parameters: "Verify Main pool asset with addition amount and  larger disposed amount", "Login into Capium Application"</td>
<td></td>
<td>188</td>
<td>com.Capium.RunnerFiles.CapitalAllowances_CalculatorRunner@ba54932</td></tr>
<tr>
<td title='com.Capium.RunnerFiles.CapitalAllowances_CalculatorRunner.runScenario()'><b>runScenario</b><br>Test class: com.Capium.RunnerFiles.CapitalAllowances_CalculatorRunner<br>Test method: Runs Cucumber Scenarios<br>Parameters: "Verify Main pool asset with addition amount With NO CLAIM", "Login into Capium Application"</td>
<td></td>
<td>146</td>
<td>com.Capium.RunnerFiles.CapitalAllowances_CalculatorRunner@ba54932</td></tr>
<tr>
<td title='com.Capium.RunnerFiles.CapitalAllowances_CalculatorRunner.runScenario()'><b>runScenario</b><br>Test class: com.Capium.RunnerFiles.CapitalAllowances_CalculatorRunner<br>Test method: Runs Cucumber Scenarios<br>Parameters: "Verify specialrate asset with WDV b/fwd amount and  disposed amount", "Login into Capium Application"</td>
<td></td>
<td>143</td>
<td>com.Capium.RunnerFiles.CapitalAllowances_CalculatorRunner@ba54932</td></tr>
<tr>
<td title='com.Capium.RunnerFiles.CapitalAllowances_CalculatorRunner.runScenario()'><b>runScenario</b><br>Test class: com.Capium.RunnerFiles.CapitalAllowances_CalculatorRunner<br>Test method: Runs Cucumber Scenarios<br>Parameters: "Verify special rate pool  with addition amount With NO CLAIM", "Login into Capium Application"</td>
<td></td>
<td>130</td>
<td>com.Capium.RunnerFiles.CapitalAllowances_CalculatorRunner@ba54932</td></tr>
<tr>
<td title='com.Capium.RunnerFiles.CapitalAllowances_CalculatorRunner.runScenario()'><b>runScenario</b><br>Test class: com.Capium.RunnerFiles.CapitalAllowances_CalculatorRunner<br>Test method: Runs Cucumber Scenarios<br>Parameters: "Verify DESIGNATED ENHANCED ALLOWANCE with addition amount  at first year allowance at 100 percent", "Login into Capium Application"</td>
<td></td>
<td>141</td>
<td>com.Capium.RunnerFiles.CapitalAllowances_CalculatorRunner@ba54932</td></tr>
<tr>
<td title='com.Capium.RunnerFiles.CapitalAllowances_CalculatorRunner.runScenario()'><b>runScenario</b><br>Test class: com.Capium.RunnerFiles.CapitalAllowances_CalculatorRunner<br>Test method: Runs Cucumber Scenarios<br>Parameters: "Verify Electric vehicle charge points and allowances with addition amount", "Login into Capium Application"</td>
<td></td>
<td>178</td>
<td>com.Capium.RunnerFiles.CapitalAllowances_CalculatorRunner@ba54932</td></tr>
<tr>
<td title='com.Capium.RunnerFiles.CapitalAllowances_CalculatorRunner.runScenario()'><b>runScenario</b><br>Test class: com.Capium.RunnerFiles.CapitalAllowances_CalculatorRunner<br>Test method: Runs Cucumber Scenarios<br>Parameters: "Verify specialrate asset with addition amount and disposed amount", "Login into Capium Application"</td>
<td></td>
<td>151</td>
<td>com.Capium.RunnerFiles.CapitalAllowances_CalculatorRunner@ba54932</td></tr>
<tr>
<td title='com.Capium.RunnerFiles.CapitalAllowances_CalculatorRunner.runScenario()'><b>runScenario</b><br>Test class: com.Capium.RunnerFiles.CapitalAllowances_CalculatorRunner<br>Test method: Runs Cucumber Scenarios<br>Parameters: "Verify ZERO EMISSION CARS  with addition amount", "Login into Capium Application"</td>
<td></td>
<td>140</td>
<td>com.Capium.RunnerFiles.CapitalAllowances_CalculatorRunner@ba54932</td></tr>
<tr>
<td title='com.Capium.RunnerFiles.CapitalAllowances_CalculatorRunner.runScenario()'><b>runScenario</b><br>Test class: com.Capium.RunnerFiles.CapitalAllowances_CalculatorRunner<br>Test method: Runs Cucumber Scenarios<br>Parameters: "Verify shortlife asset with WDV b/fwd amount", "Login into Capium Application"</td>
<td></td>
<td>132</td>
<td>com.Capium.RunnerFiles.CapitalAllowances_CalculatorRunner@ba54932</td></tr>
<tr>
<td title='com.Capium.RunnerFiles.CapitalAllowances_CalculatorRunner.runScenario()'><b>runScenario</b><br>Test class: com.Capium.RunnerFiles.CapitalAllowances_CalculatorRunner<br>Test method: Runs Cucumber Scenarios<br>Parameters: "Verify structure and buildings with addition amount with no claim", "Login into Capium Application"</td>
<td></td>
<td>134</td>
<td>com.Capium.RunnerFiles.CapitalAllowances_CalculatorRunner@ba54932</td></tr>
<tr>
<td title='com.Capium.RunnerFiles.CapitalAllowances_CalculatorRunner.runScenario()'><b>runScenario</b><br>Test class: com.Capium.RunnerFiles.CapitalAllowances_CalculatorRunner<br>Test method: Runs Cucumber Scenarios<br>Parameters: "Verify ZERO EMISSION CARS  with addition amount and disposed amount and business closed checkbox", "Login into Capium Application"</td>
<td></td>
<td>137</td>
<td>com.Capium.RunnerFiles.CapitalAllowances_CalculatorRunner@ba54932</td></tr>
<tr>
<td title='com.Capium.RunnerFiles.CapitalAllowances_CalculatorRunner.runScenario()'><b>runScenario</b><br>Test class: com.Capium.RunnerFiles.CapitalAllowances_CalculatorRunner<br>Test method: Runs Cucumber Scenarios<br>Parameters: "Verify shortlife asset with addition amount and  larger disposed amount", "Login into Capium Application"</td>
<td></td>
<td>145</td>
<td>com.Capium.RunnerFiles.CapitalAllowances_CalculatorRunner@ba54932</td></tr>
<tr>
<td title='com.Capium.RunnerFiles.CapitalAllowances_CalculatorRunner.runScenario()'><b>runScenario</b><br>Test class: com.Capium.RunnerFiles.CapitalAllowances_CalculatorRunner<br>Test method: Runs Cucumber Scenarios<br>Parameters: "Verify Main pool asset with WDV b/fwd amount and  larger disposed amount", "Login into Capium Application"</td>
<td></td>
<td>142</td>
<td>com.Capium.RunnerFiles.CapitalAllowances_CalculatorRunner@ba54932</td></tr>
<tr>
<td title='com.Capium.RunnerFiles.CapitalAllowances_CalculatorRunner.runScenario()'><b>runScenario</b><br>Test class: com.Capium.RunnerFiles.CapitalAllowances_CalculatorRunner<br>Test method: Runs Cucumber Scenarios<br>Parameters: "Verify specialrate asset with WDV b/fwd amount and  larger disposed amount", "Login into Capium Application"</td>
<td></td>
<td>147</td>
<td>com.Capium.RunnerFiles.CapitalAllowances_CalculatorRunner@ba54932</td></tr>
<tr>
<td title='com.Capium.RunnerFiles.CapitalAllowances_CalculatorRunner.runScenario()'><b>runScenario</b><br>Test class: com.Capium.RunnerFiles.CapitalAllowances_CalculatorRunner<br>Test method: Runs Cucumber Scenarios<br>Parameters: "Verify zero emissions goods vehicle with addition amount With NO CLAIM", "Login into Capium Application"</td>
<td></td>
<td>140</td>
<td>com.Capium.RunnerFiles.CapitalAllowances_CalculatorRunner@ba54932</td></tr>
<tr>
<td title='com.Capium.RunnerFiles.CapitalAllowances_CalculatorRunner.runScenario()'><b>runScenario</b><br>Test class: com.Capium.RunnerFiles.CapitalAllowances_CalculatorRunner<br>Test method: Runs Cucumber Scenarios<br>Parameters: "Verify Other charges and allowances with addition amount With NO CLAIM", "Login into Capium Application"</td>
<td></td>
<td>141</td>
<td>com.Capium.RunnerFiles.CapitalAllowances_CalculatorRunner@ba54932</td></tr>
<tr>
<td title='com.Capium.RunnerFiles.CapitalAllowances_CalculatorRunner.runScenario()'><b>runScenario</b><br>Test class: com.Capium.RunnerFiles.CapitalAllowances_CalculatorRunner<br>Test method: Runs Cucumber Scenarios<br>Parameters: "Verifyzero emissions goods vehicle with addition amount and disposed amount and business closed checkbox", "Login into Capium Application"</td>
<td></td>
<td>132</td>
<td>com.Capium.RunnerFiles.CapitalAllowances_CalculatorRunner@ba54932</td></tr>
<tr>
<td title='com.Capium.RunnerFiles.CapitalAllowances_CalculatorRunner.runScenario()'><b>runScenario</b><br>Test class: com.Capium.RunnerFiles.CapitalAllowances_CalculatorRunner<br>Test method: Runs Cucumber Scenarios<br>Parameters: "Verify Main pool asset with addition amount and disposed amount and business closed checkbox", "Login into Capium Application"</td>
<td></td>
<td>145</td>
<td>com.Capium.RunnerFiles.CapitalAllowances_CalculatorRunner@ba54932</td></tr>
<tr>
<td title='com.Capium.RunnerFiles.CapitalAllowances_CalculatorRunner.runScenario()'><b>runScenario</b><br>Test class: com.Capium.RunnerFiles.CapitalAllowances_CalculatorRunner<br>Test method: Runs Cucumber Scenarios<br>Parameters: "Verify Main pool asset with addition amount", "Login into Capium Application"</td>
<td></td>
<td>140</td>
<td>com.Capium.RunnerFiles.CapitalAllowances_CalculatorRunner@ba54932</td></tr>
<tr>
<td title='com.Capium.RunnerFiles.CapitalAllowances_CalculatorRunner.runScenario()'><b>runScenario</b><br>Test class: com.Capium.RunnerFiles.CapitalAllowances_CalculatorRunner<br>Test method: Runs Cucumber Scenarios<br>Parameters: "Verify Main pool asset with WDV b/fwd amount and restriction amount", "Login into Capium Application"</td>
<td></td>
<td>140</td>
<td>com.Capium.RunnerFiles.CapitalAllowances_CalculatorRunner@ba54932</td></tr>
<tr>
<td title='com.Capium.RunnerFiles.CapitalAllowances_CalculatorRunner.runScenario()'><b>runScenario</b><br>Test class: com.Capium.RunnerFiles.CapitalAllowances_CalculatorRunner<br>Test method: Runs Cucumber Scenarios<br>Parameters: "Verify Main pool asset with addition amount and AIA amount", "Login into Capium Application"</td>
<td></td>
<td>147</td>
<td>com.Capium.RunnerFiles.CapitalAllowances_CalculatorRunner@ba54932</td></tr>
<tr>
<td title='com.Capium.RunnerFiles.CapitalAllowances_CalculatorRunner.runScenario()'><b>runScenario</b><br>Test class: com.Capium.RunnerFiles.CapitalAllowances_CalculatorRunner<br>Test method: Runs Cucumber Scenarios<br>Parameters: "Verify shortlife asset with addition amount", "Login into Capium Application"</td>
<td></td>
<td>130</td>
<td>com.Capium.RunnerFiles.CapitalAllowances_CalculatorRunner@ba54932</td></tr>
</table><p>
</body>
</html>