<?xml version="1.0" encoding="UTF-8"?>
<testng-results ignored="0" total="72" passed="58" failed="14" skipped="0">
  <reporter-output>
  </reporter-output>
  <suite started-at="2025-09-23T13:29:25 IST" name="Suite" finished-at="2025-09-23T16:27:25 IST" duration-ms="10679335">
    <groups>
      <group name="cucumber">
        <method signature="AbstractTestNGCucumberTests.runScenario(io.cucumber.testng.PickleWrapper,io.cucumber.testng.FeatureWrapper)[pri:0, instance:com.Capium.RunnerFiles.CapitalAllowances_CalculatorRunner@ba54932]" name="runScenario" class="io.cucumber.testng.AbstractTestNGCucumberTests"/>
      </group> <!-- cucumber -->
    </groups>
    <test started-at="2025-09-23T13:29:25 IST" name="Test" finished-at="2025-09-23T16:27:25 IST" duration-ms="10679335">
      <class name="com.Capium.RunnerFiles.CapitalAllowances_CalculatorRunner">
        <test-method is-config="true" signature="setUpClass(org.testng.ITestContext)[pri:0, instance:com.Capium.RunnerFiles.CapitalAllowances_CalculatorRunner@ba54932]" started-at="2025-09-23T13:29:25 IST" name="setUpClass" finished-at="2025-09-23T13:29:31 IST" duration-ms="5739" status="PASS">
          <params>
            <param index="0">
              <value>
                <![CDATA[org.testng.TestRunner@3aeb1b8e]]>
              </value>
            </param>
          </params>
          <reporter-output>
          </reporter-output>
        </test-method> <!-- setUpClass -->
        <test-method signature="runScenario(io.cucumber.testng.PickleWrapper,io.cucumber.testng.FeatureWrapper)[pri:0, instance:com.Capium.RunnerFiles.CapitalAllowances_CalculatorRunner@ba54932]" started-at="2025-09-23T13:29:31 IST" name="runScenario" description="Runs Cucumber Scenarios" data-provider="scenarios" finished-at="2025-09-23T13:30:49 IST" duration-ms="77668" status="PASS">
          <params>
            <param index="0">
              <value>
                <![CDATA["Click on the created CT600 Return and navigate to Capital Allowances Calculator excess amount screen."]]>
              </value>
            </param>
            <param index="1">
              <value>
                <![CDATA["Login into Capium Application"]]>
              </value>
            </param>
          </params>
          <reporter-output>
          </reporter-output>
        </test-method> <!-- runScenario -->
        <test-method signature="runScenario(io.cucumber.testng.PickleWrapper,io.cucumber.testng.FeatureWrapper)[pri:0, instance:com.Capium.RunnerFiles.CapitalAllowances_CalculatorRunner@ba54932]" started-at="2025-09-23T13:30:49 IST" name="runScenario" description="Runs Cucumber Scenarios" data-provider="scenarios" finished-at="2025-09-23T13:33:23 IST" duration-ms="154306" status="PASS">
          <params>
            <param index="0">
              <value>
                <![CDATA["Verify Main pool asset with WDV b/fwd amount"]]>
              </value>
            </param>
            <param index="1">
              <value>
                <![CDATA["Login into Capium Application"]]>
              </value>
            </param>
          </params>
          <reporter-output>
          </reporter-output>
        </test-method> <!-- runScenario -->
        <test-method signature="runScenario(io.cucumber.testng.PickleWrapper,io.cucumber.testng.FeatureWrapper)[pri:0, instance:com.Capium.RunnerFiles.CapitalAllowances_CalculatorRunner@ba54932]" started-at="2025-09-23T13:33:23 IST" name="runScenario" description="Runs Cucumber Scenarios" data-provider="scenarios" finished-at="2025-09-23T13:35:25 IST" duration-ms="122472" status="FAIL">
          <params>
            <param index="0">
              <value>
                <![CDATA["Verify Main pool asset with WDV b/fwd amount by using save"]]>
              </value>
            </param>
            <param index="1">
              <value>
                <![CDATA["Login into Capium Application"]]>
              </value>
            </param>
          </params>
          <exception class="org.openqa.selenium.TimeoutException">
            <message>
              <![CDATA[Expected condition failed: waiting for visibility of element located by By.xpath: //input[@placeholder='Search here...'] (tried for 15 second(s) with 500 milliseconds interval)
Build info: version: '4.23.0', revision: '4df0a231af'
System info: os.name: 'Windows 11', os.arch: 'amd64', os.version: '10.0', java.version: '17.0.12'
Driver info: org.openqa.selenium.chrome.ChromeDriver
Capabilities {acceptInsecureCerts: false, browserName: chrome, browserVersion: 140.0.7339.128, chrome: {chromedriverVersion: 140.0.7339.185 (eeea00e459e..., userDataDir: C:\Users\user\AppData\Local...}, fedcm:accounts: true, goog:chromeOptions: {debuggerAddress: localhost:52243}, networkConnectionEnabled: false, pageLoadStrategy: normal, platformName: windows, proxy: Proxy(), se:cdp: ws://localhost:52243/devtoo..., se:cdpVersion: 140.0.7339.128, setWindowRect: true, strictFileInteractability: false, timeouts: {implicit: 0, pageLoad: 300000, script: 30000}, unhandledPromptBehavior: dismiss and notify, webauthn:extension:credBlob: true, webauthn:extension:largeBlob: true, webauthn:extension:minPinLength: true, webauthn:extension:prf: true, webauthn:virtualAuthenticators: true}
Session ID: 93ed2b13e617e4243735145c723d2519]]>
            </message>
            <full-stacktrace>
              <![CDATA[org.openqa.selenium.TimeoutException: Expected condition failed: waiting for visibility of element located by By.xpath: //input[@placeholder='Search here...'] (tried for 15 second(s) with 500 milliseconds interval)
Build info: version: '4.23.0', revision: '4df0a231af'
System info: os.name: 'Windows 11', os.arch: 'amd64', os.version: '10.0', java.version: '17.0.12'
Driver info: org.openqa.selenium.chrome.ChromeDriver
Capabilities {acceptInsecureCerts: false, browserName: chrome, browserVersion: 140.0.7339.128, chrome: {chromedriverVersion: 140.0.7339.185 (eeea00e459e..., userDataDir: C:\Users\user\AppData\Local...}, fedcm:accounts: true, goog:chromeOptions: {debuggerAddress: localhost:52243}, networkConnectionEnabled: false, pageLoadStrategy: normal, platformName: windows, proxy: Proxy(), se:cdp: ws://localhost:52243/devtoo..., se:cdpVersion: 140.0.7339.128, setWindowRect: true, strictFileInteractability: false, timeouts: {implicit: 0, pageLoad: 300000, script: 30000}, unhandledPromptBehavior: dismiss and notify, webauthn:extension:credBlob: true, webauthn:extension:largeBlob: true, webauthn:extension:minPinLength: true, webauthn:extension:prf: true, webauthn:virtualAuthenticators: true}
Session ID: 93ed2b13e617e4243735145c723d2519
at org.openqa.selenium.support.ui.WebDriverWait.timeoutException(WebDriverWait.java:84)
at org.openqa.selenium.support.ui.FluentWait.until(FluentWait.java:228)
at com.Capium.Actions.CapitalAllowancesActions.SearchTextfield(CapitalAllowancesActions.java:74)
at com.Capium.StepDefination.Capital_AllowancesStepDefination.search_a_client_and_verify(Capital_AllowancesStepDefination.java:23)
at âœ½.Search a client and verify(file:///D:/CT%205.0/CorporationTax_5.0/src/test/resources/FeatureFiles/Capital_allowance.feature:42)
]]>
            </full-stacktrace>
          </exception> <!-- org.openqa.selenium.TimeoutException -->
          <reporter-output>
          </reporter-output>
        </test-method> <!-- runScenario -->
        <test-method signature="runScenario(io.cucumber.testng.PickleWrapper,io.cucumber.testng.FeatureWrapper)[pri:0, instance:com.Capium.RunnerFiles.CapitalAllowances_CalculatorRunner@ba54932]" started-at="2025-09-23T13:35:25 IST" name="runScenario" description="Runs Cucumber Scenarios" data-provider="scenarios" finished-at="2025-09-23T13:40:02 IST" duration-ms="276260" status="FAIL">
          <params>
            <param index="0">
              <value>
                <![CDATA["Verify Main pool asset with WDV b/fwd amount by using cancel changes"]]>
              </value>
            </param>
            <param index="1">
              <value>
                <![CDATA["Login into Capium Application"]]>
              </value>
            </param>
          </params>
          <exception class="org.openqa.selenium.TimeoutException">
            <message>
              <![CDATA[Expected condition failed: waiting for visibility of element located by By.xpath: //input[@placeholder='Search here...'] (tried for 15 second(s) with 500 milliseconds interval)
Build info: version: '4.23.0', revision: '4df0a231af'
System info: os.name: 'Windows 11', os.arch: 'amd64', os.version: '10.0', java.version: '17.0.12'
Driver info: org.openqa.selenium.chrome.ChromeDriver
Capabilities {acceptInsecureCerts: false, browserName: chrome, browserVersion: 140.0.7339.128, chrome: {chromedriverVersion: 140.0.7339.185 (eeea00e459e..., userDataDir: C:\Users\user\AppData\Local...}, fedcm:accounts: true, goog:chromeOptions: {debuggerAddress: localhost:52337}, networkConnectionEnabled: false, pageLoadStrategy: normal, platformName: windows, proxy: Proxy(), se:cdp: ws://localhost:52337/devtoo..., se:cdpVersion: 140.0.7339.128, setWindowRect: true, strictFileInteractability: false, timeouts: {implicit: 0, pageLoad: 300000, script: 30000}, unhandledPromptBehavior: dismiss and notify, webauthn:extension:credBlob: true, webauthn:extension:largeBlob: true, webauthn:extension:minPinLength: true, webauthn:extension:prf: true, webauthn:virtualAuthenticators: true}
Session ID: 69cdc17689b4d11b65d4efd072be34cd]]>
            </message>
            <full-stacktrace>
              <![CDATA[org.openqa.selenium.TimeoutException: Expected condition failed: waiting for visibility of element located by By.xpath: //input[@placeholder='Search here...'] (tried for 15 second(s) with 500 milliseconds interval)
Build info: version: '4.23.0', revision: '4df0a231af'
System info: os.name: 'Windows 11', os.arch: 'amd64', os.version: '10.0', java.version: '17.0.12'
Driver info: org.openqa.selenium.chrome.ChromeDriver
Capabilities {acceptInsecureCerts: false, browserName: chrome, browserVersion: 140.0.7339.128, chrome: {chromedriverVersion: 140.0.7339.185 (eeea00e459e..., userDataDir: C:\Users\user\AppData\Local...}, fedcm:accounts: true, goog:chromeOptions: {debuggerAddress: localhost:52337}, networkConnectionEnabled: false, pageLoadStrategy: normal, platformName: windows, proxy: Proxy(), se:cdp: ws://localhost:52337/devtoo..., se:cdpVersion: 140.0.7339.128, setWindowRect: true, strictFileInteractability: false, timeouts: {implicit: 0, pageLoad: 300000, script: 30000}, unhandledPromptBehavior: dismiss and notify, webauthn:extension:credBlob: true, webauthn:extension:largeBlob: true, webauthn:extension:minPinLength: true, webauthn:extension:prf: true, webauthn:virtualAuthenticators: true}
Session ID: 69cdc17689b4d11b65d4efd072be34cd
at org.openqa.selenium.support.ui.WebDriverWait.timeoutException(WebDriverWait.java:84)
at org.openqa.selenium.support.ui.FluentWait.until(FluentWait.java:228)
at com.Capium.Actions.CapitalAllowancesActions.SearchTextfield(CapitalAllowancesActions.java:74)
at com.Capium.StepDefination.Capital_AllowancesStepDefination.search_a_client_and_verify(Capital_AllowancesStepDefination.java:23)
at âœ½.Search a client and verify(file:///D:/CT%205.0/CorporationTax_5.0/src/test/resources/FeatureFiles/Capital_allowance.feature:58)
]]>
            </full-stacktrace>
          </exception> <!-- org.openqa.selenium.TimeoutException -->
          <reporter-output>
          </reporter-output>
        </test-method> <!-- runScenario -->
        <test-method signature="runScenario(io.cucumber.testng.PickleWrapper,io.cucumber.testng.FeatureWrapper)[pri:0, instance:com.Capium.RunnerFiles.CapitalAllowances_CalculatorRunner@ba54932]" started-at="2025-09-23T13:40:02 IST" name="runScenario" description="Runs Cucumber Scenarios" data-provider="scenarios" finished-at="2025-09-23T13:42:22 IST" duration-ms="140567" status="PASS">
          <params>
            <param index="0">
              <value>
                <![CDATA["Verify Main pool asset with addition amount"]]>
              </value>
            </param>
            <param index="1">
              <value>
                <![CDATA["Login into Capium Application"]]>
              </value>
            </param>
          </params>
          <reporter-output>
          </reporter-output>
        </test-method> <!-- runScenario -->
        <test-method signature="runScenario(io.cucumber.testng.PickleWrapper,io.cucumber.testng.FeatureWrapper)[pri:0, instance:com.Capium.RunnerFiles.CapitalAllowances_CalculatorRunner@ba54932]" started-at="2025-09-23T13:42:22 IST" name="runScenario" description="Runs Cucumber Scenarios" data-provider="scenarios" finished-at="2025-09-23T13:44:53 IST" duration-ms="150740" status="PASS">
          <params>
            <param index="0">
              <value>
                <![CDATA["Verify Main pool asset with  WDV b/fwd amount and addition amount"]]>
              </value>
            </param>
            <param index="1">
              <value>
                <![CDATA["Login into Capium Application"]]>
              </value>
            </param>
          </params>
          <reporter-output>
          </reporter-output>
        </test-method> <!-- runScenario -->
        <test-method signature="runScenario(io.cucumber.testng.PickleWrapper,io.cucumber.testng.FeatureWrapper)[pri:0, instance:com.Capium.RunnerFiles.CapitalAllowances_CalculatorRunner@ba54932]" started-at="2025-09-23T13:44:53 IST" name="runScenario" description="Runs Cucumber Scenarios" data-provider="scenarios" finished-at="2025-09-23T13:48:39 IST" duration-ms="225950" status="FAIL">
          <params>
            <param index="0">
              <value>
                <![CDATA["Verify Main pool asset with addition amount and restriction amount"]]>
              </value>
            </param>
            <param index="1">
              <value>
                <![CDATA["Login into Capium Application"]]>
              </value>
            </param>
          </params>
          <exception class="org.openqa.selenium.TimeoutException">
            <message>
              <![CDATA[Expected condition failed: waiting for visibility of element located by By.xpath: //input[@placeholder='Search here...'] (tried for 15 second(s) with 500 milliseconds interval)
Build info: version: '4.23.0', revision: '4df0a231af'
System info: os.name: 'Windows 11', os.arch: 'amd64', os.version: '10.0', java.version: '17.0.12'
Driver info: org.openqa.selenium.chrome.ChromeDriver
Capabilities {acceptInsecureCerts: false, browserName: chrome, browserVersion: 140.0.7339.128, chrome: {chromedriverVersion: 140.0.7339.185 (eeea00e459e..., userDataDir: C:\Users\user\AppData\Local...}, fedcm:accounts: true, goog:chromeOptions: {debuggerAddress: localhost:52745}, networkConnectionEnabled: false, pageLoadStrategy: normal, platformName: windows, proxy: Proxy(), se:cdp: ws://localhost:52745/devtoo..., se:cdpVersion: 140.0.7339.128, setWindowRect: true, strictFileInteractability: false, timeouts: {implicit: 0, pageLoad: 300000, script: 30000}, unhandledPromptBehavior: dismiss and notify, webauthn:extension:credBlob: true, webauthn:extension:largeBlob: true, webauthn:extension:minPinLength: true, webauthn:extension:prf: true, webauthn:virtualAuthenticators: true}
Session ID: 4b52dd6efb39c70434d2efe644bdd7fa]]>
            </message>
            <full-stacktrace>
              <![CDATA[org.openqa.selenium.TimeoutException: Expected condition failed: waiting for visibility of element located by By.xpath: //input[@placeholder='Search here...'] (tried for 15 second(s) with 500 milliseconds interval)
Build info: version: '4.23.0', revision: '4df0a231af'
System info: os.name: 'Windows 11', os.arch: 'amd64', os.version: '10.0', java.version: '17.0.12'
Driver info: org.openqa.selenium.chrome.ChromeDriver
Capabilities {acceptInsecureCerts: false, browserName: chrome, browserVersion: 140.0.7339.128, chrome: {chromedriverVersion: 140.0.7339.185 (eeea00e459e..., userDataDir: C:\Users\user\AppData\Local...}, fedcm:accounts: true, goog:chromeOptions: {debuggerAddress: localhost:52745}, networkConnectionEnabled: false, pageLoadStrategy: normal, platformName: windows, proxy: Proxy(), se:cdp: ws://localhost:52745/devtoo..., se:cdpVersion: 140.0.7339.128, setWindowRect: true, strictFileInteractability: false, timeouts: {implicit: 0, pageLoad: 300000, script: 30000}, unhandledPromptBehavior: dismiss and notify, webauthn:extension:credBlob: true, webauthn:extension:largeBlob: true, webauthn:extension:minPinLength: true, webauthn:extension:prf: true, webauthn:virtualAuthenticators: true}
Session ID: 4b52dd6efb39c70434d2efe644bdd7fa
at org.openqa.selenium.support.ui.WebDriverWait.timeoutException(WebDriverWait.java:84)
at org.openqa.selenium.support.ui.FluentWait.until(FluentWait.java:228)
at com.Capium.Actions.CapitalAllowancesActions.SearchTextfield(CapitalAllowancesActions.java:74)
at com.Capium.StepDefination.Capital_AllowancesStepDefination.search_a_client_and_verify(Capital_AllowancesStepDefination.java:23)
at âœ½.Search a client and verify(file:///D:/CT%205.0/CorporationTax_5.0/src/test/resources/FeatureFiles/Capital_allowance.feature:117)
]]>
            </full-stacktrace>
          </exception> <!-- org.openqa.selenium.TimeoutException -->
          <reporter-output>
          </reporter-output>
        </test-method> <!-- runScenario -->
        <test-method signature="runScenario(io.cucumber.testng.PickleWrapper,io.cucumber.testng.FeatureWrapper)[pri:0, instance:com.Capium.RunnerFiles.CapitalAllowances_CalculatorRunner@ba54932]" started-at="2025-09-23T13:48:39 IST" name="runScenario" description="Runs Cucumber Scenarios" data-provider="scenarios" finished-at="2025-09-23T13:51:00 IST" duration-ms="140571" status="PASS">
          <params>
            <param index="0">
              <value>
                <![CDATA["Verify Main pool asset with WDV b/fwd amount and restriction amount"]]>
              </value>
            </param>
            <param index="1">
              <value>
                <![CDATA["Login into Capium Application"]]>
              </value>
            </param>
          </params>
          <reporter-output>
          </reporter-output>
        </test-method> <!-- runScenario -->
        <test-method signature="runScenario(io.cucumber.testng.PickleWrapper,io.cucumber.testng.FeatureWrapper)[pri:0, instance:com.Capium.RunnerFiles.CapitalAllowances_CalculatorRunner@ba54932]" started-at="2025-09-23T13:51:00 IST" name="runScenario" description="Runs Cucumber Scenarios" data-provider="scenarios" finished-at="2025-09-23T13:55:40 IST" duration-ms="280682" status="FAIL">
          <params>
            <param index="0">
              <value>
                <![CDATA["Verify Main pool asset with WDV b/fwd amount and  disposed amount and restriction amount"]]>
              </value>
            </param>
            <param index="1">
              <value>
                <![CDATA["Login into Capium Application"]]>
              </value>
            </param>
          </params>
          <exception class="org.openqa.selenium.TimeoutException">
            <message>
              <![CDATA[Expected condition failed: waiting for visibility of element located by By.xpath: //input[@placeholder='Search here...'] (tried for 15 second(s) with 500 milliseconds interval)
Build info: version: '4.23.0', revision: '4df0a231af'
System info: os.name: 'Windows 11', os.arch: 'amd64', os.version: '10.0', java.version: '17.0.12'
Driver info: org.openqa.selenium.chrome.ChromeDriver
Capabilities {acceptInsecureCerts: false, browserName: chrome, browserVersion: 140.0.7339.128, chrome: {chromedriverVersion: 140.0.7339.185 (eeea00e459e..., userDataDir: C:\Users\user\AppData\Local...}, fedcm:accounts: true, goog:chromeOptions: {debuggerAddress: localhost:52898}, networkConnectionEnabled: false, pageLoadStrategy: normal, platformName: windows, proxy: Proxy(), se:cdp: ws://localhost:52898/devtoo..., se:cdpVersion: 140.0.7339.128, setWindowRect: true, strictFileInteractability: false, timeouts: {implicit: 0, pageLoad: 300000, script: 30000}, unhandledPromptBehavior: dismiss and notify, webauthn:extension:credBlob: true, webauthn:extension:largeBlob: true, webauthn:extension:minPinLength: true, webauthn:extension:prf: true, webauthn:virtualAuthenticators: true}
Session ID: ba0b0c1c0b460ae25e75986a973ac905]]>
            </message>
            <full-stacktrace>
              <![CDATA[org.openqa.selenium.TimeoutException: Expected condition failed: waiting for visibility of element located by By.xpath: //input[@placeholder='Search here...'] (tried for 15 second(s) with 500 milliseconds interval)
Build info: version: '4.23.0', revision: '4df0a231af'
System info: os.name: 'Windows 11', os.arch: 'amd64', os.version: '10.0', java.version: '17.0.12'
Driver info: org.openqa.selenium.chrome.ChromeDriver
Capabilities {acceptInsecureCerts: false, browserName: chrome, browserVersion: 140.0.7339.128, chrome: {chromedriverVersion: 140.0.7339.185 (eeea00e459e..., userDataDir: C:\Users\user\AppData\Local...}, fedcm:accounts: true, goog:chromeOptions: {debuggerAddress: localhost:52898}, networkConnectionEnabled: false, pageLoadStrategy: normal, platformName: windows, proxy: Proxy(), se:cdp: ws://localhost:52898/devtoo..., se:cdpVersion: 140.0.7339.128, setWindowRect: true, strictFileInteractability: false, timeouts: {implicit: 0, pageLoad: 300000, script: 30000}, unhandledPromptBehavior: dismiss and notify, webauthn:extension:credBlob: true, webauthn:extension:largeBlob: true, webauthn:extension:minPinLength: true, webauthn:extension:prf: true, webauthn:virtualAuthenticators: true}
Session ID: ba0b0c1c0b460ae25e75986a973ac905
at org.openqa.selenium.support.ui.WebDriverWait.timeoutException(WebDriverWait.java:84)
at org.openqa.selenium.support.ui.FluentWait.until(FluentWait.java:228)
at com.Capium.Actions.CapitalAllowancesActions.SearchTextfield(CapitalAllowancesActions.java:74)
at com.Capium.StepDefination.Capital_AllowancesStepDefination.search_a_client_and_verify(Capital_AllowancesStepDefination.java:23)
at âœ½.Search a client and verify(file:///D:/CT%205.0/CorporationTax_5.0/src/test/resources/FeatureFiles/Capital_allowance.feature:163)
]]>
            </full-stacktrace>
          </exception> <!-- org.openqa.selenium.TimeoutException -->
          <reporter-output>
          </reporter-output>
        </test-method> <!-- runScenario -->
        <test-method signature="runScenario(io.cucumber.testng.PickleWrapper,io.cucumber.testng.FeatureWrapper)[pri:0, instance:com.Capium.RunnerFiles.CapitalAllowances_CalculatorRunner@ba54932]" started-at="2025-09-23T13:55:40 IST" name="runScenario" description="Runs Cucumber Scenarios" data-provider="scenarios" finished-at="2025-09-23T13:59:23 IST" duration-ms="222681" status="FAIL">
          <params>
            <param index="0">
              <value>
                <![CDATA["Verify Main pool asset with WDV b/fwd amount and  disposed amount"]]>
              </value>
            </param>
            <param index="1">
              <value>
                <![CDATA["Login into Capium Application"]]>
              </value>
            </param>
          </params>
          <exception class="org.openqa.selenium.TimeoutException">
            <message>
              <![CDATA[Expected condition failed: waiting for visibility of element located by By.xpath: //input[@placeholder='Search here...'] (tried for 15 second(s) with 500 milliseconds interval)
Build info: version: '4.23.0', revision: '4df0a231af'
System info: os.name: 'Windows 11', os.arch: 'amd64', os.version: '10.0', java.version: '17.0.12'
Driver info: org.openqa.selenium.chrome.ChromeDriver
Capabilities {acceptInsecureCerts: false, browserName: chrome, browserVersion: 140.0.7339.128, chrome: {chromedriverVersion: 140.0.7339.185 (eeea00e459e..., userDataDir: C:\Users\user\AppData\Local...}, fedcm:accounts: true, goog:chromeOptions: {debuggerAddress: localhost:52960}, networkConnectionEnabled: false, pageLoadStrategy: normal, platformName: windows, proxy: Proxy(), se:cdp: ws://localhost:52960/devtoo..., se:cdpVersion: 140.0.7339.128, setWindowRect: true, strictFileInteractability: false, timeouts: {implicit: 0, pageLoad: 300000, script: 30000}, unhandledPromptBehavior: dismiss and notify, webauthn:extension:credBlob: true, webauthn:extension:largeBlob: true, webauthn:extension:minPinLength: true, webauthn:extension:prf: true, webauthn:virtualAuthenticators: true}
Session ID: 67a6c544d76e83cb7238358e7cfa99b3]]>
            </message>
            <full-stacktrace>
              <![CDATA[org.openqa.selenium.TimeoutException: Expected condition failed: waiting for visibility of element located by By.xpath: //input[@placeholder='Search here...'] (tried for 15 second(s) with 500 milliseconds interval)
Build info: version: '4.23.0', revision: '4df0a231af'
System info: os.name: 'Windows 11', os.arch: 'amd64', os.version: '10.0', java.version: '17.0.12'
Driver info: org.openqa.selenium.chrome.ChromeDriver
Capabilities {acceptInsecureCerts: false, browserName: chrome, browserVersion: 140.0.7339.128, chrome: {chromedriverVersion: 140.0.7339.185 (eeea00e459e..., userDataDir: C:\Users\user\AppData\Local...}, fedcm:accounts: true, goog:chromeOptions: {debuggerAddress: localhost:52960}, networkConnectionEnabled: false, pageLoadStrategy: normal, platformName: windows, proxy: Proxy(), se:cdp: ws://localhost:52960/devtoo..., se:cdpVersion: 140.0.7339.128, setWindowRect: true, strictFileInteractability: false, timeouts: {implicit: 0, pageLoad: 300000, script: 30000}, unhandledPromptBehavior: dismiss and notify, webauthn:extension:credBlob: true, webauthn:extension:largeBlob: true, webauthn:extension:minPinLength: true, webauthn:extension:prf: true, webauthn:virtualAuthenticators: true}
Session ID: 67a6c544d76e83cb7238358e7cfa99b3
at org.openqa.selenium.support.ui.WebDriverWait.timeoutException(WebDriverWait.java:84)
at org.openqa.selenium.support.ui.FluentWait.until(FluentWait.java:228)
at com.Capium.Actions.CapitalAllowancesActions.SearchTextfield(CapitalAllowancesActions.java:74)
at com.Capium.StepDefination.Capital_AllowancesStepDefination.search_a_client_and_verify(Capital_AllowancesStepDefination.java:23)
at âœ½.Search a client and verify(file:///D:/CT%205.0/CorporationTax_5.0/src/test/resources/FeatureFiles/Capital_allowance.feature:190)
]]>
            </full-stacktrace>
          </exception> <!-- org.openqa.selenium.TimeoutException -->
          <reporter-output>
          </reporter-output>
        </test-method> <!-- runScenario -->
        <test-method signature="runScenario(io.cucumber.testng.PickleWrapper,io.cucumber.testng.FeatureWrapper)[pri:0, instance:com.Capium.RunnerFiles.CapitalAllowances_CalculatorRunner@ba54932]" started-at="2025-09-23T13:59:23 IST" name="runScenario" description="Runs Cucumber Scenarios" data-provider="scenarios" finished-at="2025-09-23T14:01:46 IST" duration-ms="142766" status="PASS">
          <params>
            <param index="0">
              <value>
                <![CDATA["Verify Main pool asset with WDV b/fwd amount and  larger disposed amount"]]>
              </value>
            </param>
            <param index="1">
              <value>
                <![CDATA["Login into Capium Application"]]>
              </value>
            </param>
          </params>
          <reporter-output>
          </reporter-output>
        </test-method> <!-- runScenario -->
        <test-method signature="runScenario(io.cucumber.testng.PickleWrapper,io.cucumber.testng.FeatureWrapper)[pri:0, instance:com.Capium.RunnerFiles.CapitalAllowances_CalculatorRunner@ba54932]" started-at="2025-09-23T14:01:46 IST" name="runScenario" description="Runs Cucumber Scenarios" data-provider="scenarios" finished-at="2025-09-23T14:04:54 IST" duration-ms="188751" status="PASS">
          <params>
            <param index="0">
              <value>
                <![CDATA["Verify Main pool asset with addition amount and  larger disposed amount"]]>
              </value>
            </param>
            <param index="1">
              <value>
                <![CDATA["Login into Capium Application"]]>
              </value>
            </param>
          </params>
          <reporter-output>
          </reporter-output>
        </test-method> <!-- runScenario -->
        <test-method signature="runScenario(io.cucumber.testng.PickleWrapper,io.cucumber.testng.FeatureWrapper)[pri:0, instance:com.Capium.RunnerFiles.CapitalAllowances_CalculatorRunner@ba54932]" started-at="2025-09-23T14:04:54 IST" name="runScenario" description="Runs Cucumber Scenarios" data-provider="scenarios" finished-at="2025-09-23T14:07:20 IST" duration-ms="145901" status="PASS">
          <params>
            <param index="0">
              <value>
                <![CDATA["Verify Main pool asset with addition amount and disposed amount"]]>
              </value>
            </param>
            <param index="1">
              <value>
                <![CDATA["Login into Capium Application"]]>
              </value>
            </param>
          </params>
          <reporter-output>
          </reporter-output>
        </test-method> <!-- runScenario -->
        <test-method signature="runScenario(io.cucumber.testng.PickleWrapper,io.cucumber.testng.FeatureWrapper)[pri:0, instance:com.Capium.RunnerFiles.CapitalAllowances_CalculatorRunner@ba54932]" started-at="2025-09-23T14:07:20 IST" name="runScenario" description="Runs Cucumber Scenarios" data-provider="scenarios" finished-at="2025-09-23T14:09:48 IST" duration-ms="147432" status="PASS">
          <params>
            <param index="0">
              <value>
                <![CDATA["Verify Main pool asset with addition amount and AIA amount"]]>
              </value>
            </param>
            <param index="1">
              <value>
                <![CDATA["Login into Capium Application"]]>
              </value>
            </param>
          </params>
          <reporter-output>
          </reporter-output>
        </test-method> <!-- runScenario -->
        <test-method signature="runScenario(io.cucumber.testng.PickleWrapper,io.cucumber.testng.FeatureWrapper)[pri:0, instance:com.Capium.RunnerFiles.CapitalAllowances_CalculatorRunner@ba54932]" started-at="2025-09-23T14:09:48 IST" name="runScenario" description="Runs Cucumber Scenarios" data-provider="scenarios" finished-at="2025-09-23T14:12:22 IST" duration-ms="154020" status="PASS">
          <params>
            <param index="0">
              <value>
                <![CDATA["Verify Main pool asset with addition amount with asset is car Between 75-130g/Km"]]>
              </value>
            </param>
            <param index="1">
              <value>
                <![CDATA["Login into Capium Application"]]>
              </value>
            </param>
          </params>
          <reporter-output>
          </reporter-output>
        </test-method> <!-- runScenario -->
        <test-method signature="runScenario(io.cucumber.testng.PickleWrapper,io.cucumber.testng.FeatureWrapper)[pri:0, instance:com.Capium.RunnerFiles.CapitalAllowances_CalculatorRunner@ba54932]" started-at="2025-09-23T14:12:22 IST" name="runScenario" description="Runs Cucumber Scenarios" data-provider="scenarios" finished-at="2025-09-23T14:14:58 IST" duration-ms="155762" status="PASS">
          <params>
            <param index="0">
              <value>
                <![CDATA["Verify Main pool asset with addition amount with asset is car Between 75g/kmorless"]]>
              </value>
            </param>
            <param index="1">
              <value>
                <![CDATA["Login into Capium Application"]]>
              </value>
            </param>
          </params>
          <reporter-output>
          </reporter-output>
        </test-method> <!-- runScenario -->
        <test-method signature="runScenario(io.cucumber.testng.PickleWrapper,io.cucumber.testng.FeatureWrapper)[pri:0, instance:com.Capium.RunnerFiles.CapitalAllowances_CalculatorRunner@ba54932]" started-at="2025-09-23T14:14:58 IST" name="runScenario" description="Runs Cucumber Scenarios" data-provider="scenarios" finished-at="2025-09-23T14:17:44 IST" duration-ms="166323" status="PASS">
          <params>
            <param index="0">
              <value>
                <![CDATA["Verify Main pool asset with WDV b/fwd amount with no claim"]]>
              </value>
            </param>
            <param index="1">
              <value>
                <![CDATA["Login into Capium Application"]]>
              </value>
            </param>
          </params>
          <reporter-output>
          </reporter-output>
        </test-method> <!-- runScenario -->
        <test-method signature="runScenario(io.cucumber.testng.PickleWrapper,io.cucumber.testng.FeatureWrapper)[pri:0, instance:com.Capium.RunnerFiles.CapitalAllowances_CalculatorRunner@ba54932]" started-at="2025-09-23T14:17:44 IST" name="runScenario" description="Runs Cucumber Scenarios" data-provider="scenarios" finished-at="2025-09-23T14:20:11 IST" duration-ms="146854" status="PASS">
          <params>
            <param index="0">
              <value>
                <![CDATA["Verify Main pool asset with addition amount With NO CLAIM"]]>
              </value>
            </param>
            <param index="1">
              <value>
                <![CDATA["Login into Capium Application"]]>
              </value>
            </param>
          </params>
          <reporter-output>
          </reporter-output>
        </test-method> <!-- runScenario -->
        <test-method signature="runScenario(io.cucumber.testng.PickleWrapper,io.cucumber.testng.FeatureWrapper)[pri:0, instance:com.Capium.RunnerFiles.CapitalAllowances_CalculatorRunner@ba54932]" started-at="2025-09-23T14:20:11 IST" name="runScenario" description="Runs Cucumber Scenarios" data-provider="scenarios" finished-at="2025-09-23T14:22:39 IST" duration-ms="147881" status="PASS">
          <params>
            <param index="0">
              <value>
                <![CDATA["Verify Main pool asset with addition amount"]]>
              </value>
            </param>
            <param index="1">
              <value>
                <![CDATA["Login into Capium Application"]]>
              </value>
            </param>
          </params>
          <reporter-output>
          </reporter-output>
        </test-method> <!-- runScenario -->
        <test-method signature="runScenario(io.cucumber.testng.PickleWrapper,io.cucumber.testng.FeatureWrapper)[pri:0, instance:com.Capium.RunnerFiles.CapitalAllowances_CalculatorRunner@ba54932]" started-at="2025-09-23T14:22:39 IST" name="runScenario" description="Runs Cucumber Scenarios" data-provider="scenarios" finished-at="2025-09-23T14:25:04 IST" duration-ms="145540" status="PASS">
          <params>
            <param index="0">
              <value>
                <![CDATA["Verify Main pool asset with addition amount and disposed amount and business closed checkbox"]]>
              </value>
            </param>
            <param index="1">
              <value>
                <![CDATA["Login into Capium Application"]]>
              </value>
            </param>
          </params>
          <reporter-output>
          </reporter-output>
        </test-method> <!-- runScenario -->
        <test-method signature="runScenario(io.cucumber.testng.PickleWrapper,io.cucumber.testng.FeatureWrapper)[pri:0, instance:com.Capium.RunnerFiles.CapitalAllowances_CalculatorRunner@ba54932]" started-at="2025-09-23T14:25:04 IST" name="runScenario" description="Runs Cucumber Scenarios" data-provider="scenarios" finished-at="2025-09-23T14:28:02 IST" duration-ms="177671" status="PASS">
          <params>
            <param index="0">
              <value>
                <![CDATA["Verify Main pool asset with WDV amount and disposed amount and business closed checkbox"]]>
              </value>
            </param>
            <param index="1">
              <value>
                <![CDATA["Login into Capium Application"]]>
              </value>
            </param>
          </params>
          <reporter-output>
          </reporter-output>
        </test-method> <!-- runScenario -->
        <test-method signature="runScenario(io.cucumber.testng.PickleWrapper,io.cucumber.testng.FeatureWrapper)[pri:0, instance:com.Capium.RunnerFiles.CapitalAllowances_CalculatorRunner@ba54932]" started-at="2025-09-23T14:28:02 IST" name="runScenario" description="Runs Cucumber Scenarios" data-provider="scenarios" finished-at="2025-09-23T14:30:18 IST" duration-ms="136049" status="PASS">
          <params>
            <param index="0">
              <value>
                <![CDATA["Verify Main pool asset with WDV amount and claim small pool allowance"]]>
              </value>
            </param>
            <param index="1">
              <value>
                <![CDATA["Login into Capium Application"]]>
              </value>
            </param>
          </params>
          <reporter-output>
          </reporter-output>
        </test-method> <!-- runScenario -->
        <test-method signature="runScenario(io.cucumber.testng.PickleWrapper,io.cucumber.testng.FeatureWrapper)[pri:0, instance:com.Capium.RunnerFiles.CapitalAllowances_CalculatorRunner@ba54932]" started-at="2025-09-23T14:30:18 IST" name="runScenario" description="Runs Cucumber Scenarios" data-provider="scenarios" finished-at="2025-09-23T14:32:49 IST" duration-ms="151471" status="PASS">
          <params>
            <param index="0">
              <value>
                <![CDATA["Verify mainpool rate with addition amount  at first year allowance at 100 percent"]]>
              </value>
            </param>
            <param index="1">
              <value>
                <![CDATA["Login into Capium Application"]]>
              </value>
            </param>
          </params>
          <reporter-output>
          </reporter-output>
        </test-method> <!-- runScenario -->
        <test-method signature="runScenario(io.cucumber.testng.PickleWrapper,io.cucumber.testng.FeatureWrapper)[pri:0, instance:com.Capium.RunnerFiles.CapitalAllowances_CalculatorRunner@ba54932]" started-at="2025-09-23T14:32:49 IST" name="runScenario" description="Runs Cucumber Scenarios" data-provider="scenarios" finished-at="2025-09-23T14:34:51 IST" duration-ms="121103" status="FAIL">
          <params>
            <param index="0">
              <value>
                <![CDATA["Verify specialrate asset with WDV b/fwd amount and addition amount"]]>
              </value>
            </param>
            <param index="1">
              <value>
                <![CDATA["Login into Capium Application"]]>
              </value>
            </param>
          </params>
          <exception class="org.openqa.selenium.TimeoutException">
            <message>
              <![CDATA[Expected condition failed: waiting for visibility of element located by By.xpath: //input[@placeholder='Search here...'] (tried for 15 second(s) with 500 milliseconds interval)
Build info: version: '4.23.0', revision: '4df0a231af'
System info: os.name: 'Windows 11', os.arch: 'amd64', os.version: '10.0', java.version: '17.0.12'
Driver info: org.openqa.selenium.chrome.ChromeDriver
Capabilities {acceptInsecureCerts: false, browserName: chrome, browserVersion: 140.0.7339.128, chrome: {chromedriverVersion: 140.0.7339.185 (eeea00e459e..., userDataDir: C:\Users\user\AppData\Local...}, fedcm:accounts: true, goog:chromeOptions: {debuggerAddress: localhost:59263}, networkConnectionEnabled: false, pageLoadStrategy: normal, platformName: windows, proxy: Proxy(), se:cdp: ws://localhost:59263/devtoo..., se:cdpVersion: 140.0.7339.128, setWindowRect: true, strictFileInteractability: false, timeouts: {implicit: 0, pageLoad: 300000, script: 30000}, unhandledPromptBehavior: dismiss and notify, webauthn:extension:credBlob: true, webauthn:extension:largeBlob: true, webauthn:extension:minPinLength: true, webauthn:extension:prf: true, webauthn:virtualAuthenticators: true}
Session ID: c9853f1c1aa2b8755300626e2a2df4dc]]>
            </message>
            <full-stacktrace>
              <![CDATA[org.openqa.selenium.TimeoutException: Expected condition failed: waiting for visibility of element located by By.xpath: //input[@placeholder='Search here...'] (tried for 15 second(s) with 500 milliseconds interval)
Build info: version: '4.23.0', revision: '4df0a231af'
System info: os.name: 'Windows 11', os.arch: 'amd64', os.version: '10.0', java.version: '17.0.12'
Driver info: org.openqa.selenium.chrome.ChromeDriver
Capabilities {acceptInsecureCerts: false, browserName: chrome, browserVersion: 140.0.7339.128, chrome: {chromedriverVersion: 140.0.7339.185 (eeea00e459e..., userDataDir: C:\Users\user\AppData\Local...}, fedcm:accounts: true, goog:chromeOptions: {debuggerAddress: localhost:59263}, networkConnectionEnabled: false, pageLoadStrategy: normal, platformName: windows, proxy: Proxy(), se:cdp: ws://localhost:59263/devtoo..., se:cdpVersion: 140.0.7339.128, setWindowRect: true, strictFileInteractability: false, timeouts: {implicit: 0, pageLoad: 300000, script: 30000}, unhandledPromptBehavior: dismiss and notify, webauthn:extension:credBlob: true, webauthn:extension:largeBlob: true, webauthn:extension:minPinLength: true, webauthn:extension:prf: true, webauthn:virtualAuthenticators: true}
Session ID: c9853f1c1aa2b8755300626e2a2df4dc
at org.openqa.selenium.support.ui.WebDriverWait.timeoutException(WebDriverWait.java:84)
at org.openqa.selenium.support.ui.FluentWait.until(FluentWait.java:228)
at com.Capium.Actions.CapitalAllowancesActions.SearchTextfield(CapitalAllowancesActions.java:74)
at com.Capium.StepDefination.Capital_AllowancesStepDefination.search_a_client_and_verify(Capital_AllowancesStepDefination.java:23)
at âœ½.Search a client and verify(file:///D:/CT%205.0/CorporationTax_5.0/src/test/resources/FeatureFiles/Capital_allowance.feature:516)
]]>
            </full-stacktrace>
          </exception> <!-- org.openqa.selenium.TimeoutException -->
          <reporter-output>
          </reporter-output>
        </test-method> <!-- runScenario -->
        <test-method signature="runScenario(io.cucumber.testng.PickleWrapper,io.cucumber.testng.FeatureWrapper)[pri:0, instance:com.Capium.RunnerFiles.CapitalAllowances_CalculatorRunner@ba54932]" started-at="2025-09-23T14:34:51 IST" name="runScenario" description="Runs Cucumber Scenarios" data-provider="scenarios" finished-at="2025-09-23T14:37:39 IST" duration-ms="168417" status="PASS">
          <params>
            <param index="0">
              <value>
                <![CDATA["Verify Main pool asset with addition amount and superdeduction"]]>
              </value>
            </param>
            <param index="1">
              <value>
                <![CDATA["Login into Capium Application"]]>
              </value>
            </param>
          </params>
          <reporter-output>
          </reporter-output>
        </test-method> <!-- runScenario -->
        <test-method signature="runScenario(io.cucumber.testng.PickleWrapper,io.cucumber.testng.FeatureWrapper)[pri:0, instance:com.Capium.RunnerFiles.CapitalAllowances_CalculatorRunner@ba54932]" started-at="2025-09-23T14:37:39 IST" name="runScenario" description="Runs Cucumber Scenarios" data-provider="scenarios" finished-at="2025-09-23T14:39:52 IST" duration-ms="132950" status="PASS">
          <params>
            <param index="0">
              <value>
                <![CDATA["Verify shortlife asset with WDV b/fwd amount"]]>
              </value>
            </param>
            <param index="1">
              <value>
                <![CDATA["Login into Capium Application"]]>
              </value>
            </param>
          </params>
          <reporter-output>
          </reporter-output>
        </test-method> <!-- runScenario -->
        <test-method signature="runScenario(io.cucumber.testng.PickleWrapper,io.cucumber.testng.FeatureWrapper)[pri:0, instance:com.Capium.RunnerFiles.CapitalAllowances_CalculatorRunner@ba54932]" started-at="2025-09-23T14:39:52 IST" name="runScenario" description="Runs Cucumber Scenarios" data-provider="scenarios" finished-at="2025-09-23T14:42:03 IST" duration-ms="130754" status="PASS">
          <params>
            <param index="0">
              <value>
                <![CDATA["Verify shortlife asset with addition amount"]]>
              </value>
            </param>
            <param index="1">
              <value>
                <![CDATA["Login into Capium Application"]]>
              </value>
            </param>
          </params>
          <reporter-output>
          </reporter-output>
        </test-method> <!-- runScenario -->
        <test-method signature="runScenario(io.cucumber.testng.PickleWrapper,io.cucumber.testng.FeatureWrapper)[pri:0, instance:com.Capium.RunnerFiles.CapitalAllowances_CalculatorRunner@ba54932]" started-at="2025-09-23T14:42:03 IST" name="runScenario" description="Runs Cucumber Scenarios" data-provider="scenarios" finished-at="2025-09-23T14:44:21 IST" duration-ms="138621" status="PASS">
          <params>
            <param index="0">
              <value>
                <![CDATA["Verify shortlife asset with WDV b/fwd amount and  disposed amount"]]>
              </value>
            </param>
            <param index="1">
              <value>
                <![CDATA["Login into Capium Application"]]>
              </value>
            </param>
          </params>
          <reporter-output>
          </reporter-output>
        </test-method> <!-- runScenario -->
        <test-method signature="runScenario(io.cucumber.testng.PickleWrapper,io.cucumber.testng.FeatureWrapper)[pri:0, instance:com.Capium.RunnerFiles.CapitalAllowances_CalculatorRunner@ba54932]" started-at="2025-09-23T14:44:21 IST" name="runScenario" description="Runs Cucumber Scenarios" data-provider="scenarios" finished-at="2025-09-23T14:46:39 IST" duration-ms="137815" status="PASS">
          <params>
            <param index="0">
              <value>
                <![CDATA["Verify shortlife asset with WDV b/fwd amount and  larger disposed amount"]]>
              </value>
            </param>
            <param index="1">
              <value>
                <![CDATA["Login into Capium Application"]]>
              </value>
            </param>
          </params>
          <reporter-output>
          </reporter-output>
        </test-method> <!-- runScenario -->
        <test-method signature="runScenario(io.cucumber.testng.PickleWrapper,io.cucumber.testng.FeatureWrapper)[pri:0, instance:com.Capium.RunnerFiles.CapitalAllowances_CalculatorRunner@ba54932]" started-at="2025-09-23T14:46:39 IST" name="runScenario" description="Runs Cucumber Scenarios" data-provider="scenarios" finished-at="2025-09-23T14:49:05 IST" duration-ms="145925" status="PASS">
          <params>
            <param index="0">
              <value>
                <![CDATA["Verify shortlife asset with addition amount and  larger disposed amount"]]>
              </value>
            </param>
            <param index="1">
              <value>
                <![CDATA["Login into Capium Application"]]>
              </value>
            </param>
          </params>
          <reporter-output>
          </reporter-output>
        </test-method> <!-- runScenario -->
        <test-method signature="runScenario(io.cucumber.testng.PickleWrapper,io.cucumber.testng.FeatureWrapper)[pri:0, instance:com.Capium.RunnerFiles.CapitalAllowances_CalculatorRunner@ba54932]" started-at="2025-09-23T14:49:05 IST" name="runScenario" description="Runs Cucumber Scenarios" data-provider="scenarios" finished-at="2025-09-23T14:51:25 IST" duration-ms="139638" status="PASS">
          <params>
            <param index="0">
              <value>
                <![CDATA["Verify shortlife asset with addition amount and disposed amount"]]>
              </value>
            </param>
            <param index="1">
              <value>
                <![CDATA["Login into Capium Application"]]>
              </value>
            </param>
          </params>
          <reporter-output>
          </reporter-output>
        </test-method> <!-- runScenario -->
        <test-method signature="runScenario(io.cucumber.testng.PickleWrapper,io.cucumber.testng.FeatureWrapper)[pri:0, instance:com.Capium.RunnerFiles.CapitalAllowances_CalculatorRunner@ba54932]" started-at="2025-09-23T14:51:25 IST" name="runScenario" description="Runs Cucumber Scenarios" data-provider="scenarios" finished-at="2025-09-23T14:53:38 IST" duration-ms="133118" status="PASS">
          <params>
            <param index="0">
              <value>
                <![CDATA["Verify shortlife asset with addition amount and disposed amount and business closed checkbox"]]>
              </value>
            </param>
            <param index="1">
              <value>
                <![CDATA["Login into Capium Application"]]>
              </value>
            </param>
          </params>
          <reporter-output>
          </reporter-output>
        </test-method> <!-- runScenario -->
        <test-method signature="runScenario(io.cucumber.testng.PickleWrapper,io.cucumber.testng.FeatureWrapper)[pri:0, instance:com.Capium.RunnerFiles.CapitalAllowances_CalculatorRunner@ba54932]" started-at="2025-09-23T14:53:38 IST" name="runScenario" description="Runs Cucumber Scenarios" data-provider="scenarios" finished-at="2025-09-23T14:55:50 IST" duration-ms="132287" status="PASS">
          <params>
            <param index="0">
              <value>
                <![CDATA["Verify shortlife asset with addition amount With NO CLAIM"]]>
              </value>
            </param>
            <param index="1">
              <value>
                <![CDATA["Login into Capium Application"]]>
              </value>
            </param>
          </params>
          <reporter-output>
          </reporter-output>
        </test-method> <!-- runScenario -->
        <test-method signature="runScenario(io.cucumber.testng.PickleWrapper,io.cucumber.testng.FeatureWrapper)[pri:0, instance:com.Capium.RunnerFiles.CapitalAllowances_CalculatorRunner@ba54932]" started-at="2025-09-23T14:55:50 IST" name="runScenario" description="Runs Cucumber Scenarios" data-provider="scenarios" finished-at="2025-09-23T14:58:03 IST" duration-ms="133172" status="PASS">
          <params>
            <param index="0">
              <value>
                <![CDATA["Verify SpecialRate asset with WDV b/fwd amount"]]>
              </value>
            </param>
            <param index="1">
              <value>
                <![CDATA["Login into Capium Application"]]>
              </value>
            </param>
          </params>
          <reporter-output>
          </reporter-output>
        </test-method> <!-- runScenario -->
        <test-method signature="runScenario(io.cucumber.testng.PickleWrapper,io.cucumber.testng.FeatureWrapper)[pri:0, instance:com.Capium.RunnerFiles.CapitalAllowances_CalculatorRunner@ba54932]" started-at="2025-09-23T14:58:03 IST" name="runScenario" description="Runs Cucumber Scenarios" data-provider="scenarios" finished-at="2025-09-23T15:00:27 IST" duration-ms="143834" status="PASS">
          <params>
            <param index="0">
              <value>
                <![CDATA["Verify specialrate asset with WDV b/fwd amount and  disposed amount"]]>
              </value>
            </param>
            <param index="1">
              <value>
                <![CDATA["Login into Capium Application"]]>
              </value>
            </param>
          </params>
          <reporter-output>
          </reporter-output>
        </test-method> <!-- runScenario -->
        <test-method signature="runScenario(io.cucumber.testng.PickleWrapper,io.cucumber.testng.FeatureWrapper)[pri:0, instance:com.Capium.RunnerFiles.CapitalAllowances_CalculatorRunner@ba54932]" started-at="2025-09-23T15:00:27 IST" name="runScenario" description="Runs Cucumber Scenarios" data-provider="scenarios" finished-at="2025-09-23T15:02:55 IST" duration-ms="147788" status="PASS">
          <params>
            <param index="0">
              <value>
                <![CDATA["Verify specialrate asset with WDV b/fwd amount and  larger disposed amount"]]>
              </value>
            </param>
            <param index="1">
              <value>
                <![CDATA["Login into Capium Application"]]>
              </value>
            </param>
          </params>
          <reporter-output>
          </reporter-output>
        </test-method> <!-- runScenario -->
        <test-method signature="runScenario(io.cucumber.testng.PickleWrapper,io.cucumber.testng.FeatureWrapper)[pri:0, instance:com.Capium.RunnerFiles.CapitalAllowances_CalculatorRunner@ba54932]" started-at="2025-09-23T15:02:55 IST" name="runScenario" description="Runs Cucumber Scenarios" data-provider="scenarios" finished-at="2025-09-23T15:05:27 IST" duration-ms="152082" status="PASS">
          <params>
            <param index="0">
              <value>
                <![CDATA["Verify Main specailrate asset with addition amount and  larger disposed amount"]]>
              </value>
            </param>
            <param index="1">
              <value>
                <![CDATA["Login into Capium Application"]]>
              </value>
            </param>
          </params>
          <reporter-output>
          </reporter-output>
        </test-method> <!-- runScenario -->
        <test-method signature="runScenario(io.cucumber.testng.PickleWrapper,io.cucumber.testng.FeatureWrapper)[pri:0, instance:com.Capium.RunnerFiles.CapitalAllowances_CalculatorRunner@ba54932]" started-at="2025-09-23T15:05:27 IST" name="runScenario" description="Runs Cucumber Scenarios" data-provider="scenarios" finished-at="2025-09-23T15:07:59 IST" duration-ms="151819" status="PASS">
          <params>
            <param index="0">
              <value>
                <![CDATA["Verify specialrate asset with addition amount and disposed amount"]]>
              </value>
            </param>
            <param index="1">
              <value>
                <![CDATA["Login into Capium Application"]]>
              </value>
            </param>
          </params>
          <reporter-output>
          </reporter-output>
        </test-method> <!-- runScenario -->
        <test-method signature="runScenario(io.cucumber.testng.PickleWrapper,io.cucumber.testng.FeatureWrapper)[pri:0, instance:com.Capium.RunnerFiles.CapitalAllowances_CalculatorRunner@ba54932]" started-at="2025-09-23T15:07:59 IST" name="runScenario" description="Runs Cucumber Scenarios" data-provider="scenarios" finished-at="2025-09-23T15:10:16 IST" duration-ms="137131" status="PASS">
          <params>
            <param index="0">
              <value>
                <![CDATA["Verify special rate pool with addition amount and business closed checkbox"]]>
              </value>
            </param>
            <param index="1">
              <value>
                <![CDATA["Login into Capium Application"]]>
              </value>
            </param>
          </params>
          <reporter-output>
          </reporter-output>
        </test-method> <!-- runScenario -->
        <test-method signature="runScenario(io.cucumber.testng.PickleWrapper,io.cucumber.testng.FeatureWrapper)[pri:0, instance:com.Capium.RunnerFiles.CapitalAllowances_CalculatorRunner@ba54932]" started-at="2025-09-23T15:10:16 IST" name="runScenario" description="Runs Cucumber Scenarios" data-provider="scenarios" finished-at="2025-09-23T15:12:27 IST" duration-ms="130820" status="PASS">
          <params>
            <param index="0">
              <value>
                <![CDATA["Verify special rate pool  with addition amount With NO CLAIM"]]>
              </value>
            </param>
            <param index="1">
              <value>
                <![CDATA["Login into Capium Application"]]>
              </value>
            </param>
          </params>
          <reporter-output>
          </reporter-output>
        </test-method> <!-- runScenario -->
        <test-method signature="runScenario(io.cucumber.testng.PickleWrapper,io.cucumber.testng.FeatureWrapper)[pri:0, instance:com.Capium.RunnerFiles.CapitalAllowances_CalculatorRunner@ba54932]" started-at="2025-09-23T15:12:27 IST" name="runScenario" description="Runs Cucumber Scenarios" data-provider="scenarios" finished-at="2025-09-23T15:17:02 IST" duration-ms="275352" status="FAIL">
          <params>
            <param index="0">
              <value>
                <![CDATA["Verify special rate asset with addition amount and restriction amount"]]>
              </value>
            </param>
            <param index="1">
              <value>
                <![CDATA["Login into Capium Application"]]>
              </value>
            </param>
          </params>
          <exception class="org.openqa.selenium.TimeoutException">
            <message>
              <![CDATA[Expected condition failed: waiting for visibility of element located by By.xpath: //input[@placeholder='Search here...'] (tried for 15 second(s) with 500 milliseconds interval)
Build info: version: '4.23.0', revision: '4df0a231af'
System info: os.name: 'Windows 11', os.arch: 'amd64', os.version: '10.0', java.version: '17.0.12'
Driver info: org.openqa.selenium.chrome.ChromeDriver
Capabilities {acceptInsecureCerts: false, browserName: chrome, browserVersion: 140.0.7339.128, chrome: {chromedriverVersion: 140.0.7339.185 (eeea00e459e..., userDataDir: C:\Users\user\AppData\Local...}, fedcm:accounts: true, goog:chromeOptions: {debuggerAddress: localhost:60792}, networkConnectionEnabled: false, pageLoadStrategy: normal, platformName: windows, proxy: Proxy(), se:cdp: ws://localhost:60792/devtoo..., se:cdpVersion: 140.0.7339.128, setWindowRect: true, strictFileInteractability: false, timeouts: {implicit: 0, pageLoad: 300000, script: 30000}, unhandledPromptBehavior: dismiss and notify, webauthn:extension:credBlob: true, webauthn:extension:largeBlob: true, webauthn:extension:minPinLength: true, webauthn:extension:prf: true, webauthn:virtualAuthenticators: true}
Session ID: 1b8ea4c98832b04211094c5e50129af4]]>
            </message>
            <full-stacktrace>
              <![CDATA[org.openqa.selenium.TimeoutException: Expected condition failed: waiting for visibility of element located by By.xpath: //input[@placeholder='Search here...'] (tried for 15 second(s) with 500 milliseconds interval)
Build info: version: '4.23.0', revision: '4df0a231af'
System info: os.name: 'Windows 11', os.arch: 'amd64', os.version: '10.0', java.version: '17.0.12'
Driver info: org.openqa.selenium.chrome.ChromeDriver
Capabilities {acceptInsecureCerts: false, browserName: chrome, browserVersion: 140.0.7339.128, chrome: {chromedriverVersion: 140.0.7339.185 (eeea00e459e..., userDataDir: C:\Users\user\AppData\Local...}, fedcm:accounts: true, goog:chromeOptions: {debuggerAddress: localhost:60792}, networkConnectionEnabled: false, pageLoadStrategy: normal, platformName: windows, proxy: Proxy(), se:cdp: ws://localhost:60792/devtoo..., se:cdpVersion: 140.0.7339.128, setWindowRect: true, strictFileInteractability: false, timeouts: {implicit: 0, pageLoad: 300000, script: 30000}, unhandledPromptBehavior: dismiss and notify, webauthn:extension:credBlob: true, webauthn:extension:largeBlob: true, webauthn:extension:minPinLength: true, webauthn:extension:prf: true, webauthn:virtualAuthenticators: true}
Session ID: 1b8ea4c98832b04211094c5e50129af4
at org.openqa.selenium.support.ui.WebDriverWait.timeoutException(WebDriverWait.java:84)
at org.openqa.selenium.support.ui.FluentWait.until(FluentWait.java:228)
at com.Capium.Actions.CapitalAllowancesActions.SearchTextfield(CapitalAllowancesActions.java:74)
at com.Capium.StepDefination.Capital_AllowancesStepDefination.search_a_client_and_verify(Capital_AllowancesStepDefination.java:23)
at âœ½.Search a client and verify(file:///D:/CT%205.0/CorporationTax_5.0/src/test/resources/FeatureFiles/Capital_allowance.feature:898)
]]>
            </full-stacktrace>
          </exception> <!-- org.openqa.selenium.TimeoutException -->
          <reporter-output>
          </reporter-output>
        </test-method> <!-- runScenario -->
        <test-method signature="runScenario(io.cucumber.testng.PickleWrapper,io.cucumber.testng.FeatureWrapper)[pri:0, instance:com.Capium.RunnerFiles.CapitalAllowances_CalculatorRunner@ba54932]" started-at="2025-09-23T15:17:02 IST" name="runScenario" description="Runs Cucumber Scenarios" data-provider="scenarios" finished-at="2025-09-23T15:18:52 IST" duration-ms="110389" status="FAIL">
          <params>
            <param index="0">
              <value>
                <![CDATA["Verify Special rate pool with WDV b/fwd amount and restriction amount"]]>
              </value>
            </param>
            <param index="1">
              <value>
                <![CDATA["Login into Capium Application"]]>
              </value>
            </param>
          </params>
          <exception class="org.openqa.selenium.TimeoutException">
            <message>
              <![CDATA[Expected condition failed: waiting for visibility of element located by By.xpath: //input[normalize-space(@formcontrolname)='WDARate'] (tried for 5 second(s) with 500 milliseconds interval)
Build info: version: '4.23.0', revision: '4df0a231af'
System info: os.name: 'Windows 11', os.arch: 'amd64', os.version: '10.0', java.version: '17.0.12'
Driver info: org.openqa.selenium.chrome.ChromeDriver
Capabilities {acceptInsecureCerts: false, browserName: chrome, browserVersion: 140.0.7339.128, chrome: {chromedriverVersion: 140.0.7339.185 (eeea00e459e..., userDataDir: C:\Users\user\AppData\Local...}, fedcm:accounts: true, goog:chromeOptions: {debuggerAddress: localhost:60854}, networkConnectionEnabled: false, pageLoadStrategy: normal, platformName: windows, proxy: Proxy(), se:cdp: ws://localhost:60854/devtoo..., se:cdpVersion: 140.0.7339.128, setWindowRect: true, strictFileInteractability: false, timeouts: {implicit: 0, pageLoad: 300000, script: 30000}, unhandledPromptBehavior: dismiss and notify, webauthn:extension:credBlob: true, webauthn:extension:largeBlob: true, webauthn:extension:minPinLength: true, webauthn:extension:prf: true, webauthn:virtualAuthenticators: true}
Session ID: b9553a3a499859ecdf88aeef66c4f8b1]]>
            </message>
            <full-stacktrace>
              <![CDATA[org.openqa.selenium.TimeoutException: Expected condition failed: waiting for visibility of element located by By.xpath: //input[normalize-space(@formcontrolname)='WDARate'] (tried for 5 second(s) with 500 milliseconds interval)
Build info: version: '4.23.0', revision: '4df0a231af'
System info: os.name: 'Windows 11', os.arch: 'amd64', os.version: '10.0', java.version: '17.0.12'
Driver info: org.openqa.selenium.chrome.ChromeDriver
Capabilities {acceptInsecureCerts: false, browserName: chrome, browserVersion: 140.0.7339.128, chrome: {chromedriverVersion: 140.0.7339.185 (eeea00e459e..., userDataDir: C:\Users\user\AppData\Local...}, fedcm:accounts: true, goog:chromeOptions: {debuggerAddress: localhost:60854}, networkConnectionEnabled: false, pageLoadStrategy: normal, platformName: windows, proxy: Proxy(), se:cdp: ws://localhost:60854/devtoo..., se:cdpVersion: 140.0.7339.128, setWindowRect: true, strictFileInteractability: false, timeouts: {implicit: 0, pageLoad: 300000, script: 30000}, unhandledPromptBehavior: dismiss and notify, webauthn:extension:credBlob: true, webauthn:extension:largeBlob: true, webauthn:extension:minPinLength: true, webauthn:extension:prf: true, webauthn:virtualAuthenticators: true}
Session ID: b9553a3a499859ecdf88aeef66c4f8b1
at org.openqa.selenium.support.ui.WebDriverWait.timeoutException(WebDriverWait.java:84)
at org.openqa.selenium.support.ui.FluentWait.until(FluentWait.java:228)
at com.Capium.Actions.CapitalAllowancesActions.CT600ComputationforrestrictionandWDVwithspecialratepool(CapitalAllowancesActions.java:1811)
at com.Capium.StepDefination.Capital_AllowancesStepDefination.click_and_verify_ct600_computation_for_restriction_and_wdv_with_special_rate_pool(Capital_AllowancesStepDefination.java:724)
at âœ½.Click and Verify CT600 Computation for restriction and wdv with special rate pool(file:///D:/CT%205.0/CorporationTax_5.0/src/test/resources/FeatureFiles/Capital_allowance.feature:930)
]]>
            </full-stacktrace>
          </exception> <!-- org.openqa.selenium.TimeoutException -->
          <reporter-output>
          </reporter-output>
        </test-method> <!-- runScenario -->
        <test-method signature="runScenario(io.cucumber.testng.PickleWrapper,io.cucumber.testng.FeatureWrapper)[pri:0, instance:com.Capium.RunnerFiles.CapitalAllowances_CalculatorRunner@ba54932]" started-at="2025-09-23T15:18:52 IST" name="runScenario" description="Runs Cucumber Scenarios" data-provider="scenarios" finished-at="2025-09-23T15:20:31 IST" duration-ms="98438" status="FAIL">
          <params>
            <param index="0">
              <value>
                <![CDATA["Verify Structures and buildings asset with addition amount"]]>
              </value>
            </param>
            <param index="1">
              <value>
                <![CDATA["Login into Capium Application"]]>
              </value>
            </param>
          </params>
          <exception class="io.cucumber.testng.UndefinedStepException">
            <message>
              <![CDATA[The step 'Click on Assert Summary Of structure and buildings' and 2 other step(s) are undefined.
You can implement these steps using the snippet(s) below:

@Given("Click on Assert Summary Of structure and buildings")
public void click_on_assert_summary_of_structure_and_buildings() {
    // Write code here that turns the phrase above into concrete actions
    throw new io.cucumber.java.PendingException();
}
@Given("Click and Verify CT600 Computation of structure and buildings")
public void click_and_verify_ct600_computation_of_structure_and_buildings() {
    // Write code here that turns the phrase above into concrete actions
    throw new io.cucumber.java.PendingException();
}
@Given("Click on Enhanced Expenditure and Verify Machinery and plant Main pool value of strcutures and buildings")
public void click_on_enhanced_expenditure_and_verify_machinery_and_plant_main_pool_value_of_strcutures_and_buildings() {
    // Write code here that turns the phrase above into concrete actions
    throw new io.cucumber.java.PendingException();
}
]]>
            </message>
            <full-stacktrace>
              <![CDATA[io.cucumber.testng.UndefinedStepException: The step 'Click on Assert Summary Of structure and buildings' and 2 other step(s) are undefined.
You can implement these steps using the snippet(s) below:

@Given("Click on Assert Summary Of structure and buildings")
public void click_on_assert_summary_of_structure_and_buildings() {
    // Write code here that turns the phrase above into concrete actions
    throw new io.cucumber.java.PendingException();
}
@Given("Click and Verify CT600 Computation of structure and buildings")
public void click_and_verify_ct600_computation_of_structure_and_buildings() {
    // Write code here that turns the phrase above into concrete actions
    throw new io.cucumber.java.PendingException();
}
@Given("Click on Enhanced Expenditure and Verify Machinery and plant Main pool value of strcutures and buildings")
public void click_on_enhanced_expenditure_and_verify_machinery_and_plant_main_pool_value_of_strcutures_and_buildings() {
    // Write code here that turns the phrase above into concrete actions
    throw new io.cucumber.java.PendingException();
}

at io.cucumber.core.runtime.TestCaseResultObserver.assertTestCasePassed(TestCaseResultObserver.java:69)
at io.cucumber.testng.TestCaseResultObserver.assertTestCasePassed(TestCaseResultObserver.java:23)
at io.cucumber.testng.TestNGCucumberRunner.lambda$runScenario$1(TestNGCucumberRunner.java:133)
at io.cucumber.core.runtime.CucumberExecutionContext.lambda$runTestCase$5(CucumberExecutionContext.java:136)
at io.cucumber.core.runtime.RethrowingThrowableCollector.executeAndThrow(RethrowingThrowableCollector.java:23)
at io.cucumber.core.runtime.CucumberExecutionContext.runTestCase(CucumberExecutionContext.java:136)
at io.cucumber.testng.TestNGCucumberRunner.runScenario(TestNGCucumberRunner.java:129)
at io.cucumber.testng.AbstractTestNGCucumberTests.runScenario(AbstractTestNGCucumberTests.java:35)
at jdk.internal.reflect.GeneratedMethodAccessor82.invoke(Unknown Source)
at java.base/jdk.internal.reflect.DelegatingMethodAccessorImpl.invoke(DelegatingMethodAccessorImpl.java:43)
at java.base/java.lang.reflect.Method.invoke(Method.java:568)
at org.testng.internal.invokers.MethodInvocationHelper.invokeMethod(MethodInvocationHelper.java:141)
at org.testng.internal.invokers.TestInvoker.invokeMethod(TestInvoker.java:686)
at org.testng.internal.invokers.TestInvoker.invokeTestMethod(TestInvoker.java:230)
at org.testng.internal.invokers.MethodRunner.runInSequence(MethodRunner.java:63)
at org.testng.internal.invokers.TestInvoker$MethodInvocationAgent.invoke(TestInvoker.java:992)
at org.testng.internal.invokers.TestInvoker.invokeTestMethods(TestInvoker.java:203)
at org.testng.internal.invokers.TestMethodWorker.invokeTestMethods(TestMethodWorker.java:154)
at org.testng.internal.invokers.TestMethodWorker.run(TestMethodWorker.java:134)
at java.base/java.util.ArrayList.forEach(ArrayList.java:1511)
at org.testng.TestRunner.privateRun(TestRunner.java:739)
at org.testng.TestRunner.run(TestRunner.java:614)
at org.testng.SuiteRunner.runTest(SuiteRunner.java:421)
at org.testng.SuiteRunner.runSequentially(SuiteRunner.java:413)
at org.testng.SuiteRunner.privateRun(SuiteRunner.java:373)
at org.testng.SuiteRunner.run(SuiteRunner.java:312)
at org.testng.SuiteRunnerWorker.runSuite(SuiteRunnerWorker.java:52)
at org.testng.SuiteRunnerWorker.run(SuiteRunnerWorker.java:95)
at org.testng.TestNG.runSuitesSequentially(TestNG.java:1274)
at org.testng.TestNG.runSuitesLocally(TestNG.java:1208)
at org.testng.TestNG.runSuites(TestNG.java:1112)
at org.testng.TestNG.run(TestNG.java:1079)
at org.testng.remote.AbstractRemoteTestNG.run(AbstractRemoteTestNG.java:115)
at org.testng.remote.RemoteTestNG.initAndRun(RemoteTestNG.java:293)
at org.testng.remote.RemoteTestNG.main(RemoteTestNG.java:91)
]]>
            </full-stacktrace>
          </exception> <!-- io.cucumber.testng.UndefinedStepException -->
          <reporter-output>
          </reporter-output>
        </test-method> <!-- runScenario -->
        <test-method signature="runScenario(io.cucumber.testng.PickleWrapper,io.cucumber.testng.FeatureWrapper)[pri:0, instance:com.Capium.RunnerFiles.CapitalAllowances_CalculatorRunner@ba54932]" started-at="2025-09-23T15:20:31 IST" name="runScenario" description="Runs Cucumber Scenarios" data-provider="scenarios" finished-at="2025-09-23T15:22:55 IST" duration-ms="144212" status="PASS">
          <params>
            <param index="0">
              <value>
                <![CDATA["Verify structure and buildings asset with WDV b/fwd amount"]]>
              </value>
            </param>
            <param index="1">
              <value>
                <![CDATA["Login into Capium Application"]]>
              </value>
            </param>
          </params>
          <reporter-output>
          </reporter-output>
        </test-method> <!-- runScenario -->
        <test-method signature="runScenario(io.cucumber.testng.PickleWrapper,io.cucumber.testng.FeatureWrapper)[pri:0, instance:com.Capium.RunnerFiles.CapitalAllowances_CalculatorRunner@ba54932]" started-at="2025-09-23T15:22:55 IST" name="runScenario" description="Runs Cucumber Scenarios" data-provider="scenarios" finished-at="2025-09-23T15:25:03 IST" duration-ms="127786" status="PASS">
          <params>
            <param index="0">
              <value>
                <![CDATA["Verify structure and buildings with  WDV b/fwd amount and addition amount"]]>
              </value>
            </param>
            <param index="1">
              <value>
                <![CDATA["Login into Capium Application"]]>
              </value>
            </param>
          </params>
          <reporter-output>
          </reporter-output>
        </test-method> <!-- runScenario -->
        <test-method signature="runScenario(io.cucumber.testng.PickleWrapper,io.cucumber.testng.FeatureWrapper)[pri:0, instance:com.Capium.RunnerFiles.CapitalAllowances_CalculatorRunner@ba54932]" started-at="2025-09-23T15:25:03 IST" name="runScenario" description="Runs Cucumber Scenarios" data-provider="scenarios" finished-at="2025-09-23T15:27:11 IST" duration-ms="127797" status="PASS">
          <params>
            <param index="0">
              <value>
                <![CDATA["Verify structure and buildings with addition amount and restriction amount"]]>
              </value>
            </param>
            <param index="1">
              <value>
                <![CDATA["Login into Capium Application"]]>
              </value>
            </param>
          </params>
          <reporter-output>
          </reporter-output>
        </test-method> <!-- runScenario -->
        <test-method signature="runScenario(io.cucumber.testng.PickleWrapper,io.cucumber.testng.FeatureWrapper)[pri:0, instance:com.Capium.RunnerFiles.CapitalAllowances_CalculatorRunner@ba54932]" started-at="2025-09-23T15:27:11 IST" name="runScenario" description="Runs Cucumber Scenarios" data-provider="scenarios" finished-at="2025-09-23T15:29:09 IST" duration-ms="118149" status="PASS">
          <params>
            <param index="0">
              <value>
                <![CDATA["Verify structure and buildings asset with WDV b/fwd amount and restriction amount"]]>
              </value>
            </param>
            <param index="1">
              <value>
                <![CDATA["Login into Capium Application"]]>
              </value>
            </param>
          </params>
          <reporter-output>
          </reporter-output>
        </test-method> <!-- runScenario -->
        <test-method signature="runScenario(io.cucumber.testng.PickleWrapper,io.cucumber.testng.FeatureWrapper)[pri:0, instance:com.Capium.RunnerFiles.CapitalAllowances_CalculatorRunner@ba54932]" started-at="2025-09-23T15:29:09 IST" name="runScenario" description="Runs Cucumber Scenarios" data-provider="scenarios" finished-at="2025-09-23T15:31:30 IST" duration-ms="141582" status="PASS">
          <params>
            <param index="0">
              <value>
                <![CDATA["Verify structure and buildings with addition amount and business closed checkbox"]]>
              </value>
            </param>
            <param index="1">
              <value>
                <![CDATA["Login into Capium Application"]]>
              </value>
            </param>
          </params>
          <reporter-output>
          </reporter-output>
        </test-method> <!-- runScenario -->
        <test-method signature="runScenario(io.cucumber.testng.PickleWrapper,io.cucumber.testng.FeatureWrapper)[pri:0, instance:com.Capium.RunnerFiles.CapitalAllowances_CalculatorRunner@ba54932]" started-at="2025-09-23T15:31:30 IST" name="runScenario" description="Runs Cucumber Scenarios" data-provider="scenarios" finished-at="2025-09-23T15:33:45 IST" duration-ms="134396" status="PASS">
          <params>
            <param index="0">
              <value>
                <![CDATA["Verify structure and buildings with addition amount with no claim"]]>
              </value>
            </param>
            <param index="1">
              <value>
                <![CDATA["Login into Capium Application"]]>
              </value>
            </param>
          </params>
          <reporter-output>
          </reporter-output>
        </test-method> <!-- runScenario -->
        <test-method signature="runScenario(io.cucumber.testng.PickleWrapper,io.cucumber.testng.FeatureWrapper)[pri:0, instance:com.Capium.RunnerFiles.CapitalAllowances_CalculatorRunner@ba54932]" started-at="2025-09-23T15:33:45 IST" name="runScenario" description="Runs Cucumber Scenarios" data-provider="scenarios" finished-at="2025-09-23T15:35:23 IST" duration-ms="97898" status="FAIL">
          <params>
            <param index="0">
              <value>
                <![CDATA["Verify Other charges and allowances with addition amount"]]>
              </value>
            </param>
            <param index="1">
              <value>
                <![CDATA["Login into Capium Application"]]>
              </value>
            </param>
          </params>
          <exception class="org.openqa.selenium.ElementClickInterceptedException">
            <message>
              <![CDATA[element click intercepted: Element <input type="checkbox" class="mdc-checkbox__native-control" id="mat-mdc-checkbox-38-input" tabindex="-1" disabled=""> is not clickable at point (987, 64). Other element would receive the click: <div _ngcontent-cto-c119="">...</div>
  (Session info: chrome=140.0.7339.128)
Build info: version: '4.23.0', revision: '4df0a231af'
System info: os.name: 'Windows 11', os.arch: 'amd64', os.version: '10.0', java.version: '17.0.12'
Driver info: org.openqa.selenium.chrome.ChromeDriver
Command: [804609faa955bf10cbdc0025c774717c, clickElement {id=f.BA2C509652917758E14BC0837835FA57.d.176AE9F94AC66E2C47E0C5CD66E92969.e.277}]
Capabilities {acceptInsecureCerts: false, browserName: chrome, browserVersion: 140.0.7339.128, chrome: {chromedriverVersion: 140.0.7339.185 (eeea00e459e..., userDataDir: C:\Users\user\AppData\Local...}, fedcm:accounts: true, goog:chromeOptions: {debuggerAddress: localhost:61550}, networkConnectionEnabled: false, pageLoadStrategy: normal, platformName: windows, proxy: Proxy(), se:cdp: ws://localhost:61550/devtoo..., se:cdpVersion: 140.0.7339.128, setWindowRect: true, strictFileInteractability: false, timeouts: {implicit: 0, pageLoad: 300000, script: 30000}, unhandledPromptBehavior: dismiss and notify, webauthn:extension:credBlob: true, webauthn:extension:largeBlob: true, webauthn:extension:minPinLength: true, webauthn:extension:prf: true, webauthn:virtualAuthenticators: true}
Element: [[ChromeDriver: chrome on windows (804609faa955bf10cbdc0025c774717c)] -> xpath: //mat-checkbox[.//span[contains(text(), 'First Year Allowance at 100%')]]//input]
Session ID: 804609faa955bf10cbdc0025c774717c]]>
            </message>
            <full-stacktrace>
              <![CDATA[org.openqa.selenium.ElementClickInterceptedException: element click intercepted: Element <input type="checkbox" class="mdc-checkbox__native-control" id="mat-mdc-checkbox-38-input" tabindex="-1" disabled=""> is not clickable at point (987, 64). Other element would receive the click: <div _ngcontent-cto-c119="">...</div>
  (Session info: chrome=140.0.7339.128)
Build info: version: '4.23.0', revision: '4df0a231af'
System info: os.name: 'Windows 11', os.arch: 'amd64', os.version: '10.0', java.version: '17.0.12'
Driver info: org.openqa.selenium.chrome.ChromeDriver
Command: [804609faa955bf10cbdc0025c774717c, clickElement {id=f.BA2C509652917758E14BC0837835FA57.d.176AE9F94AC66E2C47E0C5CD66E92969.e.277}]
Capabilities {acceptInsecureCerts: false, browserName: chrome, browserVersion: 140.0.7339.128, chrome: {chromedriverVersion: 140.0.7339.185 (eeea00e459e..., userDataDir: C:\Users\user\AppData\Local...}, fedcm:accounts: true, goog:chromeOptions: {debuggerAddress: localhost:61550}, networkConnectionEnabled: false, pageLoadStrategy: normal, platformName: windows, proxy: Proxy(), se:cdp: ws://localhost:61550/devtoo..., se:cdpVersion: 140.0.7339.128, setWindowRect: true, strictFileInteractability: false, timeouts: {implicit: 0, pageLoad: 300000, script: 30000}, unhandledPromptBehavior: dismiss and notify, webauthn:extension:credBlob: true, webauthn:extension:largeBlob: true, webauthn:extension:minPinLength: true, webauthn:extension:prf: true, webauthn:virtualAuthenticators: true}
Element: [[ChromeDriver: chrome on windows (804609faa955bf10cbdc0025c774717c)] -> xpath: //mat-checkbox[.//span[contains(text(), 'First Year Allowance at 100%')]]//input]
Session ID: 804609faa955bf10cbdc0025c774717c
at java.base/jdk.internal.reflect.NativeConstructorAccessorImpl.newInstance0(Native Method)
at java.base/jdk.internal.reflect.NativeConstructorAccessorImpl.newInstance(NativeConstructorAccessorImpl.java:77)
at java.base/jdk.internal.reflect.DelegatingConstructorAccessorImpl.newInstance(DelegatingConstructorAccessorImpl.java:45)
at java.base/java.lang.reflect.Constructor.newInstanceWithCaller(Constructor.java:499)
at java.base/java.lang.reflect.Constructor.newInstance(Constructor.java:480)
at org.openqa.selenium.remote.ErrorCodec.decode(ErrorCodec.java:167)
at org.openqa.selenium.remote.codec.w3c.W3CHttpResponseCodec.decode(W3CHttpResponseCodec.java:138)
at org.openqa.selenium.remote.codec.w3c.W3CHttpResponseCodec.decode(W3CHttpResponseCodec.java:50)
at org.openqa.selenium.remote.HttpCommandExecutor.execute(HttpCommandExecutor.java:190)
at org.openqa.selenium.remote.service.DriverCommandExecutor.invokeExecute(DriverCommandExecutor.java:216)
at org.openqa.selenium.remote.service.DriverCommandExecutor.execute(DriverCommandExecutor.java:174)
at org.openqa.selenium.remote.RemoteWebDriver.execute(RemoteWebDriver.java:527)
at org.openqa.selenium.remote.RemoteWebElement.execute(RemoteWebElement.java:223)
at org.openqa.selenium.remote.RemoteWebElement.click(RemoteWebElement.java:76)
at jdk.internal.reflect.GeneratedMethodAccessor76.invoke(Unknown Source)
at java.base/jdk.internal.reflect.DelegatingMethodAccessorImpl.invoke(DelegatingMethodAccessorImpl.java:43)
at java.base/java.lang.reflect.Method.invoke(Method.java:568)
at org.openqa.selenium.support.pagefactory.internal.LocatingElementHandler.invoke(LocatingElementHandler.java:51)
at jdk.proxy2/jdk.proxy2.$Proxy34.click(Unknown Source)
at com.Capium.Actions.CapitalAllowancesActions.firstYearAllowanceAtHundredPercent(CapitalAllowancesActions.java:518)
at com.Capium.StepDefination.Capital_AllowancesStepDefination.click_on_first_year_allowance_at_percent(Capital_AllowancesStepDefination.java:489)
at âœ½.Click on first year allowance at 100 percent(file:///D:/CT%205.0/CorporationTax_5.0/src/test/resources/FeatureFiles/Capital_allowance.feature:1105)
]]>
            </full-stacktrace>
          </exception> <!-- org.openqa.selenium.ElementClickInterceptedException -->
          <reporter-output>
          </reporter-output>
        </test-method> <!-- runScenario -->
        <test-method signature="runScenario(io.cucumber.testng.PickleWrapper,io.cucumber.testng.FeatureWrapper)[pri:0, instance:com.Capium.RunnerFiles.CapitalAllowances_CalculatorRunner@ba54932]" started-at="2025-09-23T15:35:23 IST" name="runScenario" description="Runs Cucumber Scenarios" data-provider="scenarios" finished-at="2025-09-23T15:37:36 IST" duration-ms="133161" status="PASS">
          <params>
            <param index="0">
              <value>
                <![CDATA["Verify Other charges and allowances with addition amount and disposed amount and business closed checkbox"]]>
              </value>
            </param>
            <param index="1">
              <value>
                <![CDATA["Login into Capium Application"]]>
              </value>
            </param>
          </params>
          <reporter-output>
          </reporter-output>
        </test-method> <!-- runScenario -->
        <test-method signature="runScenario(io.cucumber.testng.PickleWrapper,io.cucumber.testng.FeatureWrapper)[pri:0, instance:com.Capium.RunnerFiles.CapitalAllowances_CalculatorRunner@ba54932]" started-at="2025-09-23T15:37:36 IST" name="runScenario" description="Runs Cucumber Scenarios" data-provider="scenarios" finished-at="2025-09-23T15:39:58 IST" duration-ms="141704" status="PASS">
          <params>
            <param index="0">
              <value>
                <![CDATA["Verify Other charges and allowances with addition amount With NO CLAIM"]]>
              </value>
            </param>
            <param index="1">
              <value>
                <![CDATA["Login into Capium Application"]]>
              </value>
            </param>
          </params>
          <reporter-output>
          </reporter-output>
        </test-method> <!-- runScenario -->
        <test-method signature="runScenario(io.cucumber.testng.PickleWrapper,io.cucumber.testng.FeatureWrapper)[pri:0, instance:com.Capium.RunnerFiles.CapitalAllowances_CalculatorRunner@ba54932]" started-at="2025-09-23T15:39:58 IST" name="runScenario" description="Runs Cucumber Scenarios" data-provider="scenarios" finished-at="2025-09-23T15:42:56 IST" duration-ms="178142" status="PASS">
          <params>
            <param index="0">
              <value>
                <![CDATA["Verify Electric vehicle charge points and allowances with addition amount"]]>
              </value>
            </param>
            <param index="1">
              <value>
                <![CDATA["Login into Capium Application"]]>
              </value>
            </param>
          </params>
          <reporter-output>
          </reporter-output>
        </test-method> <!-- runScenario -->
        <test-method signature="runScenario(io.cucumber.testng.PickleWrapper,io.cucumber.testng.FeatureWrapper)[pri:0, instance:com.Capium.RunnerFiles.CapitalAllowances_CalculatorRunner@ba54932]" started-at="2025-09-23T15:42:56 IST" name="runScenario" description="Runs Cucumber Scenarios" data-provider="scenarios" finished-at="2025-09-23T15:45:06 IST" duration-ms="130576" status="PASS">
          <params>
            <param index="0">
              <value>
                <![CDATA["Verify electric vehicle charge points with addition amount and disposed amount and business closed checkbox"]]>
              </value>
            </param>
            <param index="1">
              <value>
                <![CDATA["Login into Capium Application"]]>
              </value>
            </param>
          </params>
          <reporter-output>
          </reporter-output>
        </test-method> <!-- runScenario -->
        <test-method signature="runScenario(io.cucumber.testng.PickleWrapper,io.cucumber.testng.FeatureWrapper)[pri:0, instance:com.Capium.RunnerFiles.CapitalAllowances_CalculatorRunner@ba54932]" started-at="2025-09-23T15:45:06 IST" name="runScenario" description="Runs Cucumber Scenarios" data-provider="scenarios" finished-at="2025-09-23T15:47:18 IST" duration-ms="131953" status="PASS">
          <params>
            <param index="0">
              <value>
                <![CDATA["Verify electric vehicle charge points with addition amount With NO CLAIM"]]>
              </value>
            </param>
            <param index="1">
              <value>
                <![CDATA["Login into Capium Application"]]>
              </value>
            </param>
          </params>
          <reporter-output>
          </reporter-output>
        </test-method> <!-- runScenario -->
        <test-method signature="runScenario(io.cucumber.testng.PickleWrapper,io.cucumber.testng.FeatureWrapper)[pri:0, instance:com.Capium.RunnerFiles.CapitalAllowances_CalculatorRunner@ba54932]" started-at="2025-09-23T15:47:18 IST" name="runScenario" description="Runs Cucumber Scenarios" data-provider="scenarios" finished-at="2025-09-23T15:49:33 IST" duration-ms="134427" status="PASS">
          <params>
            <param index="0">
              <value>
                <![CDATA["Verify enterpise zone and allowances with addition amount"]]>
              </value>
            </param>
            <param index="1">
              <value>
                <![CDATA["Login into Capium Application"]]>
              </value>
            </param>
          </params>
          <reporter-output>
          </reporter-output>
        </test-method> <!-- runScenario -->
        <test-method signature="runScenario(io.cucumber.testng.PickleWrapper,io.cucumber.testng.FeatureWrapper)[pri:0, instance:com.Capium.RunnerFiles.CapitalAllowances_CalculatorRunner@ba54932]" started-at="2025-09-23T15:49:33 IST" name="runScenario" description="Runs Cucumber Scenarios" data-provider="scenarios" finished-at="2025-09-23T15:52:34 IST" duration-ms="181233" status="FAIL">
          <params>
            <param index="0">
              <value>
                <![CDATA["Verify electric vehicle charge points with addition amount and disposed amount and business closed checkbox"]]>
              </value>
            </param>
            <param index="1">
              <value>
                <![CDATA["Login into Capium Application"]]>
              </value>
            </param>
          </params>
          <exception class="org.openqa.selenium.TimeoutException">
            <message>
              <![CDATA[Expected condition failed: waiting for visibility of element located by By.xpath: //input[@placeholder='Search here...'] (tried for 15 second(s) with 500 milliseconds interval)
Build info: version: '4.23.0', revision: '4df0a231af'
System info: os.name: 'Windows 11', os.arch: 'amd64', os.version: '10.0', java.version: '17.0.12'
Driver info: org.openqa.selenium.chrome.ChromeDriver
Capabilities {acceptInsecureCerts: false, browserName: chrome, browserVersion: 140.0.7339.128, chrome: {chromedriverVersion: 140.0.7339.185 (eeea00e459e..., userDataDir: C:\Users\user\AppData\Local...}, fedcm:accounts: true, goog:chromeOptions: {debuggerAddress: localhost:54221}, networkConnectionEnabled: false, pageLoadStrategy: normal, platformName: windows, proxy: Proxy(), se:cdp: ws://localhost:54221/devtoo..., se:cdpVersion: 140.0.7339.128, setWindowRect: true, strictFileInteractability: false, timeouts: {implicit: 0, pageLoad: 300000, script: 30000}, unhandledPromptBehavior: dismiss and notify, webauthn:extension:credBlob: true, webauthn:extension:largeBlob: true, webauthn:extension:minPinLength: true, webauthn:extension:prf: true, webauthn:virtualAuthenticators: true}
Session ID: 6469d44dcedd322794c56d8aef2e29cb]]>
            </message>
            <full-stacktrace>
              <![CDATA[org.openqa.selenium.TimeoutException: Expected condition failed: waiting for visibility of element located by By.xpath: //input[@placeholder='Search here...'] (tried for 15 second(s) with 500 milliseconds interval)
Build info: version: '4.23.0', revision: '4df0a231af'
System info: os.name: 'Windows 11', os.arch: 'amd64', os.version: '10.0', java.version: '17.0.12'
Driver info: org.openqa.selenium.chrome.ChromeDriver
Capabilities {acceptInsecureCerts: false, browserName: chrome, browserVersion: 140.0.7339.128, chrome: {chromedriverVersion: 140.0.7339.185 (eeea00e459e..., userDataDir: C:\Users\user\AppData\Local...}, fedcm:accounts: true, goog:chromeOptions: {debuggerAddress: localhost:54221}, networkConnectionEnabled: false, pageLoadStrategy: normal, platformName: windows, proxy: Proxy(), se:cdp: ws://localhost:54221/devtoo..., se:cdpVersion: 140.0.7339.128, setWindowRect: true, strictFileInteractability: false, timeouts: {implicit: 0, pageLoad: 300000, script: 30000}, unhandledPromptBehavior: dismiss and notify, webauthn:extension:credBlob: true, webauthn:extension:largeBlob: true, webauthn:extension:minPinLength: true, webauthn:extension:prf: true, webauthn:virtualAuthenticators: true}
Session ID: 6469d44dcedd322794c56d8aef2e29cb
at org.openqa.selenium.support.ui.WebDriverWait.timeoutException(WebDriverWait.java:84)
at org.openqa.selenium.support.ui.FluentWait.until(FluentWait.java:228)
at com.Capium.Actions.CapitalAllowancesActions.SearchTextfield(CapitalAllowancesActions.java:74)
at com.Capium.StepDefination.Capital_AllowancesStepDefination.search_a_client_and_verify(Capital_AllowancesStepDefination.java:23)
at âœ½.Search a client and verify(file:///D:/CT%205.0/CorporationTax_5.0/src/test/resources/FeatureFiles/Capital_allowance.feature:1249)
]]>
            </full-stacktrace>
          </exception> <!-- org.openqa.selenium.TimeoutException -->
          <reporter-output>
          </reporter-output>
        </test-method> <!-- runScenario -->
        <test-method signature="runScenario(io.cucumber.testng.PickleWrapper,io.cucumber.testng.FeatureWrapper)[pri:0, instance:com.Capium.RunnerFiles.CapitalAllowances_CalculatorRunner@ba54932]" started-at="2025-09-23T15:52:34 IST" name="runScenario" description="Runs Cucumber Scenarios" data-provider="scenarios" finished-at="2025-09-23T15:55:27 IST" duration-ms="173424" status="FAIL">
          <params>
            <param index="0">
              <value>
                <![CDATA["Verify electric vehicle charge points with addition amount With NO CLAIM"]]>
              </value>
            </param>
            <param index="1">
              <value>
                <![CDATA["Login into Capium Application"]]>
              </value>
            </param>
          </params>
          <exception class="org.openqa.selenium.TimeoutException">
            <message>
              <![CDATA[Expected condition failed: waiting for visibility of element located by By.xpath: //input[@placeholder='Search here...'] (tried for 15 second(s) with 500 milliseconds interval)
Build info: version: '4.23.0', revision: '4df0a231af'
System info: os.name: 'Windows 11', os.arch: 'amd64', os.version: '10.0', java.version: '17.0.12'
Driver info: org.openqa.selenium.chrome.ChromeDriver
Capabilities {acceptInsecureCerts: false, browserName: chrome, browserVersion: 140.0.7339.128, chrome: {chromedriverVersion: 140.0.7339.185 (eeea00e459e..., userDataDir: C:\Users\user\AppData\Local...}, fedcm:accounts: true, goog:chromeOptions: {debuggerAddress: localhost:57815}, networkConnectionEnabled: false, pageLoadStrategy: normal, platformName: windows, proxy: Proxy(), se:cdp: ws://localhost:57815/devtoo..., se:cdpVersion: 140.0.7339.128, setWindowRect: true, strictFileInteractability: false, timeouts: {implicit: 0, pageLoad: 300000, script: 30000}, unhandledPromptBehavior: dismiss and notify, webauthn:extension:credBlob: true, webauthn:extension:largeBlob: true, webauthn:extension:minPinLength: true, webauthn:extension:prf: true, webauthn:virtualAuthenticators: true}
Session ID: 51185fe80cf22a32b48cae19a4573625]]>
            </message>
            <full-stacktrace>
              <![CDATA[org.openqa.selenium.TimeoutException: Expected condition failed: waiting for visibility of element located by By.xpath: //input[@placeholder='Search here...'] (tried for 15 second(s) with 500 milliseconds interval)
Build info: version: '4.23.0', revision: '4df0a231af'
System info: os.name: 'Windows 11', os.arch: 'amd64', os.version: '10.0', java.version: '17.0.12'
Driver info: org.openqa.selenium.chrome.ChromeDriver
Capabilities {acceptInsecureCerts: false, browserName: chrome, browserVersion: 140.0.7339.128, chrome: {chromedriverVersion: 140.0.7339.185 (eeea00e459e..., userDataDir: C:\Users\user\AppData\Local...}, fedcm:accounts: true, goog:chromeOptions: {debuggerAddress: localhost:57815}, networkConnectionEnabled: false, pageLoadStrategy: normal, platformName: windows, proxy: Proxy(), se:cdp: ws://localhost:57815/devtoo..., se:cdpVersion: 140.0.7339.128, setWindowRect: true, strictFileInteractability: false, timeouts: {implicit: 0, pageLoad: 300000, script: 30000}, unhandledPromptBehavior: dismiss and notify, webauthn:extension:credBlob: true, webauthn:extension:largeBlob: true, webauthn:extension:minPinLength: true, webauthn:extension:prf: true, webauthn:virtualAuthenticators: true}
Session ID: 51185fe80cf22a32b48cae19a4573625
at org.openqa.selenium.support.ui.WebDriverWait.timeoutException(WebDriverWait.java:84)
at org.openqa.selenium.support.ui.FluentWait.until(FluentWait.java:228)
at com.Capium.Actions.CapitalAllowancesActions.SearchTextfield(CapitalAllowancesActions.java:74)
at com.Capium.StepDefination.Capital_AllowancesStepDefination.search_a_client_and_verify(Capital_AllowancesStepDefination.java:23)
at âœ½.Search a client and verify(file:///D:/CT%205.0/CorporationTax_5.0/src/test/resources/FeatureFiles/Capital_allowance.feature:1272)
]]>
            </full-stacktrace>
          </exception> <!-- org.openqa.selenium.TimeoutException -->
          <reporter-output>
          </reporter-output>
        </test-method> <!-- runScenario -->
        <test-method signature="runScenario(io.cucumber.testng.PickleWrapper,io.cucumber.testng.FeatureWrapper)[pri:0, instance:com.Capium.RunnerFiles.CapitalAllowances_CalculatorRunner@ba54932]" started-at="2025-09-23T15:55:27 IST" name="runScenario" description="Runs Cucumber Scenarios" data-provider="scenarios" finished-at="2025-09-23T15:57:43 IST" duration-ms="135773" status="PASS">
          <params>
            <param index="0">
              <value>
                <![CDATA["Verify  with  zero emissions goods vehicle addition amount"]]>
              </value>
            </param>
            <param index="1">
              <value>
                <![CDATA["Login into Capium Application"]]>
              </value>
            </param>
          </params>
          <reporter-output>
          </reporter-output>
        </test-method> <!-- runScenario -->
        <test-method signature="runScenario(io.cucumber.testng.PickleWrapper,io.cucumber.testng.FeatureWrapper)[pri:0, instance:com.Capium.RunnerFiles.CapitalAllowances_CalculatorRunner@ba54932]" started-at="2025-09-23T15:57:43 IST" name="runScenario" description="Runs Cucumber Scenarios" data-provider="scenarios" finished-at="2025-09-23T15:59:55 IST" duration-ms="132224" status="PASS">
          <params>
            <param index="0">
              <value>
                <![CDATA["Verifyzero emissions goods vehicle with addition amount and disposed amount and business closed checkbox"]]>
              </value>
            </param>
            <param index="1">
              <value>
                <![CDATA["Login into Capium Application"]]>
              </value>
            </param>
          </params>
          <reporter-output>
          </reporter-output>
        </test-method> <!-- runScenario -->
        <test-method signature="runScenario(io.cucumber.testng.PickleWrapper,io.cucumber.testng.FeatureWrapper)[pri:0, instance:com.Capium.RunnerFiles.CapitalAllowances_CalculatorRunner@ba54932]" started-at="2025-09-23T15:59:55 IST" name="runScenario" description="Runs Cucumber Scenarios" data-provider="scenarios" finished-at="2025-09-23T16:02:16 IST" duration-ms="140500" status="PASS">
          <params>
            <param index="0">
              <value>
                <![CDATA["Verify zero emissions goods vehicle with addition amount With NO CLAIM"]]>
              </value>
            </param>
            <param index="1">
              <value>
                <![CDATA["Login into Capium Application"]]>
              </value>
            </param>
          </params>
          <reporter-output>
          </reporter-output>
        </test-method> <!-- runScenario -->
        <test-method signature="runScenario(io.cucumber.testng.PickleWrapper,io.cucumber.testng.FeatureWrapper)[pri:0, instance:com.Capium.RunnerFiles.CapitalAllowances_CalculatorRunner@ba54932]" started-at="2025-09-23T16:02:16 IST" name="runScenario" description="Runs Cucumber Scenarios" data-provider="scenarios" finished-at="2025-09-23T16:04:36 IST" duration-ms="140222" status="PASS">
          <params>
            <param index="0">
              <value>
                <![CDATA["Verify ZERO EMISSION CARS  with addition amount"]]>
              </value>
            </param>
            <param index="1">
              <value>
                <![CDATA["Login into Capium Application"]]>
              </value>
            </param>
          </params>
          <reporter-output>
          </reporter-output>
        </test-method> <!-- runScenario -->
        <test-method signature="runScenario(io.cucumber.testng.PickleWrapper,io.cucumber.testng.FeatureWrapper)[pri:0, instance:com.Capium.RunnerFiles.CapitalAllowances_CalculatorRunner@ba54932]" started-at="2025-09-23T16:04:36 IST" name="runScenario" description="Runs Cucumber Scenarios" data-provider="scenarios" finished-at="2025-09-23T16:06:54 IST" duration-ms="137850" status="PASS">
          <params>
            <param index="0">
              <value>
                <![CDATA["Verify ZERO EMISSION CARS  with addition amount and disposed amount and business closed checkbox"]]>
              </value>
            </param>
            <param index="1">
              <value>
                <![CDATA["Login into Capium Application"]]>
              </value>
            </param>
          </params>
          <reporter-output>
          </reporter-output>
        </test-method> <!-- runScenario -->
        <test-method signature="runScenario(io.cucumber.testng.PickleWrapper,io.cucumber.testng.FeatureWrapper)[pri:0, instance:com.Capium.RunnerFiles.CapitalAllowances_CalculatorRunner@ba54932]" started-at="2025-09-23T16:06:54 IST" name="runScenario" description="Runs Cucumber Scenarios" data-provider="scenarios" finished-at="2025-09-23T16:09:11 IST" duration-ms="136939" status="PASS">
          <params>
            <param index="0">
              <value>
                <![CDATA["Verify ZERO EMISSION CARS  with addition amount With NO CLAIM"]]>
              </value>
            </param>
            <param index="1">
              <value>
                <![CDATA["Login into Capium Application"]]>
              </value>
            </param>
          </params>
          <reporter-output>
          </reporter-output>
        </test-method> <!-- runScenario -->
        <test-method signature="runScenario(io.cucumber.testng.PickleWrapper,io.cucumber.testng.FeatureWrapper)[pri:0, instance:com.Capium.RunnerFiles.CapitalAllowances_CalculatorRunner@ba54932]" started-at="2025-09-23T16:09:11 IST" name="runScenario" description="Runs Cucumber Scenarios" data-provider="scenarios" finished-at="2025-09-23T16:11:32 IST" duration-ms="141066" status="PASS">
          <params>
            <param index="0">
              <value>
                <![CDATA["Verify DESIGNATED ENHANCED ALLOWANCE with addition amount  at first year allowance at 100 percent"]]>
              </value>
            </param>
            <param index="1">
              <value>
                <![CDATA["Login into Capium Application"]]>
              </value>
            </param>
          </params>
          <reporter-output>
          </reporter-output>
        </test-method> <!-- runScenario -->
        <test-method signature="runScenario(io.cucumber.testng.PickleWrapper,io.cucumber.testng.FeatureWrapper)[pri:0, instance:com.Capium.RunnerFiles.CapitalAllowances_CalculatorRunner@ba54932]" started-at="2025-09-23T16:11:32 IST" name="runScenario" description="Runs Cucumber Scenarios" data-provider="scenarios" finished-at="2025-09-23T16:14:14 IST" duration-ms="161881" status="PASS">
          <params>
            <param index="0">
              <value>
                <![CDATA["Verify DESIGNATED ENHNACED ALLOWANCE  with addition amount and disposed amount and business closed checkbox"]]>
              </value>
            </param>
            <param index="1">
              <value>
                <![CDATA["Login into Capium Application"]]>
              </value>
            </param>
          </params>
          <reporter-output>
          </reporter-output>
        </test-method> <!-- runScenario -->
        <test-method signature="runScenario(io.cucumber.testng.PickleWrapper,io.cucumber.testng.FeatureWrapper)[pri:0, instance:com.Capium.RunnerFiles.CapitalAllowances_CalculatorRunner@ba54932]" started-at="2025-09-23T16:14:14 IST" name="runScenario" description="Runs Cucumber Scenarios" data-provider="scenarios" finished-at="2025-09-23T16:18:25 IST" duration-ms="251016" status="FAIL">
          <params>
            <param index="0">
              <value>
                <![CDATA["Verify DESIGNATED ENHNACED ALLOWANCE with addition amount With NO CLAIM"]]>
              </value>
            </param>
            <param index="1">
              <value>
                <![CDATA["Login into Capium Application"]]>
              </value>
            </param>
          </params>
          <exception class="org.openqa.selenium.TimeoutException">
            <message>
              <![CDATA[Expected condition failed: waiting for visibility of element located by By.xpath: //input[@placeholder='Search here...'] (tried for 15 second(s) with 500 milliseconds interval)
Build info: version: '4.23.0', revision: '4df0a231af'
System info: os.name: 'Windows 11', os.arch: 'amd64', os.version: '10.0', java.version: '17.0.12'
Driver info: org.openqa.selenium.chrome.ChromeDriver
Capabilities {acceptInsecureCerts: false, browserName: chrome, browserVersion: 140.0.7339.128, chrome: {chromedriverVersion: 140.0.7339.185 (eeea00e459e..., userDataDir: C:\Users\user\AppData\Local...}, fedcm:accounts: true, goog:chromeOptions: {debuggerAddress: localhost:58694}, networkConnectionEnabled: false, pageLoadStrategy: normal, platformName: windows, proxy: Proxy(), se:cdp: ws://localhost:58694/devtoo..., se:cdpVersion: 140.0.7339.128, setWindowRect: true, strictFileInteractability: false, timeouts: {implicit: 0, pageLoad: 300000, script: 30000}, unhandledPromptBehavior: dismiss and notify, webauthn:extension:credBlob: true, webauthn:extension:largeBlob: true, webauthn:extension:minPinLength: true, webauthn:extension:prf: true, webauthn:virtualAuthenticators: true}
Session ID: 2f04a9ba8075279be7545fca4c9cad4e]]>
            </message>
            <full-stacktrace>
              <![CDATA[org.openqa.selenium.TimeoutException: Expected condition failed: waiting for visibility of element located by By.xpath: //input[@placeholder='Search here...'] (tried for 15 second(s) with 500 milliseconds interval)
Build info: version: '4.23.0', revision: '4df0a231af'
System info: os.name: 'Windows 11', os.arch: 'amd64', os.version: '10.0', java.version: '17.0.12'
Driver info: org.openqa.selenium.chrome.ChromeDriver
Capabilities {acceptInsecureCerts: false, browserName: chrome, browserVersion: 140.0.7339.128, chrome: {chromedriverVersion: 140.0.7339.185 (eeea00e459e..., userDataDir: C:\Users\user\AppData\Local...}, fedcm:accounts: true, goog:chromeOptions: {debuggerAddress: localhost:58694}, networkConnectionEnabled: false, pageLoadStrategy: normal, platformName: windows, proxy: Proxy(), se:cdp: ws://localhost:58694/devtoo..., se:cdpVersion: 140.0.7339.128, setWindowRect: true, strictFileInteractability: false, timeouts: {implicit: 0, pageLoad: 300000, script: 30000}, unhandledPromptBehavior: dismiss and notify, webauthn:extension:credBlob: true, webauthn:extension:largeBlob: true, webauthn:extension:minPinLength: true, webauthn:extension:prf: true, webauthn:virtualAuthenticators: true}
Session ID: 2f04a9ba8075279be7545fca4c9cad4e
at org.openqa.selenium.support.ui.WebDriverWait.timeoutException(WebDriverWait.java:84)
at org.openqa.selenium.support.ui.FluentWait.until(FluentWait.java:228)
at com.Capium.Actions.CapitalAllowancesActions.SearchTextfield(CapitalAllowancesActions.java:74)
at com.Capium.StepDefination.Capital_AllowancesStepDefination.search_a_client_and_verify(Capital_AllowancesStepDefination.java:23)
at âœ½.Search a client and verify(file:///D:/CT%205.0/CorporationTax_5.0/src/test/resources/FeatureFiles/Capital_allowance.feature:1471)
]]>
            </full-stacktrace>
          </exception> <!-- org.openqa.selenium.TimeoutException -->
          <reporter-output>
          </reporter-output>
        </test-method> <!-- runScenario -->
        <test-method signature="runScenario(io.cucumber.testng.PickleWrapper,io.cucumber.testng.FeatureWrapper)[pri:0, instance:com.Capium.RunnerFiles.CapitalAllowances_CalculatorRunner@ba54932]" started-at="2025-09-23T16:18:25 IST" name="runScenario" description="Runs Cucumber Scenarios" data-provider="scenarios" finished-at="2025-09-23T16:19:47 IST" duration-ms="82294" status="PASS">
          <params>
            <param index="0">
              <value>
                <![CDATA["Verify kebab icon for capital allowance"]]>
              </value>
            </param>
            <param index="1">
              <value>
                <![CDATA["Login into Capium Application"]]>
              </value>
            </param>
          </params>
          <reporter-output>
          </reporter-output>
        </test-method> <!-- runScenario -->
        <test-method signature="runScenario(io.cucumber.testng.PickleWrapper,io.cucumber.testng.FeatureWrapper)[pri:0, instance:com.Capium.RunnerFiles.CapitalAllowances_CalculatorRunner@ba54932]" started-at="2025-09-23T16:19:47 IST" name="runScenario" description="Runs Cucumber Scenarios" data-provider="scenarios" finished-at="2025-09-23T16:22:04 IST" duration-ms="137281" status="PASS">
          <params>
            <param index="0">
              <value>
                <![CDATA["Verify Main pool asset with WDV b/fwd amount"]]>
              </value>
            </param>
            <param index="1">
              <value>
                <![CDATA["Login into Capium Application"]]>
              </value>
            </param>
          </params>
          <reporter-output>
          </reporter-output>
        </test-method> <!-- runScenario -->
        <test-method signature="runScenario(io.cucumber.testng.PickleWrapper,io.cucumber.testng.FeatureWrapper)[pri:0, instance:com.Capium.RunnerFiles.CapitalAllowances_CalculatorRunner@ba54932]" started-at="2025-09-23T16:22:04 IST" name="runScenario" description="Runs Cucumber Scenarios" data-provider="scenarios" finished-at="2025-09-23T16:24:16 IST" duration-ms="131956" status="FAIL">
          <params>
            <param index="0">
              <value>
                <![CDATA["Verify Main pool asset with WDV b/fwd amount by using save"]]>
              </value>
            </param>
            <param index="1">
              <value>
                <![CDATA["Login into Capium Application"]]>
              </value>
            </param>
          </params>
          <exception class="org.openqa.selenium.TimeoutException">
            <message>
              <![CDATA[Expected condition failed: waiting for visibility of element located by By.xpath: //input[@placeholder='Search here...'] (tried for 15 second(s) with 500 milliseconds interval)
Build info: version: '4.23.0', revision: '4df0a231af'
System info: os.name: 'Windows 11', os.arch: 'amd64', os.version: '10.0', java.version: '17.0.12'
Driver info: org.openqa.selenium.chrome.ChromeDriver
Capabilities {acceptInsecureCerts: false, browserName: chrome, browserVersion: 140.0.7339.128, chrome: {chromedriverVersion: 140.0.7339.185 (eeea00e459e..., userDataDir: C:\Users\user\AppData\Local...}, fedcm:accounts: true, goog:chromeOptions: {debuggerAddress: localhost:62292}, networkConnectionEnabled: false, pageLoadStrategy: normal, platformName: windows, proxy: Proxy(), se:cdp: ws://localhost:62292/devtoo..., se:cdpVersion: 140.0.7339.128, setWindowRect: true, strictFileInteractability: false, timeouts: {implicit: 0, pageLoad: 300000, script: 30000}, unhandledPromptBehavior: dismiss and notify, webauthn:extension:credBlob: true, webauthn:extension:largeBlob: true, webauthn:extension:minPinLength: true, webauthn:extension:prf: true, webauthn:virtualAuthenticators: true}
Session ID: c726fb28e28efae597def8f32ba7c4be]]>
            </message>
            <full-stacktrace>
              <![CDATA[org.openqa.selenium.TimeoutException: Expected condition failed: waiting for visibility of element located by By.xpath: //input[@placeholder='Search here...'] (tried for 15 second(s) with 500 milliseconds interval)
Build info: version: '4.23.0', revision: '4df0a231af'
System info: os.name: 'Windows 11', os.arch: 'amd64', os.version: '10.0', java.version: '17.0.12'
Driver info: org.openqa.selenium.chrome.ChromeDriver
Capabilities {acceptInsecureCerts: false, browserName: chrome, browserVersion: 140.0.7339.128, chrome: {chromedriverVersion: 140.0.7339.185 (eeea00e459e..., userDataDir: C:\Users\user\AppData\Local...}, fedcm:accounts: true, goog:chromeOptions: {debuggerAddress: localhost:62292}, networkConnectionEnabled: false, pageLoadStrategy: normal, platformName: windows, proxy: Proxy(), se:cdp: ws://localhost:62292/devtoo..., se:cdpVersion: 140.0.7339.128, setWindowRect: true, strictFileInteractability: false, timeouts: {implicit: 0, pageLoad: 300000, script: 30000}, unhandledPromptBehavior: dismiss and notify, webauthn:extension:credBlob: true, webauthn:extension:largeBlob: true, webauthn:extension:minPinLength: true, webauthn:extension:prf: true, webauthn:virtualAuthenticators: true}
Session ID: c726fb28e28efae597def8f32ba7c4be
at org.openqa.selenium.support.ui.WebDriverWait.timeoutException(WebDriverWait.java:84)
at org.openqa.selenium.support.ui.FluentWait.until(FluentWait.java:228)
at com.Capium.Actions.CapitalAllowancesActions.SearchTextfield(CapitalAllowancesActions.java:74)
at com.Capium.StepDefination.Capital_AllowancesStepDefination.search_a_client_and_verify(Capital_AllowancesStepDefination.java:23)
at âœ½.Search a client and verify(file:///D:/CT%205.0/CorporationTax_5.0/src/test/resources/FeatureFiles/Capital_allowance.feature:1523)
]]>
            </full-stacktrace>
          </exception> <!-- org.openqa.selenium.TimeoutException -->
          <reporter-output>
          </reporter-output>
        </test-method> <!-- runScenario -->
        <test-method signature="runScenario(io.cucumber.testng.PickleWrapper,io.cucumber.testng.FeatureWrapper)[pri:0, instance:com.Capium.RunnerFiles.CapitalAllowances_CalculatorRunner@ba54932]" started-at="2025-09-23T16:24:16 IST" name="runScenario" description="Runs Cucumber Scenarios" data-provider="scenarios" finished-at="2025-09-23T16:25:59 IST" duration-ms="102711" status="PASS">
          <params>
            <param index="0">
              <value>
                <![CDATA["Verify Main pool asset with WDV b/fwd amount by using cancel changes"]]>
              </value>
            </param>
            <param index="1">
              <value>
                <![CDATA["Login into Capium Application"]]>
              </value>
            </param>
          </params>
          <reporter-output>
          </reporter-output>
        </test-method> <!-- runScenario -->
        <test-method signature="runScenario(io.cucumber.testng.PickleWrapper,io.cucumber.testng.FeatureWrapper)[pri:0, instance:com.Capium.RunnerFiles.CapitalAllowances_CalculatorRunner@ba54932]" started-at="2025-09-23T16:25:59 IST" name="runScenario" description="Runs Cucumber Scenarios" data-provider="scenarios" finished-at="2025-09-23T16:27:23 IST" duration-ms="83660" status="PASS">
          <params>
            <param index="0">
              <value>
                <![CDATA["Verify kebab icon for capital allowance"]]>
              </value>
            </param>
            <param index="1">
              <value>
                <![CDATA["Login into Capium Application"]]>
              </value>
            </param>
          </params>
          <reporter-output>
          </reporter-output>
        </test-method> <!-- runScenario -->
        <test-method is-config="true" signature="tearDownClass()[pri:0, instance:com.Capium.RunnerFiles.CapitalAllowances_CalculatorRunner@ba54932]" started-at="2025-09-23T16:27:23 IST" name="tearDownClass" finished-at="2025-09-23T16:27:25 IST" duration-ms="1738" status="PASS">
          <reporter-output>
          </reporter-output>
        </test-method> <!-- tearDownClass -->
      </class> <!-- com.Capium.RunnerFiles.CapitalAllowances_CalculatorRunner -->
    </test> <!-- Test -->
  </suite> <!-- Suite -->
</testng-results>
