<?xml version="1.0" encoding="UTF-8"?>
<!-- Generated by org.testng.reporters.JUnitReportReporter -->
<testsuite hostname="DESKTOP-332EDPG" failures="0" tests="72" name="com.Capium.RunnerFiles.CapitalAllowances_CalculatorRunner" time="10671.584" errors="14" timestamp="2025-09-23T16:27:25 IST" skipped="0">
  <testcase classname="com.Capium.RunnerFiles.CapitalAllowances_CalculatorRunner" name="runScenario" time="276.260">
    <error message="Expected condition failed: waiting for visibility of element located by By.xpath: //input[@placeholder=&#039;Search here...&#039;] (tried for 15 second(s) with 500 milliseconds interval)
Build info: version: &#039;4.23.0&#039;, revision: &#039;4df0a231af&#039;
System info: os.name: &#039;Windows 11&#039;, os.arch: &#039;amd64&#039;, os.version: &#039;10.0&#039;, java.version: &#039;17.0.12&#039;
Driver info: org.openqa.selenium.chrome.ChromeDriver
Capabilities {acceptInsecureCerts: false, browserName: chrome, browserVersion: 140.0.7339.128, chrome: {chromedriverVersion: 140.0.7339.185 (eeea00e459e..., userDataDir: C:\Users\user\AppData\Local...}, fedcm:accounts: true, goog:chromeOptions: {debuggerAddress: localhost:52337}, networkConnectionEnabled: false, pageLoadStrategy: normal, platformName: windows, proxy: Proxy(), se:cdp: ws://localhost:52337/devtoo..., se:cdpVersion: 140.0.7339.128, setWindowRect: true, strictFileInteractability: false, timeouts: {implicit: 0, pageLoad: 300000, script: 30000}, unhandledPromptBehavior: dismiss and notify, webauthn:extension:credBlob: true, webauthn:extension:largeBlob: true, webauthn:extension:minPinLength: true, webauthn:extension:prf: true, webauthn:virtualAuthenticators: true}
Session ID: 69cdc17689b4d11b65d4efd072be34cd" type="org.openqa.selenium.TimeoutException">
      <![CDATA[org.openqa.selenium.TimeoutException: Expected condition failed: waiting for visibility of element located by By.xpath: //input[@placeholder='Search here...'] (tried for 15 second(s) with 500 milliseconds interval)
Build info: version: '4.23.0', revision: '4df0a231af'
System info: os.name: 'Windows 11', os.arch: 'amd64', os.version: '10.0', java.version: '17.0.12'
Driver info: org.openqa.selenium.chrome.ChromeDriver
Capabilities {acceptInsecureCerts: false, browserName: chrome, browserVersion: 140.0.7339.128, chrome: {chromedriverVersion: 140.0.7339.185 (eeea00e459e..., userDataDir: C:\Users\user\AppData\Local...}, fedcm:accounts: true, goog:chromeOptions: {debuggerAddress: localhost:52337}, networkConnectionEnabled: false, pageLoadStrategy: normal, platformName: windows, proxy: Proxy(), se:cdp: ws://localhost:52337/devtoo..., se:cdpVersion: 140.0.7339.128, setWindowRect: true, strictFileInteractability: false, timeouts: {implicit: 0, pageLoad: 300000, script: 30000}, unhandledPromptBehavior: dismiss and notify, webauthn:extension:credBlob: true, webauthn:extension:largeBlob: true, webauthn:extension:minPinLength: true, webauthn:extension:prf: true, webauthn:virtualAuthenticators: true}
Session ID: 69cdc17689b4d11b65d4efd072be34cd
at org.openqa.selenium.support.ui.WebDriverWait.timeoutException(WebDriverWait.java:84)
at org.openqa.selenium.support.ui.FluentWait.until(FluentWait.java:228)
at com.Capium.Actions.CapitalAllowancesActions.SearchTextfield(CapitalAllowancesActions.java:74)
at com.Capium.StepDefination.Capital_AllowancesStepDefination.search_a_client_and_verify(Capital_AllowancesStepDefination.java:23)
at ✽.Search a client and verify(file:///D:/CT%205.0/CorporationTax_5.0/src/test/resources/FeatureFiles/Capital_allowance.feature:58)
]]>
    </error>
  </testcase> <!-- runScenario -->
  <testcase classname="com.Capium.RunnerFiles.CapitalAllowances_CalculatorRunner" name="runScenario" time="133.172"/>
  <testcase classname="com.Capium.RunnerFiles.CapitalAllowances_CalculatorRunner" name="runScenario" time="131.953"/>
  <testcase classname="com.Capium.RunnerFiles.CapitalAllowances_CalculatorRunner" name="runScenario" time="110.389">
    <error message="Expected condition failed: waiting for visibility of element located by By.xpath: //input[normalize-space(@formcontrolname)=&#039;WDARate&#039;] (tried for 5 second(s) with 500 milliseconds interval)
Build info: version: &#039;4.23.0&#039;, revision: &#039;4df0a231af&#039;
System info: os.name: &#039;Windows 11&#039;, os.arch: &#039;amd64&#039;, os.version: &#039;10.0&#039;, java.version: &#039;17.0.12&#039;
Driver info: org.openqa.selenium.chrome.ChromeDriver
Capabilities {acceptInsecureCerts: false, browserName: chrome, browserVersion: 140.0.7339.128, chrome: {chromedriverVersion: 140.0.7339.185 (eeea00e459e..., userDataDir: C:\Users\user\AppData\Local...}, fedcm:accounts: true, goog:chromeOptions: {debuggerAddress: localhost:60854}, networkConnectionEnabled: false, pageLoadStrategy: normal, platformName: windows, proxy: Proxy(), se:cdp: ws://localhost:60854/devtoo..., se:cdpVersion: 140.0.7339.128, setWindowRect: true, strictFileInteractability: false, timeouts: {implicit: 0, pageLoad: 300000, script: 30000}, unhandledPromptBehavior: dismiss and notify, webauthn:extension:credBlob: true, webauthn:extension:largeBlob: true, webauthn:extension:minPinLength: true, webauthn:extension:prf: true, webauthn:virtualAuthenticators: true}
Session ID: b9553a3a499859ecdf88aeef66c4f8b1" type="org.openqa.selenium.TimeoutException">
      <![CDATA[org.openqa.selenium.TimeoutException: Expected condition failed: waiting for visibility of element located by By.xpath: //input[normalize-space(@formcontrolname)='WDARate'] (tried for 5 second(s) with 500 milliseconds interval)
Build info: version: '4.23.0', revision: '4df0a231af'
System info: os.name: 'Windows 11', os.arch: 'amd64', os.version: '10.0', java.version: '17.0.12'
Driver info: org.openqa.selenium.chrome.ChromeDriver
Capabilities {acceptInsecureCerts: false, browserName: chrome, browserVersion: 140.0.7339.128, chrome: {chromedriverVersion: 140.0.7339.185 (eeea00e459e..., userDataDir: C:\Users\user\AppData\Local...}, fedcm:accounts: true, goog:chromeOptions: {debuggerAddress: localhost:60854}, networkConnectionEnabled: false, pageLoadStrategy: normal, platformName: windows, proxy: Proxy(), se:cdp: ws://localhost:60854/devtoo..., se:cdpVersion: 140.0.7339.128, setWindowRect: true, strictFileInteractability: false, timeouts: {implicit: 0, pageLoad: 300000, script: 30000}, unhandledPromptBehavior: dismiss and notify, webauthn:extension:credBlob: true, webauthn:extension:largeBlob: true, webauthn:extension:minPinLength: true, webauthn:extension:prf: true, webauthn:virtualAuthenticators: true}
Session ID: b9553a3a499859ecdf88aeef66c4f8b1
at org.openqa.selenium.support.ui.WebDriverWait.timeoutException(WebDriverWait.java:84)
at org.openqa.selenium.support.ui.FluentWait.until(FluentWait.java:228)
at com.Capium.Actions.CapitalAllowancesActions.CT600ComputationforrestrictionandWDVwithspecialratepool(CapitalAllowancesActions.java:1811)
at com.Capium.StepDefination.Capital_AllowancesStepDefination.click_and_verify_ct600_computation_for_restriction_and_wdv_with_special_rate_pool(Capital_AllowancesStepDefination.java:724)
at ✽.Click and Verify CT600 Computation for restriction and wdv with special rate pool(file:///D:/CT%205.0/CorporationTax_5.0/src/test/resources/FeatureFiles/Capital_allowance.feature:930)
]]>
    </error>
  </testcase> <!-- runScenario -->
  <testcase classname="com.Capium.RunnerFiles.CapitalAllowances_CalculatorRunner" name="runScenario" time="222.681">
    <error message="Expected condition failed: waiting for visibility of element located by By.xpath: //input[@placeholder=&#039;Search here...&#039;] (tried for 15 second(s) with 500 milliseconds interval)
Build info: version: &#039;4.23.0&#039;, revision: &#039;4df0a231af&#039;
System info: os.name: &#039;Windows 11&#039;, os.arch: &#039;amd64&#039;, os.version: &#039;10.0&#039;, java.version: &#039;17.0.12&#039;
Driver info: org.openqa.selenium.chrome.ChromeDriver
Capabilities {acceptInsecureCerts: false, browserName: chrome, browserVersion: 140.0.7339.128, chrome: {chromedriverVersion: 140.0.7339.185 (eeea00e459e..., userDataDir: C:\Users\user\AppData\Local...}, fedcm:accounts: true, goog:chromeOptions: {debuggerAddress: localhost:52960}, networkConnectionEnabled: false, pageLoadStrategy: normal, platformName: windows, proxy: Proxy(), se:cdp: ws://localhost:52960/devtoo..., se:cdpVersion: 140.0.7339.128, setWindowRect: true, strictFileInteractability: false, timeouts: {implicit: 0, pageLoad: 300000, script: 30000}, unhandledPromptBehavior: dismiss and notify, webauthn:extension:credBlob: true, webauthn:extension:largeBlob: true, webauthn:extension:minPinLength: true, webauthn:extension:prf: true, webauthn:virtualAuthenticators: true}
Session ID: 67a6c544d76e83cb7238358e7cfa99b3" type="org.openqa.selenium.TimeoutException">
      <![CDATA[org.openqa.selenium.TimeoutException: Expected condition failed: waiting for visibility of element located by By.xpath: //input[@placeholder='Search here...'] (tried for 15 second(s) with 500 milliseconds interval)
Build info: version: '4.23.0', revision: '4df0a231af'
System info: os.name: 'Windows 11', os.arch: 'amd64', os.version: '10.0', java.version: '17.0.12'
Driver info: org.openqa.selenium.chrome.ChromeDriver
Capabilities {acceptInsecureCerts: false, browserName: chrome, browserVersion: 140.0.7339.128, chrome: {chromedriverVersion: 140.0.7339.185 (eeea00e459e..., userDataDir: C:\Users\user\AppData\Local...}, fedcm:accounts: true, goog:chromeOptions: {debuggerAddress: localhost:52960}, networkConnectionEnabled: false, pageLoadStrategy: normal, platformName: windows, proxy: Proxy(), se:cdp: ws://localhost:52960/devtoo..., se:cdpVersion: 140.0.7339.128, setWindowRect: true, strictFileInteractability: false, timeouts: {implicit: 0, pageLoad: 300000, script: 30000}, unhandledPromptBehavior: dismiss and notify, webauthn:extension:credBlob: true, webauthn:extension:largeBlob: true, webauthn:extension:minPinLength: true, webauthn:extension:prf: true, webauthn:virtualAuthenticators: true}
Session ID: 67a6c544d76e83cb7238358e7cfa99b3
at org.openqa.selenium.support.ui.WebDriverWait.timeoutException(WebDriverWait.java:84)
at org.openqa.selenium.support.ui.FluentWait.until(FluentWait.java:228)
at com.Capium.Actions.CapitalAllowancesActions.SearchTextfield(CapitalAllowancesActions.java:74)
at com.Capium.StepDefination.Capital_AllowancesStepDefination.search_a_client_and_verify(Capital_AllowancesStepDefination.java:23)
at ✽.Search a client and verify(file:///D:/CT%205.0/CorporationTax_5.0/src/test/resources/FeatureFiles/Capital_allowance.feature:190)
]]>
    </error>
  </testcase> <!-- runScenario -->
  <testcase classname="com.Capium.RunnerFiles.CapitalAllowances_CalculatorRunner" name="runScenario" time="97.898">
    <error message="element click intercepted: Element &lt;input type=&quot;checkbox&quot; class=&quot;mdc-checkbox__native-control&quot; id=&quot;mat-mdc-checkbox-38-input&quot; tabindex=&quot;-1&quot; disabled=&quot;&quot;&gt; is not clickable at point (987, 64). Other element would receive the click: &lt;div _ngcontent-cto-c119=&quot;&quot;&gt;...&lt;/div&gt;
  (Session info: chrome=140.0.7339.128)
Build info: version: &#039;4.23.0&#039;, revision: &#039;4df0a231af&#039;
System info: os.name: &#039;Windows 11&#039;, os.arch: &#039;amd64&#039;, os.version: &#039;10.0&#039;, java.version: &#039;17.0.12&#039;
Driver info: org.openqa.selenium.chrome.ChromeDriver
Command: [804609faa955bf10cbdc0025c774717c, clickElement {id=f.BA2C509652917758E14BC0837835FA57.d.176AE9F94AC66E2C47E0C5CD66E92969.e.277}]
Capabilities {acceptInsecureCerts: false, browserName: chrome, browserVersion: 140.0.7339.128, chrome: {chromedriverVersion: 140.0.7339.185 (eeea00e459e..., userDataDir: C:\Users\user\AppData\Local...}, fedcm:accounts: true, goog:chromeOptions: {debuggerAddress: localhost:61550}, networkConnectionEnabled: false, pageLoadStrategy: normal, platformName: windows, proxy: Proxy(), se:cdp: ws://localhost:61550/devtoo..., se:cdpVersion: 140.0.7339.128, setWindowRect: true, strictFileInteractability: false, timeouts: {implicit: 0, pageLoad: 300000, script: 30000}, unhandledPromptBehavior: dismiss and notify, webauthn:extension:credBlob: true, webauthn:extension:largeBlob: true, webauthn:extension:minPinLength: true, webauthn:extension:prf: true, webauthn:virtualAuthenticators: true}
Element: [[ChromeDriver: chrome on windows (804609faa955bf10cbdc0025c774717c)] -&gt; xpath: //mat-checkbox[.//span[contains(text(), &#039;First Year Allowance at 100%&#039;)]]//input]
Session ID: 804609faa955bf10cbdc0025c774717c" type="org.openqa.selenium.ElementClickInterceptedException">
      <![CDATA[org.openqa.selenium.ElementClickInterceptedException: element click intercepted: Element <input type="checkbox" class="mdc-checkbox__native-control" id="mat-mdc-checkbox-38-input" tabindex="-1" disabled=""> is not clickable at point (987, 64). Other element would receive the click: <div _ngcontent-cto-c119="">...</div>
  (Session info: chrome=140.0.7339.128)
Build info: version: '4.23.0', revision: '4df0a231af'
System info: os.name: 'Windows 11', os.arch: 'amd64', os.version: '10.0', java.version: '17.0.12'
Driver info: org.openqa.selenium.chrome.ChromeDriver
Command: [804609faa955bf10cbdc0025c774717c, clickElement {id=f.BA2C509652917758E14BC0837835FA57.d.176AE9F94AC66E2C47E0C5CD66E92969.e.277}]
Capabilities {acceptInsecureCerts: false, browserName: chrome, browserVersion: 140.0.7339.128, chrome: {chromedriverVersion: 140.0.7339.185 (eeea00e459e..., userDataDir: C:\Users\user\AppData\Local...}, fedcm:accounts: true, goog:chromeOptions: {debuggerAddress: localhost:61550}, networkConnectionEnabled: false, pageLoadStrategy: normal, platformName: windows, proxy: Proxy(), se:cdp: ws://localhost:61550/devtoo..., se:cdpVersion: 140.0.7339.128, setWindowRect: true, strictFileInteractability: false, timeouts: {implicit: 0, pageLoad: 300000, script: 30000}, unhandledPromptBehavior: dismiss and notify, webauthn:extension:credBlob: true, webauthn:extension:largeBlob: true, webauthn:extension:minPinLength: true, webauthn:extension:prf: true, webauthn:virtualAuthenticators: true}
Element: [[ChromeDriver: chrome on windows (804609faa955bf10cbdc0025c774717c)] -> xpath: //mat-checkbox[.//span[contains(text(), 'First Year Allowance at 100%')]]//input]
Session ID: 804609faa955bf10cbdc0025c774717c
at java.base/jdk.internal.reflect.NativeConstructorAccessorImpl.newInstance0(Native Method)
at java.base/jdk.internal.reflect.NativeConstructorAccessorImpl.newInstance(NativeConstructorAccessorImpl.java:77)
at java.base/jdk.internal.reflect.DelegatingConstructorAccessorImpl.newInstance(DelegatingConstructorAccessorImpl.java:45)
at java.base/java.lang.reflect.Constructor.newInstanceWithCaller(Constructor.java:499)
at java.base/java.lang.reflect.Constructor.newInstance(Constructor.java:480)
at org.openqa.selenium.remote.ErrorCodec.decode(ErrorCodec.java:167)
at org.openqa.selenium.remote.codec.w3c.W3CHttpResponseCodec.decode(W3CHttpResponseCodec.java:138)
at org.openqa.selenium.remote.codec.w3c.W3CHttpResponseCodec.decode(W3CHttpResponseCodec.java:50)
at org.openqa.selenium.remote.HttpCommandExecutor.execute(HttpCommandExecutor.java:190)
at org.openqa.selenium.remote.service.DriverCommandExecutor.invokeExecute(DriverCommandExecutor.java:216)
at org.openqa.selenium.remote.service.DriverCommandExecutor.execute(DriverCommandExecutor.java:174)
at org.openqa.selenium.remote.RemoteWebDriver.execute(RemoteWebDriver.java:527)
at org.openqa.selenium.remote.RemoteWebElement.execute(RemoteWebElement.java:223)
at org.openqa.selenium.remote.RemoteWebElement.click(RemoteWebElement.java:76)
at jdk.internal.reflect.GeneratedMethodAccessor76.invoke(Unknown Source)
at java.base/jdk.internal.reflect.DelegatingMethodAccessorImpl.invoke(DelegatingMethodAccessorImpl.java:43)
at java.base/java.lang.reflect.Method.invoke(Method.java:568)
at org.openqa.selenium.support.pagefactory.internal.LocatingElementHandler.invoke(LocatingElementHandler.java:51)
at jdk.proxy2/jdk.proxy2.$Proxy34.click(Unknown Source)
at com.Capium.Actions.CapitalAllowancesActions.firstYearAllowanceAtHundredPercent(CapitalAllowancesActions.java:518)
at com.Capium.StepDefination.Capital_AllowancesStepDefination.click_on_first_year_allowance_at_percent(Capital_AllowancesStepDefination.java:489)
at ✽.Click on first year allowance at 100 percent(file:///D:/CT%205.0/CorporationTax_5.0/src/test/resources/FeatureFiles/Capital_allowance.feature:1105)
]]>
    </error>
  </testcase> <!-- runScenario -->
  <testcase classname="com.Capium.RunnerFiles.CapitalAllowances_CalculatorRunner" name="runScenario" time="251.016">
    <error message="Expected condition failed: waiting for visibility of element located by By.xpath: //input[@placeholder=&#039;Search here...&#039;] (tried for 15 second(s) with 500 milliseconds interval)
Build info: version: &#039;4.23.0&#039;, revision: &#039;4df0a231af&#039;
System info: os.name: &#039;Windows 11&#039;, os.arch: &#039;amd64&#039;, os.version: &#039;10.0&#039;, java.version: &#039;17.0.12&#039;
Driver info: org.openqa.selenium.chrome.ChromeDriver
Capabilities {acceptInsecureCerts: false, browserName: chrome, browserVersion: 140.0.7339.128, chrome: {chromedriverVersion: 140.0.7339.185 (eeea00e459e..., userDataDir: C:\Users\user\AppData\Local...}, fedcm:accounts: true, goog:chromeOptions: {debuggerAddress: localhost:58694}, networkConnectionEnabled: false, pageLoadStrategy: normal, platformName: windows, proxy: Proxy(), se:cdp: ws://localhost:58694/devtoo..., se:cdpVersion: 140.0.7339.128, setWindowRect: true, strictFileInteractability: false, timeouts: {implicit: 0, pageLoad: 300000, script: 30000}, unhandledPromptBehavior: dismiss and notify, webauthn:extension:credBlob: true, webauthn:extension:largeBlob: true, webauthn:extension:minPinLength: true, webauthn:extension:prf: true, webauthn:virtualAuthenticators: true}
Session ID: 2f04a9ba8075279be7545fca4c9cad4e" type="org.openqa.selenium.TimeoutException">
      <![CDATA[org.openqa.selenium.TimeoutException: Expected condition failed: waiting for visibility of element located by By.xpath: //input[@placeholder='Search here...'] (tried for 15 second(s) with 500 milliseconds interval)
Build info: version: '4.23.0', revision: '4df0a231af'
System info: os.name: 'Windows 11', os.arch: 'amd64', os.version: '10.0', java.version: '17.0.12'
Driver info: org.openqa.selenium.chrome.ChromeDriver
Capabilities {acceptInsecureCerts: false, browserName: chrome, browserVersion: 140.0.7339.128, chrome: {chromedriverVersion: 140.0.7339.185 (eeea00e459e..., userDataDir: C:\Users\user\AppData\Local...}, fedcm:accounts: true, goog:chromeOptions: {debuggerAddress: localhost:58694}, networkConnectionEnabled: false, pageLoadStrategy: normal, platformName: windows, proxy: Proxy(), se:cdp: ws://localhost:58694/devtoo..., se:cdpVersion: 140.0.7339.128, setWindowRect: true, strictFileInteractability: false, timeouts: {implicit: 0, pageLoad: 300000, script: 30000}, unhandledPromptBehavior: dismiss and notify, webauthn:extension:credBlob: true, webauthn:extension:largeBlob: true, webauthn:extension:minPinLength: true, webauthn:extension:prf: true, webauthn:virtualAuthenticators: true}
Session ID: 2f04a9ba8075279be7545fca4c9cad4e
at org.openqa.selenium.support.ui.WebDriverWait.timeoutException(WebDriverWait.java:84)
at org.openqa.selenium.support.ui.FluentWait.until(FluentWait.java:228)
at com.Capium.Actions.CapitalAllowancesActions.SearchTextfield(CapitalAllowancesActions.java:74)
at com.Capium.StepDefination.Capital_AllowancesStepDefination.search_a_client_and_verify(Capital_AllowancesStepDefination.java:23)
at ✽.Search a client and verify(file:///D:/CT%205.0/CorporationTax_5.0/src/test/resources/FeatureFiles/Capital_allowance.feature:1471)
]]>
    </error>
  </testcase> <!-- runScenario -->
  <testcase classname="com.Capium.RunnerFiles.CapitalAllowances_CalculatorRunner" name="runScenario" time="137.281"/>
  <testcase classname="com.Capium.RunnerFiles.CapitalAllowances_CalculatorRunner" name="runScenario" time="102.711"/>
  <testcase classname="com.Capium.RunnerFiles.CapitalAllowances_CalculatorRunner" name="runScenario" time="154.020"/>
  <testcase classname="com.Capium.RunnerFiles.CapitalAllowances_CalculatorRunner" name="runScenario" time="147.881"/>
  <testcase classname="com.Capium.RunnerFiles.CapitalAllowances_CalculatorRunner" name="runScenario" time="82.294"/>
  <testcase classname="com.Capium.RunnerFiles.CapitalAllowances_CalculatorRunner" name="runScenario" time="138.621"/>
  <testcase classname="com.Capium.RunnerFiles.CapitalAllowances_CalculatorRunner" name="runScenario" time="181.233">
    <error message="Expected condition failed: waiting for visibility of element located by By.xpath: //input[@placeholder=&#039;Search here...&#039;] (tried for 15 second(s) with 500 milliseconds interval)
Build info: version: &#039;4.23.0&#039;, revision: &#039;4df0a231af&#039;
System info: os.name: &#039;Windows 11&#039;, os.arch: &#039;amd64&#039;, os.version: &#039;10.0&#039;, java.version: &#039;17.0.12&#039;
Driver info: org.openqa.selenium.chrome.ChromeDriver
Capabilities {acceptInsecureCerts: false, browserName: chrome, browserVersion: 140.0.7339.128, chrome: {chromedriverVersion: 140.0.7339.185 (eeea00e459e..., userDataDir: C:\Users\user\AppData\Local...}, fedcm:accounts: true, goog:chromeOptions: {debuggerAddress: localhost:54221}, networkConnectionEnabled: false, pageLoadStrategy: normal, platformName: windows, proxy: Proxy(), se:cdp: ws://localhost:54221/devtoo..., se:cdpVersion: 140.0.7339.128, setWindowRect: true, strictFileInteractability: false, timeouts: {implicit: 0, pageLoad: 300000, script: 30000}, unhandledPromptBehavior: dismiss and notify, webauthn:extension:credBlob: true, webauthn:extension:largeBlob: true, webauthn:extension:minPinLength: true, webauthn:extension:prf: true, webauthn:virtualAuthenticators: true}
Session ID: 6469d44dcedd322794c56d8aef2e29cb" type="org.openqa.selenium.TimeoutException">
      <![CDATA[org.openqa.selenium.TimeoutException: Expected condition failed: waiting for visibility of element located by By.xpath: //input[@placeholder='Search here...'] (tried for 15 second(s) with 500 milliseconds interval)
Build info: version: '4.23.0', revision: '4df0a231af'
System info: os.name: 'Windows 11', os.arch: 'amd64', os.version: '10.0', java.version: '17.0.12'
Driver info: org.openqa.selenium.chrome.ChromeDriver
Capabilities {acceptInsecureCerts: false, browserName: chrome, browserVersion: 140.0.7339.128, chrome: {chromedriverVersion: 140.0.7339.185 (eeea00e459e..., userDataDir: C:\Users\user\AppData\Local...}, fedcm:accounts: true, goog:chromeOptions: {debuggerAddress: localhost:54221}, networkConnectionEnabled: false, pageLoadStrategy: normal, platformName: windows, proxy: Proxy(), se:cdp: ws://localhost:54221/devtoo..., se:cdpVersion: 140.0.7339.128, setWindowRect: true, strictFileInteractability: false, timeouts: {implicit: 0, pageLoad: 300000, script: 30000}, unhandledPromptBehavior: dismiss and notify, webauthn:extension:credBlob: true, webauthn:extension:largeBlob: true, webauthn:extension:minPinLength: true, webauthn:extension:prf: true, webauthn:virtualAuthenticators: true}
Session ID: 6469d44dcedd322794c56d8aef2e29cb
at org.openqa.selenium.support.ui.WebDriverWait.timeoutException(WebDriverWait.java:84)
at org.openqa.selenium.support.ui.FluentWait.until(FluentWait.java:228)
at com.Capium.Actions.CapitalAllowancesActions.SearchTextfield(CapitalAllowancesActions.java:74)
at com.Capium.StepDefination.Capital_AllowancesStepDefination.search_a_client_and_verify(Capital_AllowancesStepDefination.java:23)
at ✽.Search a client and verify(file:///D:/CT%205.0/CorporationTax_5.0/src/test/resources/FeatureFiles/Capital_allowance.feature:1249)
]]>
    </error>
  </testcase> <!-- runScenario -->
  <testcase classname="com.Capium.RunnerFiles.CapitalAllowances_CalculatorRunner" name="runScenario" time="275.352">
    <error message="Expected condition failed: waiting for visibility of element located by By.xpath: //input[@placeholder=&#039;Search here...&#039;] (tried for 15 second(s) with 500 milliseconds interval)
Build info: version: &#039;4.23.0&#039;, revision: &#039;4df0a231af&#039;
System info: os.name: &#039;Windows 11&#039;, os.arch: &#039;amd64&#039;, os.version: &#039;10.0&#039;, java.version: &#039;17.0.12&#039;
Driver info: org.openqa.selenium.chrome.ChromeDriver
Capabilities {acceptInsecureCerts: false, browserName: chrome, browserVersion: 140.0.7339.128, chrome: {chromedriverVersion: 140.0.7339.185 (eeea00e459e..., userDataDir: C:\Users\user\AppData\Local...}, fedcm:accounts: true, goog:chromeOptions: {debuggerAddress: localhost:60792}, networkConnectionEnabled: false, pageLoadStrategy: normal, platformName: windows, proxy: Proxy(), se:cdp: ws://localhost:60792/devtoo..., se:cdpVersion: 140.0.7339.128, setWindowRect: true, strictFileInteractability: false, timeouts: {implicit: 0, pageLoad: 300000, script: 30000}, unhandledPromptBehavior: dismiss and notify, webauthn:extension:credBlob: true, webauthn:extension:largeBlob: true, webauthn:extension:minPinLength: true, webauthn:extension:prf: true, webauthn:virtualAuthenticators: true}
Session ID: 1b8ea4c98832b04211094c5e50129af4" type="org.openqa.selenium.TimeoutException">
      <![CDATA[org.openqa.selenium.TimeoutException: Expected condition failed: waiting for visibility of element located by By.xpath: //input[@placeholder='Search here...'] (tried for 15 second(s) with 500 milliseconds interval)
Build info: version: '4.23.0', revision: '4df0a231af'
System info: os.name: 'Windows 11', os.arch: 'amd64', os.version: '10.0', java.version: '17.0.12'
Driver info: org.openqa.selenium.chrome.ChromeDriver
Capabilities {acceptInsecureCerts: false, browserName: chrome, browserVersion: 140.0.7339.128, chrome: {chromedriverVersion: 140.0.7339.185 (eeea00e459e..., userDataDir: C:\Users\user\AppData\Local...}, fedcm:accounts: true, goog:chromeOptions: {debuggerAddress: localhost:60792}, networkConnectionEnabled: false, pageLoadStrategy: normal, platformName: windows, proxy: Proxy(), se:cdp: ws://localhost:60792/devtoo..., se:cdpVersion: 140.0.7339.128, setWindowRect: true, strictFileInteractability: false, timeouts: {implicit: 0, pageLoad: 300000, script: 30000}, unhandledPromptBehavior: dismiss and notify, webauthn:extension:credBlob: true, webauthn:extension:largeBlob: true, webauthn:extension:minPinLength: true, webauthn:extension:prf: true, webauthn:virtualAuthenticators: true}
Session ID: 1b8ea4c98832b04211094c5e50129af4
at org.openqa.selenium.support.ui.WebDriverWait.timeoutException(WebDriverWait.java:84)
at org.openqa.selenium.support.ui.FluentWait.until(FluentWait.java:228)
at com.Capium.Actions.CapitalAllowancesActions.SearchTextfield(CapitalAllowancesActions.java:74)
at com.Capium.StepDefination.Capital_AllowancesStepDefination.search_a_client_and_verify(Capital_AllowancesStepDefination.java:23)
at ✽.Search a client and verify(file:///D:/CT%205.0/CorporationTax_5.0/src/test/resources/FeatureFiles/Capital_allowance.feature:898)
]]>
    </error>
  </testcase> <!-- runScenario -->
  <testcase classname="com.Capium.RunnerFiles.CapitalAllowances_CalculatorRunner" name="runScenario" time="132.287"/>
  <testcase classname="com.Capium.RunnerFiles.CapitalAllowances_CalculatorRunner" name="runScenario" time="280.682">
    <error message="Expected condition failed: waiting for visibility of element located by By.xpath: //input[@placeholder=&#039;Search here...&#039;] (tried for 15 second(s) with 500 milliseconds interval)
Build info: version: &#039;4.23.0&#039;, revision: &#039;4df0a231af&#039;
System info: os.name: &#039;Windows 11&#039;, os.arch: &#039;amd64&#039;, os.version: &#039;10.0&#039;, java.version: &#039;17.0.12&#039;
Driver info: org.openqa.selenium.chrome.ChromeDriver
Capabilities {acceptInsecureCerts: false, browserName: chrome, browserVersion: 140.0.7339.128, chrome: {chromedriverVersion: 140.0.7339.185 (eeea00e459e..., userDataDir: C:\Users\user\AppData\Local...}, fedcm:accounts: true, goog:chromeOptions: {debuggerAddress: localhost:52898}, networkConnectionEnabled: false, pageLoadStrategy: normal, platformName: windows, proxy: Proxy(), se:cdp: ws://localhost:52898/devtoo..., se:cdpVersion: 140.0.7339.128, setWindowRect: true, strictFileInteractability: false, timeouts: {implicit: 0, pageLoad: 300000, script: 30000}, unhandledPromptBehavior: dismiss and notify, webauthn:extension:credBlob: true, webauthn:extension:largeBlob: true, webauthn:extension:minPinLength: true, webauthn:extension:prf: true, webauthn:virtualAuthenticators: true}
Session ID: ba0b0c1c0b460ae25e75986a973ac905" type="org.openqa.selenium.TimeoutException">
      <![CDATA[org.openqa.selenium.TimeoutException: Expected condition failed: waiting for visibility of element located by By.xpath: //input[@placeholder='Search here...'] (tried for 15 second(s) with 500 milliseconds interval)
Build info: version: '4.23.0', revision: '4df0a231af'
System info: os.name: 'Windows 11', os.arch: 'amd64', os.version: '10.0', java.version: '17.0.12'
Driver info: org.openqa.selenium.chrome.ChromeDriver
Capabilities {acceptInsecureCerts: false, browserName: chrome, browserVersion: 140.0.7339.128, chrome: {chromedriverVersion: 140.0.7339.185 (eeea00e459e..., userDataDir: C:\Users\user\AppData\Local...}, fedcm:accounts: true, goog:chromeOptions: {debuggerAddress: localhost:52898}, networkConnectionEnabled: false, pageLoadStrategy: normal, platformName: windows, proxy: Proxy(), se:cdp: ws://localhost:52898/devtoo..., se:cdpVersion: 140.0.7339.128, setWindowRect: true, strictFileInteractability: false, timeouts: {implicit: 0, pageLoad: 300000, script: 30000}, unhandledPromptBehavior: dismiss and notify, webauthn:extension:credBlob: true, webauthn:extension:largeBlob: true, webauthn:extension:minPinLength: true, webauthn:extension:prf: true, webauthn:virtualAuthenticators: true}
Session ID: ba0b0c1c0b460ae25e75986a973ac905
at org.openqa.selenium.support.ui.WebDriverWait.timeoutException(WebDriverWait.java:84)
at org.openqa.selenium.support.ui.FluentWait.until(FluentWait.java:228)
at com.Capium.Actions.CapitalAllowancesActions.SearchTextfield(CapitalAllowancesActions.java:74)
at com.Capium.StepDefination.Capital_AllowancesStepDefination.search_a_client_and_verify(Capital_AllowancesStepDefination.java:23)
at ✽.Search a client and verify(file:///D:/CT%205.0/CorporationTax_5.0/src/test/resources/FeatureFiles/Capital_allowance.feature:163)
]]>
    </error>
  </testcase> <!-- runScenario -->
  <testcase classname="com.Capium.RunnerFiles.CapitalAllowances_CalculatorRunner" name="runScenario" time="145.901"/>
  <testcase classname="com.Capium.RunnerFiles.CapitalAllowances_CalculatorRunner" name="runScenario" time="98.438">
    <error message="The step &#039;Click on Assert Summary Of structure and buildings&#039; and 2 other step(s) are undefined.
You can implement these steps using the snippet(s) below:

@Given(&quot;Click on Assert Summary Of structure and buildings&quot;)
public void click_on_assert_summary_of_structure_and_buildings() {
    // Write code here that turns the phrase above into concrete actions
    throw new io.cucumber.java.PendingException();
}
@Given(&quot;Click and Verify CT600 Computation of structure and buildings&quot;)
public void click_and_verify_ct600_computation_of_structure_and_buildings() {
    // Write code here that turns the phrase above into concrete actions
    throw new io.cucumber.java.PendingException();
}
@Given(&quot;Click on Enhanced Expenditure and Verify Machinery and plant Main pool value of strcutures and buildings&quot;)
public void click_on_enhanced_expenditure_and_verify_machinery_and_plant_main_pool_value_of_strcutures_and_buildings() {
    // Write code here that turns the phrase above into concrete actions
    throw new io.cucumber.java.PendingException();
}
" type="io.cucumber.testng.UndefinedStepException">
      <![CDATA[io.cucumber.testng.UndefinedStepException: The step 'Click on Assert Summary Of structure and buildings' and 2 other step(s) are undefined.
You can implement these steps using the snippet(s) below:

@Given("Click on Assert Summary Of structure and buildings")
public void click_on_assert_summary_of_structure_and_buildings() {
    // Write code here that turns the phrase above into concrete actions
    throw new io.cucumber.java.PendingException();
}
@Given("Click and Verify CT600 Computation of structure and buildings")
public void click_and_verify_ct600_computation_of_structure_and_buildings() {
    // Write code here that turns the phrase above into concrete actions
    throw new io.cucumber.java.PendingException();
}
@Given("Click on Enhanced Expenditure and Verify Machinery and plant Main pool value of strcutures and buildings")
public void click_on_enhanced_expenditure_and_verify_machinery_and_plant_main_pool_value_of_strcutures_and_buildings() {
    // Write code here that turns the phrase above into concrete actions
    throw new io.cucumber.java.PendingException();
}

at io.cucumber.core.runtime.TestCaseResultObserver.assertTestCasePassed(TestCaseResultObserver.java:69)
at io.cucumber.testng.TestCaseResultObserver.assertTestCasePassed(TestCaseResultObserver.java:23)
at io.cucumber.testng.TestNGCucumberRunner.lambda$runScenario$1(TestNGCucumberRunner.java:133)
at io.cucumber.core.runtime.CucumberExecutionContext.lambda$runTestCase$5(CucumberExecutionContext.java:136)
at io.cucumber.core.runtime.RethrowingThrowableCollector.executeAndThrow(RethrowingThrowableCollector.java:23)
at io.cucumber.core.runtime.CucumberExecutionContext.runTestCase(CucumberExecutionContext.java:136)
at io.cucumber.testng.TestNGCucumberRunner.runScenario(TestNGCucumberRunner.java:129)
at io.cucumber.testng.AbstractTestNGCucumberTests.runScenario(AbstractTestNGCucumberTests.java:35)
at jdk.internal.reflect.GeneratedMethodAccessor82.invoke(Unknown Source)
at java.base/jdk.internal.reflect.DelegatingMethodAccessorImpl.invoke(DelegatingMethodAccessorImpl.java:43)
at java.base/java.lang.reflect.Method.invoke(Method.java:568)
at org.testng.internal.invokers.MethodInvocationHelper.invokeMethod(MethodInvocationHelper.java:141)
at org.testng.internal.invokers.TestInvoker.invokeMethod(TestInvoker.java:686)
at org.testng.internal.invokers.TestInvoker.invokeTestMethod(TestInvoker.java:230)
at org.testng.internal.invokers.MethodRunner.runInSequence(MethodRunner.java:63)
at org.testng.internal.invokers.TestInvoker$MethodInvocationAgent.invoke(TestInvoker.java:992)
at org.testng.internal.invokers.TestInvoker.invokeTestMethods(TestInvoker.java:203)
at org.testng.internal.invokers.TestMethodWorker.invokeTestMethods(TestMethodWorker.java:154)
at org.testng.internal.invokers.TestMethodWorker.run(TestMethodWorker.java:134)
at java.base/java.util.ArrayList.forEach(ArrayList.java:1511)
at org.testng.TestRunner.privateRun(TestRunner.java:739)
at org.testng.TestRunner.run(TestRunner.java:614)
at org.testng.SuiteRunner.runTest(SuiteRunner.java:421)
at org.testng.SuiteRunner.runSequentially(SuiteRunner.java:413)
at org.testng.SuiteRunner.privateRun(SuiteRunner.java:373)
at org.testng.SuiteRunner.run(SuiteRunner.java:312)
at org.testng.SuiteRunnerWorker.runSuite(SuiteRunnerWorker.java:52)
at org.testng.SuiteRunnerWorker.run(SuiteRunnerWorker.java:95)
at org.testng.TestNG.runSuitesSequentially(TestNG.java:1274)
at org.testng.TestNG.runSuitesLocally(TestNG.java:1208)
at org.testng.TestNG.runSuites(TestNG.java:1112)
at org.testng.TestNG.run(TestNG.java:1079)
at org.testng.remote.AbstractRemoteTestNG.run(AbstractRemoteTestNG.java:115)
at org.testng.remote.RemoteTestNG.initAndRun(RemoteTestNG.java:293)
at org.testng.remote.RemoteTestNG.main(RemoteTestNG.java:91)
]]>
    </error>
  </testcase> <!-- runScenario -->
  <testcase classname="com.Capium.RunnerFiles.CapitalAllowances_CalculatorRunner" name="runScenario" time="137.815"/>
  <testcase classname="com.Capium.RunnerFiles.CapitalAllowances_CalculatorRunner" name="runScenario" time="152.082"/>
  <testcase classname="com.Capium.RunnerFiles.CapitalAllowances_CalculatorRunner" name="runScenario" time="131.956">
    <error message="Expected condition failed: waiting for visibility of element located by By.xpath: //input[@placeholder=&#039;Search here...&#039;] (tried for 15 second(s) with 500 milliseconds interval)
Build info: version: &#039;4.23.0&#039;, revision: &#039;4df0a231af&#039;
System info: os.name: &#039;Windows 11&#039;, os.arch: &#039;amd64&#039;, os.version: &#039;10.0&#039;, java.version: &#039;17.0.12&#039;
Driver info: org.openqa.selenium.chrome.ChromeDriver
Capabilities {acceptInsecureCerts: false, browserName: chrome, browserVersion: 140.0.7339.128, chrome: {chromedriverVersion: 140.0.7339.185 (eeea00e459e..., userDataDir: C:\Users\user\AppData\Local...}, fedcm:accounts: true, goog:chromeOptions: {debuggerAddress: localhost:62292}, networkConnectionEnabled: false, pageLoadStrategy: normal, platformName: windows, proxy: Proxy(), se:cdp: ws://localhost:62292/devtoo..., se:cdpVersion: 140.0.7339.128, setWindowRect: true, strictFileInteractability: false, timeouts: {implicit: 0, pageLoad: 300000, script: 30000}, unhandledPromptBehavior: dismiss and notify, webauthn:extension:credBlob: true, webauthn:extension:largeBlob: true, webauthn:extension:minPinLength: true, webauthn:extension:prf: true, webauthn:virtualAuthenticators: true}
Session ID: c726fb28e28efae597def8f32ba7c4be" type="org.openqa.selenium.TimeoutException">
      <![CDATA[org.openqa.selenium.TimeoutException: Expected condition failed: waiting for visibility of element located by By.xpath: //input[@placeholder='Search here...'] (tried for 15 second(s) with 500 milliseconds interval)
Build info: version: '4.23.0', revision: '4df0a231af'
System info: os.name: 'Windows 11', os.arch: 'amd64', os.version: '10.0', java.version: '17.0.12'
Driver info: org.openqa.selenium.chrome.ChromeDriver
Capabilities {acceptInsecureCerts: false, browserName: chrome, browserVersion: 140.0.7339.128, chrome: {chromedriverVersion: 140.0.7339.185 (eeea00e459e..., userDataDir: C:\Users\user\AppData\Local...}, fedcm:accounts: true, goog:chromeOptions: {debuggerAddress: localhost:62292}, networkConnectionEnabled: false, pageLoadStrategy: normal, platformName: windows, proxy: Proxy(), se:cdp: ws://localhost:62292/devtoo..., se:cdpVersion: 140.0.7339.128, setWindowRect: true, strictFileInteractability: false, timeouts: {implicit: 0, pageLoad: 300000, script: 30000}, unhandledPromptBehavior: dismiss and notify, webauthn:extension:credBlob: true, webauthn:extension:largeBlob: true, webauthn:extension:minPinLength: true, webauthn:extension:prf: true, webauthn:virtualAuthenticators: true}
Session ID: c726fb28e28efae597def8f32ba7c4be
at org.openqa.selenium.support.ui.WebDriverWait.timeoutException(WebDriverWait.java:84)
at org.openqa.selenium.support.ui.FluentWait.until(FluentWait.java:228)
at com.Capium.Actions.CapitalAllowancesActions.SearchTextfield(CapitalAllowancesActions.java:74)
at com.Capium.StepDefination.Capital_AllowancesStepDefination.search_a_client_and_verify(Capital_AllowancesStepDefination.java:23)
at ✽.Search a client and verify(file:///D:/CT%205.0/CorporationTax_5.0/src/test/resources/FeatureFiles/Capital_allowance.feature:1523)
]]>
    </error>
  </testcase> <!-- runScenario -->
  <testcase classname="com.Capium.RunnerFiles.CapitalAllowances_CalculatorRunner" name="runScenario" time="134.427"/>
  <testcase classname="com.Capium.RunnerFiles.CapitalAllowances_CalculatorRunner" name="runScenario" time="136.939"/>
  <testcase classname="com.Capium.RunnerFiles.CapitalAllowances_CalculatorRunner" name="runScenario" time="177.671"/>
  <testcase classname="com.Capium.RunnerFiles.CapitalAllowances_CalculatorRunner" name="runScenario" time="135.773"/>
  <testcase classname="com.Capium.RunnerFiles.CapitalAllowances_CalculatorRunner" name="runScenario" time="155.762"/>
  <testcase classname="com.Capium.RunnerFiles.CapitalAllowances_CalculatorRunner" name="runScenario" time="151.471"/>
  <testcase classname="com.Capium.RunnerFiles.CapitalAllowances_CalculatorRunner" name="runScenario" time="118.149"/>
  <testcase classname="com.Capium.RunnerFiles.CapitalAllowances_CalculatorRunner" name="runScenario" time="166.323"/>
  <testcase classname="com.Capium.RunnerFiles.CapitalAllowances_CalculatorRunner" name="runScenario" time="168.417"/>
  <testcase classname="com.Capium.RunnerFiles.CapitalAllowances_CalculatorRunner" name="runScenario" time="173.424">
    <error message="Expected condition failed: waiting for visibility of element located by By.xpath: //input[@placeholder=&#039;Search here...&#039;] (tried for 15 second(s) with 500 milliseconds interval)
Build info: version: &#039;4.23.0&#039;, revision: &#039;4df0a231af&#039;
System info: os.name: &#039;Windows 11&#039;, os.arch: &#039;amd64&#039;, os.version: &#039;10.0&#039;, java.version: &#039;17.0.12&#039;
Driver info: org.openqa.selenium.chrome.ChromeDriver
Capabilities {acceptInsecureCerts: false, browserName: chrome, browserVersion: 140.0.7339.128, chrome: {chromedriverVersion: 140.0.7339.185 (eeea00e459e..., userDataDir: C:\Users\user\AppData\Local...}, fedcm:accounts: true, goog:chromeOptions: {debuggerAddress: localhost:57815}, networkConnectionEnabled: false, pageLoadStrategy: normal, platformName: windows, proxy: Proxy(), se:cdp: ws://localhost:57815/devtoo..., se:cdpVersion: 140.0.7339.128, setWindowRect: true, strictFileInteractability: false, timeouts: {implicit: 0, pageLoad: 300000, script: 30000}, unhandledPromptBehavior: dismiss and notify, webauthn:extension:credBlob: true, webauthn:extension:largeBlob: true, webauthn:extension:minPinLength: true, webauthn:extension:prf: true, webauthn:virtualAuthenticators: true}
Session ID: 51185fe80cf22a32b48cae19a4573625" type="org.openqa.selenium.TimeoutException">
      <![CDATA[org.openqa.selenium.TimeoutException: Expected condition failed: waiting for visibility of element located by By.xpath: //input[@placeholder='Search here...'] (tried for 15 second(s) with 500 milliseconds interval)
Build info: version: '4.23.0', revision: '4df0a231af'
System info: os.name: 'Windows 11', os.arch: 'amd64', os.version: '10.0', java.version: '17.0.12'
Driver info: org.openqa.selenium.chrome.ChromeDriver
Capabilities {acceptInsecureCerts: false, browserName: chrome, browserVersion: 140.0.7339.128, chrome: {chromedriverVersion: 140.0.7339.185 (eeea00e459e..., userDataDir: C:\Users\user\AppData\Local...}, fedcm:accounts: true, goog:chromeOptions: {debuggerAddress: localhost:57815}, networkConnectionEnabled: false, pageLoadStrategy: normal, platformName: windows, proxy: Proxy(), se:cdp: ws://localhost:57815/devtoo..., se:cdpVersion: 140.0.7339.128, setWindowRect: true, strictFileInteractability: false, timeouts: {implicit: 0, pageLoad: 300000, script: 30000}, unhandledPromptBehavior: dismiss and notify, webauthn:extension:credBlob: true, webauthn:extension:largeBlob: true, webauthn:extension:minPinLength: true, webauthn:extension:prf: true, webauthn:virtualAuthenticators: true}
Session ID: 51185fe80cf22a32b48cae19a4573625
at org.openqa.selenium.support.ui.WebDriverWait.timeoutException(WebDriverWait.java:84)
at org.openqa.selenium.support.ui.FluentWait.until(FluentWait.java:228)
at com.Capium.Actions.CapitalAllowancesActions.SearchTextfield(CapitalAllowancesActions.java:74)
at com.Capium.StepDefination.Capital_AllowancesStepDefination.search_a_client_and_verify(Capital_AllowancesStepDefination.java:23)
at ✽.Search a client and verify(file:///D:/CT%205.0/CorporationTax_5.0/src/test/resources/FeatureFiles/Capital_allowance.feature:1272)
]]>
    </error>
  </testcase> <!-- runScenario -->
  <testcase classname="com.Capium.RunnerFiles.CapitalAllowances_CalculatorRunner" name="runScenario" time="83.660"/>
  <testcase classname="com.Capium.RunnerFiles.CapitalAllowances_CalculatorRunner" name="runScenario" time="154.306"/>
  <testcase classname="com.Capium.RunnerFiles.CapitalAllowances_CalculatorRunner" name="runScenario" time="139.638"/>
  <testcase classname="com.Capium.RunnerFiles.CapitalAllowances_CalculatorRunner" name="runScenario" time="127.786"/>
  <testcase classname="com.Capium.RunnerFiles.CapitalAllowances_CalculatorRunner" name="runScenario" time="77.668"/>
  <testcase classname="com.Capium.RunnerFiles.CapitalAllowances_CalculatorRunner" name="runScenario" time="141.582"/>
  <testcase classname="com.Capium.RunnerFiles.CapitalAllowances_CalculatorRunner" name="runScenario" time="136.049"/>
  <testcase classname="com.Capium.RunnerFiles.CapitalAllowances_CalculatorRunner" name="runScenario" time="144.212"/>
  <testcase classname="com.Capium.RunnerFiles.CapitalAllowances_CalculatorRunner" name="runScenario" time="133.118"/>
  <testcase classname="com.Capium.RunnerFiles.CapitalAllowances_CalculatorRunner" name="runScenario" time="127.797"/>
  <testcase classname="com.Capium.RunnerFiles.CapitalAllowances_CalculatorRunner" name="runScenario" time="133.161"/>
  <testcase classname="com.Capium.RunnerFiles.CapitalAllowances_CalculatorRunner" name="runScenario" time="150.740"/>
  <testcase classname="com.Capium.RunnerFiles.CapitalAllowances_CalculatorRunner" name="runScenario" time="137.131"/>
  <testcase classname="com.Capium.RunnerFiles.CapitalAllowances_CalculatorRunner" name="runScenario" time="130.576"/>
  <testcase classname="com.Capium.RunnerFiles.CapitalAllowances_CalculatorRunner" name="runScenario" time="121.103">
    <error message="Expected condition failed: waiting for visibility of element located by By.xpath: //input[@placeholder=&#039;Search here...&#039;] (tried for 15 second(s) with 500 milliseconds interval)
Build info: version: &#039;4.23.0&#039;, revision: &#039;4df0a231af&#039;
System info: os.name: &#039;Windows 11&#039;, os.arch: &#039;amd64&#039;, os.version: &#039;10.0&#039;, java.version: &#039;17.0.12&#039;
Driver info: org.openqa.selenium.chrome.ChromeDriver
Capabilities {acceptInsecureCerts: false, browserName: chrome, browserVersion: 140.0.7339.128, chrome: {chromedriverVersion: 140.0.7339.185 (eeea00e459e..., userDataDir: C:\Users\user\AppData\Local...}, fedcm:accounts: true, goog:chromeOptions: {debuggerAddress: localhost:59263}, networkConnectionEnabled: false, pageLoadStrategy: normal, platformName: windows, proxy: Proxy(), se:cdp: ws://localhost:59263/devtoo..., se:cdpVersion: 140.0.7339.128, setWindowRect: true, strictFileInteractability: false, timeouts: {implicit: 0, pageLoad: 300000, script: 30000}, unhandledPromptBehavior: dismiss and notify, webauthn:extension:credBlob: true, webauthn:extension:largeBlob: true, webauthn:extension:minPinLength: true, webauthn:extension:prf: true, webauthn:virtualAuthenticators: true}
Session ID: c9853f1c1aa2b8755300626e2a2df4dc" type="org.openqa.selenium.TimeoutException">
      <![CDATA[org.openqa.selenium.TimeoutException: Expected condition failed: waiting for visibility of element located by By.xpath: //input[@placeholder='Search here...'] (tried for 15 second(s) with 500 milliseconds interval)
Build info: version: '4.23.0', revision: '4df0a231af'
System info: os.name: 'Windows 11', os.arch: 'amd64', os.version: '10.0', java.version: '17.0.12'
Driver info: org.openqa.selenium.chrome.ChromeDriver
Capabilities {acceptInsecureCerts: false, browserName: chrome, browserVersion: 140.0.7339.128, chrome: {chromedriverVersion: 140.0.7339.185 (eeea00e459e..., userDataDir: C:\Users\user\AppData\Local...}, fedcm:accounts: true, goog:chromeOptions: {debuggerAddress: localhost:59263}, networkConnectionEnabled: false, pageLoadStrategy: normal, platformName: windows, proxy: Proxy(), se:cdp: ws://localhost:59263/devtoo..., se:cdpVersion: 140.0.7339.128, setWindowRect: true, strictFileInteractability: false, timeouts: {implicit: 0, pageLoad: 300000, script: 30000}, unhandledPromptBehavior: dismiss and notify, webauthn:extension:credBlob: true, webauthn:extension:largeBlob: true, webauthn:extension:minPinLength: true, webauthn:extension:prf: true, webauthn:virtualAuthenticators: true}
Session ID: c9853f1c1aa2b8755300626e2a2df4dc
at org.openqa.selenium.support.ui.WebDriverWait.timeoutException(WebDriverWait.java:84)
at org.openqa.selenium.support.ui.FluentWait.until(FluentWait.java:228)
at com.Capium.Actions.CapitalAllowancesActions.SearchTextfield(CapitalAllowancesActions.java:74)
at com.Capium.StepDefination.Capital_AllowancesStepDefination.search_a_client_and_verify(Capital_AllowancesStepDefination.java:23)
at ✽.Search a client and verify(file:///D:/CT%205.0/CorporationTax_5.0/src/test/resources/FeatureFiles/Capital_allowance.feature:516)
]]>
    </error>
  </testcase> <!-- runScenario -->
  <testcase classname="com.Capium.RunnerFiles.CapitalAllowances_CalculatorRunner" name="runScenario" time="161.881"/>
  <testcase classname="com.Capium.RunnerFiles.CapitalAllowances_CalculatorRunner" name="runScenario" time="188.751"/>
  <testcase classname="com.Capium.RunnerFiles.CapitalAllowances_CalculatorRunner" name="runScenario" time="146.854"/>
  <testcase classname="com.Capium.RunnerFiles.CapitalAllowances_CalculatorRunner" name="runScenario" time="143.834"/>
  <testcase classname="com.Capium.RunnerFiles.CapitalAllowances_CalculatorRunner" name="runScenario" time="130.820"/>
  <testcase classname="com.Capium.RunnerFiles.CapitalAllowances_CalculatorRunner" name="runScenario" time="225.950">
    <error message="Expected condition failed: waiting for visibility of element located by By.xpath: //input[@placeholder=&#039;Search here...&#039;] (tried for 15 second(s) with 500 milliseconds interval)
Build info: version: &#039;4.23.0&#039;, revision: &#039;4df0a231af&#039;
System info: os.name: &#039;Windows 11&#039;, os.arch: &#039;amd64&#039;, os.version: &#039;10.0&#039;, java.version: &#039;17.0.12&#039;
Driver info: org.openqa.selenium.chrome.ChromeDriver
Capabilities {acceptInsecureCerts: false, browserName: chrome, browserVersion: 140.0.7339.128, chrome: {chromedriverVersion: 140.0.7339.185 (eeea00e459e..., userDataDir: C:\Users\user\AppData\Local...}, fedcm:accounts: true, goog:chromeOptions: {debuggerAddress: localhost:52745}, networkConnectionEnabled: false, pageLoadStrategy: normal, platformName: windows, proxy: Proxy(), se:cdp: ws://localhost:52745/devtoo..., se:cdpVersion: 140.0.7339.128, setWindowRect: true, strictFileInteractability: false, timeouts: {implicit: 0, pageLoad: 300000, script: 30000}, unhandledPromptBehavior: dismiss and notify, webauthn:extension:credBlob: true, webauthn:extension:largeBlob: true, webauthn:extension:minPinLength: true, webauthn:extension:prf: true, webauthn:virtualAuthenticators: true}
Session ID: 4b52dd6efb39c70434d2efe644bdd7fa" type="org.openqa.selenium.TimeoutException">
      <![CDATA[org.openqa.selenium.TimeoutException: Expected condition failed: waiting for visibility of element located by By.xpath: //input[@placeholder='Search here...'] (tried for 15 second(s) with 500 milliseconds interval)
Build info: version: '4.23.0', revision: '4df0a231af'
System info: os.name: 'Windows 11', os.arch: 'amd64', os.version: '10.0', java.version: '17.0.12'
Driver info: org.openqa.selenium.chrome.ChromeDriver
Capabilities {acceptInsecureCerts: false, browserName: chrome, browserVersion: 140.0.7339.128, chrome: {chromedriverVersion: 140.0.7339.185 (eeea00e459e..., userDataDir: C:\Users\user\AppData\Local...}, fedcm:accounts: true, goog:chromeOptions: {debuggerAddress: localhost:52745}, networkConnectionEnabled: false, pageLoadStrategy: normal, platformName: windows, proxy: Proxy(), se:cdp: ws://localhost:52745/devtoo..., se:cdpVersion: 140.0.7339.128, setWindowRect: true, strictFileInteractability: false, timeouts: {implicit: 0, pageLoad: 300000, script: 30000}, unhandledPromptBehavior: dismiss and notify, webauthn:extension:credBlob: true, webauthn:extension:largeBlob: true, webauthn:extension:minPinLength: true, webauthn:extension:prf: true, webauthn:virtualAuthenticators: true}
Session ID: 4b52dd6efb39c70434d2efe644bdd7fa
at org.openqa.selenium.support.ui.WebDriverWait.timeoutException(WebDriverWait.java:84)
at org.openqa.selenium.support.ui.FluentWait.until(FluentWait.java:228)
at com.Capium.Actions.CapitalAllowancesActions.SearchTextfield(CapitalAllowancesActions.java:74)
at com.Capium.StepDefination.Capital_AllowancesStepDefination.search_a_client_and_verify(Capital_AllowancesStepDefination.java:23)
at ✽.Search a client and verify(file:///D:/CT%205.0/CorporationTax_5.0/src/test/resources/FeatureFiles/Capital_allowance.feature:117)
]]>
    </error>
  </testcase> <!-- runScenario -->
  <testcase classname="com.Capium.RunnerFiles.CapitalAllowances_CalculatorRunner" name="runScenario" time="141.066"/>
  <testcase classname="com.Capium.RunnerFiles.CapitalAllowances_CalculatorRunner" name="runScenario" time="178.142"/>
  <testcase classname="com.Capium.RunnerFiles.CapitalAllowances_CalculatorRunner" name="runScenario" time="151.819"/>
  <testcase classname="com.Capium.RunnerFiles.CapitalAllowances_CalculatorRunner" name="runScenario" time="140.222"/>
  <testcase classname="com.Capium.RunnerFiles.CapitalAllowances_CalculatorRunner" name="runScenario" time="132.950"/>
  <testcase classname="com.Capium.RunnerFiles.CapitalAllowances_CalculatorRunner" name="runScenario" time="134.396"/>
  <testcase classname="com.Capium.RunnerFiles.CapitalAllowances_CalculatorRunner" name="runScenario" time="137.850"/>
  <testcase classname="com.Capium.RunnerFiles.CapitalAllowances_CalculatorRunner" name="runScenario" time="145.925"/>
  <testcase classname="com.Capium.RunnerFiles.CapitalAllowances_CalculatorRunner" name="runScenario" time="142.766"/>
  <testcase classname="com.Capium.RunnerFiles.CapitalAllowances_CalculatorRunner" name="runScenario" time="147.788"/>
  <testcase classname="com.Capium.RunnerFiles.CapitalAllowances_CalculatorRunner" name="runScenario" time="140.500"/>
  <testcase classname="com.Capium.RunnerFiles.CapitalAllowances_CalculatorRunner" name="runScenario" time="141.704"/>
  <testcase classname="com.Capium.RunnerFiles.CapitalAllowances_CalculatorRunner" name="runScenario" time="132.224"/>
  <testcase classname="com.Capium.RunnerFiles.CapitalAllowances_CalculatorRunner" name="runScenario" time="145.540"/>
  <testcase classname="com.Capium.RunnerFiles.CapitalAllowances_CalculatorRunner" name="runScenario" time="140.567"/>
  <testcase classname="com.Capium.RunnerFiles.CapitalAllowances_CalculatorRunner" name="runScenario" time="122.472">
    <error message="Expected condition failed: waiting for visibility of element located by By.xpath: //input[@placeholder=&#039;Search here...&#039;] (tried for 15 second(s) with 500 milliseconds interval)
Build info: version: &#039;4.23.0&#039;, revision: &#039;4df0a231af&#039;
System info: os.name: &#039;Windows 11&#039;, os.arch: &#039;amd64&#039;, os.version: &#039;10.0&#039;, java.version: &#039;17.0.12&#039;
Driver info: org.openqa.selenium.chrome.ChromeDriver
Capabilities {acceptInsecureCerts: false, browserName: chrome, browserVersion: 140.0.7339.128, chrome: {chromedriverVersion: 140.0.7339.185 (eeea00e459e..., userDataDir: C:\Users\user\AppData\Local...}, fedcm:accounts: true, goog:chromeOptions: {debuggerAddress: localhost:52243}, networkConnectionEnabled: false, pageLoadStrategy: normal, platformName: windows, proxy: Proxy(), se:cdp: ws://localhost:52243/devtoo..., se:cdpVersion: 140.0.7339.128, setWindowRect: true, strictFileInteractability: false, timeouts: {implicit: 0, pageLoad: 300000, script: 30000}, unhandledPromptBehavior: dismiss and notify, webauthn:extension:credBlob: true, webauthn:extension:largeBlob: true, webauthn:extension:minPinLength: true, webauthn:extension:prf: true, webauthn:virtualAuthenticators: true}
Session ID: 93ed2b13e617e4243735145c723d2519" type="org.openqa.selenium.TimeoutException">
      <![CDATA[org.openqa.selenium.TimeoutException: Expected condition failed: waiting for visibility of element located by By.xpath: //input[@placeholder='Search here...'] (tried for 15 second(s) with 500 milliseconds interval)
Build info: version: '4.23.0', revision: '4df0a231af'
System info: os.name: 'Windows 11', os.arch: 'amd64', os.version: '10.0', java.version: '17.0.12'
Driver info: org.openqa.selenium.chrome.ChromeDriver
Capabilities {acceptInsecureCerts: false, browserName: chrome, browserVersion: 140.0.7339.128, chrome: {chromedriverVersion: 140.0.7339.185 (eeea00e459e..., userDataDir: C:\Users\user\AppData\Local...}, fedcm:accounts: true, goog:chromeOptions: {debuggerAddress: localhost:52243}, networkConnectionEnabled: false, pageLoadStrategy: normal, platformName: windows, proxy: Proxy(), se:cdp: ws://localhost:52243/devtoo..., se:cdpVersion: 140.0.7339.128, setWindowRect: true, strictFileInteractability: false, timeouts: {implicit: 0, pageLoad: 300000, script: 30000}, unhandledPromptBehavior: dismiss and notify, webauthn:extension:credBlob: true, webauthn:extension:largeBlob: true, webauthn:extension:minPinLength: true, webauthn:extension:prf: true, webauthn:virtualAuthenticators: true}
Session ID: 93ed2b13e617e4243735145c723d2519
at org.openqa.selenium.support.ui.WebDriverWait.timeoutException(WebDriverWait.java:84)
at org.openqa.selenium.support.ui.FluentWait.until(FluentWait.java:228)
at com.Capium.Actions.CapitalAllowancesActions.SearchTextfield(CapitalAllowancesActions.java:74)
at com.Capium.StepDefination.Capital_AllowancesStepDefination.search_a_client_and_verify(Capital_AllowancesStepDefination.java:23)
at ✽.Search a client and verify(file:///D:/CT%205.0/CorporationTax_5.0/src/test/resources/FeatureFiles/Capital_allowance.feature:42)
]]>
    </error>
  </testcase> <!-- runScenario -->
  <testcase classname="com.Capium.RunnerFiles.CapitalAllowances_CalculatorRunner" name="runScenario" time="140.571"/>
  <testcase classname="com.Capium.RunnerFiles.CapitalAllowances_CalculatorRunner" name="runScenario" time="147.432"/>
  <testcase classname="com.Capium.RunnerFiles.CapitalAllowances_CalculatorRunner" name="runScenario" time="130.754"/>
</testsuite> <!-- com.Capium.RunnerFiles.CapitalAllowances_CalculatorRunner -->
